<?xml version="1.0" encoding="UTF-8"?>
<robot generator="Robot 7.2.2 (Python 3.12.2 on win32)" generated="2025-05-31T14:32:30.502677" rpa="false" schemaversion="5">
<suite id="s1" name="Test Script" source="C:\Users\user\Desktop\Appium Testing\AntennaPod\test_script">
<suite id="s1-s1" name="UC-QC-05" source="C:\Users\user\Desktop\Appium Testing\AntennaPod\test_script\UC-QC-05.robot">
<test id="s1-s1-t1" name="Sort empty queue" line="13">
<kw name="Open Application" owner="AppiumLibrary" type="SETUP">
<arg>${REMOTE_URL}</arg>
<arg>platformName=${PLATFORM_NAME}</arg>
<arg>automationName=${AUTOMATION_NAME}</arg>
<arg>deviceName=${DEVICE_NAME}</arg>
<arg>appPackage=${APP_PACKAGE}</arg>
<arg>appActivity=${APP_ACTIVITY}</arg>
<doc>Opens a new application to given Appium server.
Capabilities of appium server, Android and iOS,
Please check https://appium.io/docs/en/2.1/cli/args/
| *Option*            | *Man.* | *Description*     |
| remote_url          | Yes    | Appium server url |
| alias               | no     | alias             |
| strict_ssl          | No     | allows you to send commands to an invalid certificate host like a self-signed one. |</doc>
<status status="PASS" start="2025-05-31T14:32:30.725280" elapsed="5.247980"/>
</kw>
<kw name="Wait Until Element Is Visible" owner="AppiumLibrary">
<msg time="2025-05-31T14:32:37.458420" level="INFO">xpath criteria: (//android.widget.ImageView[@resource-id="de.danoeh.antennapod.debug:id/navigation_bar_item_icon_view"])[2]</msg>
<arg>xpath=(//android.widget.ImageView[@resource-id="de.danoeh.antennapod.debug:id/navigation_bar_item_icon_view"])[2]</arg>
<arg>timeout=10</arg>
<doc>Waits until element specified with `locator` is visible.</doc>
<status status="PASS" start="2025-05-31T14:32:35.974261" elapsed="1.484159"/>
</kw>
<kw name="Click Element" owner="AppiumLibrary">
<msg time="2025-05-31T14:32:37.459421" level="INFO">Clicking element 'xpath=(//android.widget.ImageView[@resource-id="de.danoeh.antennapod.debug:id/navigation_bar_item_icon_view"])[2]'.</msg>
<msg time="2025-05-31T14:32:38.729642" level="INFO">xpath criteria: (//android.widget.ImageView[@resource-id="de.danoeh.antennapod.debug:id/navigation_bar_item_icon_view"])[2]</msg>
<arg>xpath=(//android.widget.ImageView[@resource-id="de.danoeh.antennapod.debug:id/navigation_bar_item_icon_view"])[2]</arg>
<doc>Click element identified by `locator`.</doc>
<status status="PASS" start="2025-05-31T14:32:37.459421" elapsed="1.270221"/>
</kw>
<kw name="Wait Until Element Is Visible" owner="AppiumLibrary">
<msg time="2025-05-31T14:32:38.823646" level="INFO">xpath criteria: //android.widget.ImageView[@content-desc="More options"]</msg>
<arg>xpath=//android.widget.ImageView[@content-desc="More options"]</arg>
<arg>timeout=10</arg>
<doc>Waits until element specified with `locator` is visible.</doc>
<status status="PASS" start="2025-05-31T14:32:38.729642" elapsed="0.094004"/>
</kw>
<kw name="Click Element" owner="AppiumLibrary">
<msg time="2025-05-31T14:32:38.825161" level="INFO">Clicking element 'xpath=//android.widget.ImageView[@content-desc="More options"]'.</msg>
<msg time="2025-05-31T14:32:38.970406" level="INFO">xpath criteria: //android.widget.ImageView[@content-desc="More options"]</msg>
<arg>xpath=//android.widget.ImageView[@content-desc="More options"]</arg>
<doc>Click element identified by `locator`.</doc>
<status status="PASS" start="2025-05-31T14:32:38.824168" elapsed="0.146238"/>
</kw>
<kw name="Wait Until Element Is Visible" owner="AppiumLibrary">
<msg time="2025-05-31T14:32:40.024991" level="INFO">xpath criteria: //android.widget.TextView[@resource-id="de.danoeh.antennapod.debug:id/title" and @text="Sort"]
xpath criteria: //android.widget.TextView[@resource-id="de.danoeh.antennapod.debug:id/title" and @text="Sort"]</msg>
<arg>xpath=//android.widget.TextView[@resource-id="de.danoeh.antennapod.debug:id/title" and @text="Sort"]</arg>
<arg>timeout=10</arg>
<doc>Waits until element specified with `locator` is visible.</doc>
<status status="PASS" start="2025-05-31T14:32:38.970406" elapsed="1.054585"/>
</kw>
<kw name="Click Element" owner="AppiumLibrary">
<msg time="2025-05-31T14:32:40.025987" level="INFO">Clicking element 'xpath=//android.widget.TextView[@resource-id="de.danoeh.antennapod.debug:id/title" and @text="Sort"]'.</msg>
<msg time="2025-05-31T14:32:41.397163" level="INFO">xpath criteria: //android.widget.TextView[@resource-id="de.danoeh.antennapod.debug:id/title" and @text="Sort"]</msg>
<arg>xpath=//android.widget.TextView[@resource-id="de.danoeh.antennapod.debug:id/title" and @text="Sort"]</arg>
<doc>Click element identified by `locator`.</doc>
<status status="PASS" start="2025-05-31T14:32:40.024991" elapsed="1.372172"/>
</kw>
<kw name="Wait Until Element Is Visible" owner="AppiumLibrary">
<msg time="2025-05-31T14:32:41.444158" level="INFO">xpath criteria: //android.widget.Button[@resource-id="de.danoeh.antennapod.debug:id/button" and @text="Episode title"]</msg>
<arg>xpath=//android.widget.Button[@resource-id="de.danoeh.antennapod.debug:id/button" and @text="Episode title"]</arg>
<arg>timeout=10</arg>
<doc>Waits until element specified with `locator` is visible.</doc>
<status status="PASS" start="2025-05-31T14:32:41.397163" elapsed="0.046995"/>
</kw>
<kw name="Click Element" owner="AppiumLibrary">
<msg time="2025-05-31T14:32:41.445163" level="INFO">Clicking element 'xpath=//android.widget.Button[@resource-id="de.danoeh.antennapod.debug:id/button" and @text="Episode title"]'.</msg>
<msg time="2025-05-31T14:32:42.153062" level="INFO">xpath criteria: //android.widget.Button[@resource-id="de.danoeh.antennapod.debug:id/button" and @text="Episode title"]</msg>
<arg>xpath=//android.widget.Button[@resource-id="de.danoeh.antennapod.debug:id/button" and @text="Episode title"]</arg>
<doc>Click element identified by `locator`.</doc>
<status status="PASS" start="2025-05-31T14:32:41.444158" elapsed="0.708904"/>
</kw>
<kw name="Click Element" owner="AppiumLibrary">
<msg time="2025-05-31T14:32:42.154061" level="INFO">Clicking element 'xpath=//android.view.View[@resource-id="de.danoeh.antennapod.debug:id/touch_outside"]'.</msg>
<msg time="2025-05-31T14:32:42.780168" level="INFO">xpath criteria: //android.view.View[@resource-id="de.danoeh.antennapod.debug:id/touch_outside"]</msg>
<arg>xpath=//android.view.View[@resource-id="de.danoeh.antennapod.debug:id/touch_outside"]</arg>
<doc>Click element identified by `locator`.</doc>
<status status="PASS" start="2025-05-31T14:32:42.153062" elapsed="0.627106"/>
</kw>
<kw name="Wait Until Element Is Visible" owner="AppiumLibrary">
<msg time="2025-05-31T14:32:42.823168" level="INFO">criteria is de.danoeh.antennapod.debug:id/emptyViewTitle</msg>
<arg>id=de.danoeh.antennapod.debug:id/emptyViewTitle</arg>
<arg>timeout=5</arg>
<doc>Waits until element specified with `locator` is visible.</doc>
<status status="PASS" start="2025-05-31T14:32:42.780168" elapsed="0.043000"/>
</kw>
<kw name="Element Text Should Be" owner="AppiumLibrary">
<msg time="2025-05-31T14:32:42.824168" level="INFO">Verifying element 'id=de.danoeh.antennapod.debug:id/emptyViewTitle' contains exactly text 'No queued episodes'.</msg>
<msg time="2025-05-31T14:32:42.885170" level="INFO">criteria is de.danoeh.antennapod.debug:id/emptyViewTitle</msg>
<arg>id=de.danoeh.antennapod.debug:id/emptyViewTitle</arg>
<arg>No queued episodes</arg>
<doc>Verifies element identified by ``locator`` exactly contains text ``expected``.</doc>
<status status="PASS" start="2025-05-31T14:32:42.823168" elapsed="0.062002"/>
</kw>
<kw name="Reset App And Close" owner="keywords" type="TEARDOWN">
<kw name="Run Process" owner="Process">
<msg time="2025-05-31T14:32:42.886168" level="INFO">Starting process:
adb shell "pm clear de.danoeh.antennapod.debug"</msg>
<msg time="2025-05-31T14:32:42.889167" level="INFO">Waiting for process to complete.</msg>
<msg time="2025-05-31T14:32:43.084169" level="INFO">Process completed.</msg>
<arg>adb</arg>
<arg>shell</arg>
<arg>pm clear ${APP_PACKAGE}</arg>
<doc>Runs a process and waits for it to complete.</doc>
<status status="PASS" start="2025-05-31T14:32:42.885170" elapsed="0.198999"/>
</kw>
<kw name="Sleep" owner="BuiltIn">
<msg time="2025-05-31T14:32:44.084422" level="INFO">Slept 1 second.</msg>
<arg>1s</arg>
<doc>Pauses the test executed for the given time.</doc>
<status status="PASS" start="2025-05-31T14:32:43.084169" elapsed="1.000253"/>
</kw>
<kw name="Close Application" owner="AppiumLibrary">
<doc>Closes the current application and also close webdriver session.</doc>
<status status="PASS" start="2025-05-31T14:32:44.084422" elapsed="0.292931"/>
</kw>
<status status="PASS" start="2025-05-31T14:32:42.885170" elapsed="1.492183"/>
</kw>
<status status="PASS" start="2025-05-31T14:32:30.724281" elapsed="13.654076"/>
</test>
<test id="s1-s1-t2" name="Sort queue with one podcast" line="38">
<kw name="Open Application" owner="AppiumLibrary" type="SETUP">
<arg>${REMOTE_URL}</arg>
<arg>platformName=${PLATFORM_NAME}</arg>
<arg>automationName=${AUTOMATION_NAME}</arg>
<arg>deviceName=${DEVICE_NAME}</arg>
<arg>appPackage=${APP_PACKAGE}</arg>
<arg>appActivity=${APP_ACTIVITY}</arg>
<doc>Opens a new application to given Appium server.
Capabilities of appium server, Android and iOS,
Please check https://appium.io/docs/en/2.1/cli/args/
| *Option*            | *Man.* | *Description*     |
| remote_url          | Yes    | Appium server url |
| alias               | no     | alias             |
| strict_ssl          | No     | allows you to send commands to an invalid certificate host like a self-signed one. |</doc>
<status status="PASS" start="2025-05-31T14:32:44.378357" elapsed="5.418463"/>
</kw>
<kw name="Prepare Queue With One Podcast" owner="keywords">
<kw name="Wait Until Page Contains Element" owner="AppiumLibrary">
<msg time="2025-05-31T14:32:50.921821" level="INFO">criteria is de.danoeh.antennapod.debug:id/action_search</msg>
<arg>id=de.danoeh.antennapod.debug:id/action_search</arg>
<arg>timeout=10s</arg>
<doc>Waits until element specified with `locator` appears on current page.</doc>
<status status="PASS" start="2025-05-31T14:32:49.797819" elapsed="1.124002"/>
</kw>
<kw name="Click Element" owner="AppiumLibrary">
<msg time="2025-05-31T14:32:50.923821" level="INFO">Clicking element 'id=de.danoeh.antennapod.debug:id/action_search'.</msg>
<msg time="2025-05-31T14:32:51.054821" level="INFO">criteria is de.danoeh.antennapod.debug:id/action_search</msg>
<arg>id=de.danoeh.antennapod.debug:id/action_search</arg>
<doc>Click element identified by `locator`.</doc>
<status status="PASS" start="2025-05-31T14:32:50.922822" elapsed="0.131999"/>
</kw>
<kw name="Wait Until Element Is Visible" owner="AppiumLibrary">
<msg time="2025-05-31T14:32:52.620052" level="INFO">criteria is de.danoeh.antennapod.debug:id/search_src_text</msg>
<arg>id=de.danoeh.antennapod.debug:id/search_src_text</arg>
<arg>timeout=10</arg>
<doc>Waits until element specified with `locator` is visible.</doc>
<status status="PASS" start="2025-05-31T14:32:51.054821" elapsed="1.565231"/>
</kw>
<kw name="Input Text" owner="AppiumLibrary">
<msg time="2025-05-31T14:32:52.621052" level="INFO">Typing text 'nba' into text field 'id=de.danoeh.antennapod.debug:id/search_src_text'</msg>
<msg time="2025-05-31T14:32:53.363300" level="INFO">criteria is de.danoeh.antennapod.debug:id/search_src_text</msg>
<arg>id=de.danoeh.antennapod.debug:id/search_src_text</arg>
<arg>nba</arg>
<doc>Types the given `text` into text field identified by `locator`.</doc>
<status status="PASS" start="2025-05-31T14:32:52.620052" elapsed="0.743248"/>
</kw>
<kw name="Wait Until Element Is Visible" owner="AppiumLibrary">
<msg time="2025-05-31T14:32:54.976959" level="INFO">criteria is de.danoeh.antennapod.debug:id/actionButton</msg>
<arg>id=de.danoeh.antennapod.debug:id/actionButton</arg>
<arg>timeout=10</arg>
<doc>Waits until element specified with `locator` is visible.</doc>
<status status="PASS" start="2025-05-31T14:32:53.363300" elapsed="1.613659"/>
</kw>
<kw name="Click Element" owner="AppiumLibrary">
<msg time="2025-05-31T14:32:54.978959" level="INFO">Clicking element 'id=de.danoeh.antennapod.debug:id/actionButton'.</msg>
<msg time="2025-05-31T14:32:55.174125" level="INFO">criteria is de.danoeh.antennapod.debug:id/actionButton</msg>
<arg>id=de.danoeh.antennapod.debug:id/actionButton</arg>
<doc>Click element identified by `locator`.</doc>
<status status="PASS" start="2025-05-31T14:32:54.977957" elapsed="0.196168"/>
</kw>
<kw name="Wait Until Element Is Visible" owner="AppiumLibrary">
<msg time="2025-05-31T14:32:58.463776" level="INFO">xpath criteria: //android.widget.TextView[@resource-id="de.danoeh.antennapod.debug:id/txtvTitle" and @text="The Athletic NBA Daily"]
xpath criteria: //android.widget.TextView[@resource-id="de.danoeh.antennapod.debug:id/txtvTitle" and @text="The Athletic NBA Daily"]
xpath criteria: //android.widget.TextView[@resource-id="de.danoeh.antennapod.debug:id/txtvTitle" and @text="The Athletic NBA Daily"]</msg>
<arg>xpath=//android.widget.TextView[@resource-id="de.danoeh.antennapod.debug:id/txtvTitle" and @text="The Athletic NBA Daily"]</arg>
<arg>timeout=15</arg>
<doc>Waits until element specified with `locator` is visible.</doc>
<status status="PASS" start="2025-05-31T14:32:55.175125" elapsed="3.288651"/>
</kw>
<kw name="Click Element" owner="AppiumLibrary">
<msg time="2025-05-31T14:32:58.464774" level="INFO">Clicking element 'xpath=//android.widget.TextView[@resource-id="de.danoeh.antennapod.debug:id/txtvTitle" and @text="The Athletic NBA Daily"]'.</msg>
<msg time="2025-05-31T14:32:59.486823" level="INFO">xpath criteria: //android.widget.TextView[@resource-id="de.danoeh.antennapod.debug:id/txtvTitle" and @text="The Athletic NBA Daily"]</msg>
<arg>xpath=//android.widget.TextView[@resource-id="de.danoeh.antennapod.debug:id/txtvTitle" and @text="The Athletic NBA Daily"]</arg>
<doc>Click element identified by `locator`.</doc>
<status status="PASS" start="2025-05-31T14:32:58.463776" elapsed="1.023047"/>
</kw>
<kw name="Wait Until Element Is Visible" owner="AppiumLibrary">
<msg time="2025-05-31T14:33:06.006389" level="INFO">xpath criteria: //android.widget.TextView[@resource-id="de.danoeh.antennapod.debug:id/txtvTitle" and @text="Can the Knicks force game 7?"]
xpath criteria: //android.widget.TextView[@resource-id="de.danoeh.antennapod.debug:id/txtvTitle" and @text="Can the Knicks force game 7?"]
xpath criteria: //android.widget.TextView[@resource-id="de.danoeh.antennapod.debug:id/txtvTitle" and @text="Can the Knicks force game 7?"]
xpath criteria: //android.widget.TextView[@resource-id="de.danoeh.antennapod.debug:id/txtvTitle" and @text="Can the Knicks force game 7?"]
xpath criteria: //android.widget.TextView[@resource-id="de.danoeh.antennapod.debug:id/txtvTitle" and @text="Can the Knicks force game 7?"]
xpath criteria: //android.widget.TextView[@resource-id="de.danoeh.antennapod.debug:id/txtvTitle" and @text="Can the Knicks force game 7?"]
xpath criteria: //android.widget.TextView[@resource-id="de.danoeh.antennapod.debug:id/txtvTitle" and @text="Can the Knicks force game 7?"]
xpath criteria: //android.widget.TextView[@resource-id="de.danoeh.antennapod.debug:id/txtvTitle" and @text="Can the Knicks force game 7?"]
xpath criteria: //android.widget.TextView[@resource-id="de.danoeh.antennapod.debug:id/txtvTitle" and @text="Can the Knicks force game 7?"]
xpath criteria: //android.widget.TextView[@resource-id="de.danoeh.antennapod.debug:id/txtvTitle" and @text="Can the Knicks force game 7?"]
xpath criteria: //android.widget.TextView[@resource-id="de.danoeh.antennapod.debug:id/txtvTitle" and @text="Can the Knicks force game 7?"]
xpath criteria: //android.widget.TextView[@resource-id="de.danoeh.antennapod.debug:id/txtvTitle" and @text="Can the Knicks force game 7?"]
xpath criteria: //android.widget.TextView[@resource-id="de.danoeh.antennapod.debug:id/txtvTitle" and @text="Can the Knicks force game 7?"]
xpath criteria: //android.widget.TextView[@resource-id="de.danoeh.antennapod.debug:id/txtvTitle" and @text="Can the Knicks force game 7?"]
xpath criteria: //android.widget.TextView[@resource-id="de.danoeh.antennapod.debug:id/txtvTitle" and @text="Can the Knicks force game 7?"]
xpath criteria: //android.widget.TextView[@resource-id="de.danoeh.antennapod.debug:id/txtvTitle" and @text="Can the Knicks force game 7?"]
xpath criteria: //android.widget.TextView[@resource-id="de.danoeh.antennapod.debug:id/txtvTitle" and @text="Can the Knicks force game 7?"]
xpath criteria: //android.widget.TextView[@resource-id="de.danoeh.antennapod.debug:id/txtvTitle" and @text="Can the Knicks force game 7?"]
xpath criteria: //android.widget.TextView[@resource-id="de.danoeh.antennapod.debug:id/txtvTitle" and @text="Can the Knicks force game 7?"]</msg>
<arg>xpath=//android.widget.TextView[@resource-id="de.danoeh.antennapod.debug:id/txtvTitle" and @text="Can the Knicks force game 7?"]</arg>
<arg>timeout=15</arg>
<doc>Waits until element specified with `locator` is visible.</doc>
<status status="PASS" start="2025-05-31T14:32:59.486823" elapsed="6.519566"/>
</kw>
<kw name="Click Element" owner="AppiumLibrary">
<msg time="2025-05-31T14:33:06.007390" level="INFO">Clicking element 'xpath=//android.widget.TextView[@resource-id="de.danoeh.antennapod.debug:id/txtvTitle" and @text="Can the Knicks force game 7?"]'.</msg>
<msg time="2025-05-31T14:33:06.179394" level="INFO">xpath criteria: //android.widget.TextView[@resource-id="de.danoeh.antennapod.debug:id/txtvTitle" and @text="Can the Knicks force game 7?"]</msg>
<arg>xpath=//android.widget.TextView[@resource-id="de.danoeh.antennapod.debug:id/txtvTitle" and @text="Can the Knicks force game 7?"]</arg>
<doc>Click element identified by `locator`.</doc>
<status status="PASS" start="2025-05-31T14:33:06.006389" elapsed="0.173005"/>
</kw>
<kw name="Wait Until Element Is Visible" owner="AppiumLibrary">
<msg time="2025-05-31T14:33:08.034374" level="INFO">criteria is de.danoeh.antennapod.debug:id/butAction1Text</msg>
<arg>id=de.danoeh.antennapod.debug:id/butAction1Text</arg>
<arg>timeout=10</arg>
<doc>Waits until element specified with `locator` is visible.</doc>
<status status="PASS" start="2025-05-31T14:33:06.180390" elapsed="1.853984"/>
</kw>
<kw name="Click Element" owner="AppiumLibrary">
<msg time="2025-05-31T14:33:08.035375" level="INFO">Clicking element 'id=de.danoeh.antennapod.debug:id/butAction1Text'.</msg>
<msg time="2025-05-31T14:33:08.154380" level="INFO">criteria is de.danoeh.antennapod.debug:id/butAction1Text</msg>
<arg>id=de.danoeh.antennapod.debug:id/butAction1Text</arg>
<doc>Click element identified by `locator`.</doc>
<status status="PASS" start="2025-05-31T14:33:08.034374" elapsed="0.120006"/>
</kw>
<kw name="Wait Until Element Is Visible" owner="AppiumLibrary">
<msg time="2025-05-31T14:33:10.007415" level="INFO">xpath criteria: //android.widget.ImageButton[@content-desc="Back"]</msg>
<arg>xpath=//android.widget.ImageButton[@content-desc="Back"]</arg>
<arg>timeout=10</arg>
<doc>Waits until element specified with `locator` is visible.</doc>
<status status="PASS" start="2025-05-31T14:33:08.154380" elapsed="1.853035"/>
</kw>
<kw name="Click Element" owner="AppiumLibrary">
<msg time="2025-05-31T14:33:10.008412" level="INFO">Clicking element 'xpath=//android.widget.ImageButton[@content-desc="Back"]'.</msg>
<msg time="2025-05-31T14:33:10.122426" level="INFO">xpath criteria: //android.widget.ImageButton[@content-desc="Back"]</msg>
<arg>xpath=//android.widget.ImageButton[@content-desc="Back"]</arg>
<doc>Click element identified by `locator`.</doc>
<status status="PASS" start="2025-05-31T14:33:10.007415" elapsed="0.115011"/>
</kw>
<kw name="Wait Until Element Is Visible" owner="AppiumLibrary">
<msg time="2025-05-31T14:33:11.500454" level="INFO">xpath criteria: //android.widget.ImageButton[@content-desc="Back"]</msg>
<arg>xpath=//android.widget.ImageButton[@content-desc="Back"]</arg>
<arg>timeout=10</arg>
<doc>Waits until element specified with `locator` is visible.</doc>
<status status="PASS" start="2025-05-31T14:33:10.122426" elapsed="1.378028"/>
</kw>
<kw name="Click Element" owner="AppiumLibrary">
<msg time="2025-05-31T14:33:11.501457" level="INFO">Clicking element 'xpath=//android.widget.ImageButton[@content-desc="Back"]'.</msg>
<msg time="2025-05-31T14:33:11.660625" level="INFO">xpath criteria: //android.widget.ImageButton[@content-desc="Back"]</msg>
<arg>xpath=//android.widget.ImageButton[@content-desc="Back"]</arg>
<doc>Click element identified by `locator`.</doc>
<status status="PASS" start="2025-05-31T14:33:11.500454" elapsed="0.160171"/>
</kw>
<status status="PASS" start="2025-05-31T14:32:49.797819" elapsed="21.862806"/>
</kw>
<kw name="Wait Until Element Is Visible" owner="AppiumLibrary">
<msg time="2025-05-31T14:33:12.487656" level="INFO">xpath criteria: (//android.widget.ImageView[@resource-id="de.danoeh.antennapod.debug:id/navigation_bar_item_icon_view"])[2]</msg>
<arg>xpath=(//android.widget.ImageView[@resource-id="de.danoeh.antennapod.debug:id/navigation_bar_item_icon_view"])[2]</arg>
<arg>timeout=10</arg>
<doc>Waits until element specified with `locator` is visible.</doc>
<status status="PASS" start="2025-05-31T14:33:11.661625" elapsed="0.827030"/>
</kw>
<kw name="Click Element" owner="AppiumLibrary">
<msg time="2025-05-31T14:33:12.489657" level="INFO">Clicking element 'xpath=(//android.widget.ImageView[@resource-id="de.danoeh.antennapod.debug:id/navigation_bar_item_icon_view"])[2]'.</msg>
<msg time="2025-05-31T14:33:12.651656" level="INFO">xpath criteria: (//android.widget.ImageView[@resource-id="de.danoeh.antennapod.debug:id/navigation_bar_item_icon_view"])[2]</msg>
<arg>xpath=(//android.widget.ImageView[@resource-id="de.danoeh.antennapod.debug:id/navigation_bar_item_icon_view"])[2]</arg>
<doc>Click element identified by `locator`.</doc>
<status status="PASS" start="2025-05-31T14:33:12.488655" elapsed="0.163001"/>
</kw>
<kw name="Wait Until Element Is Visible" owner="AppiumLibrary">
<msg time="2025-05-31T14:33:14.522218" level="INFO">xpath criteria: //android.widget.ImageView[@content-desc="More options"]</msg>
<arg>xpath=//android.widget.ImageView[@content-desc="More options"]</arg>
<arg>timeout=10</arg>
<doc>Waits until element specified with `locator` is visible.</doc>
<status status="PASS" start="2025-05-31T14:33:12.651656" elapsed="1.870562"/>
</kw>
<kw name="Click Element" owner="AppiumLibrary">
<msg time="2025-05-31T14:33:14.523217" level="INFO">Clicking element 'xpath=//android.widget.ImageView[@content-desc="More options"]'.</msg>
<msg time="2025-05-31T14:33:15.534469" level="INFO">xpath criteria: //android.widget.ImageView[@content-desc="More options"]</msg>
<arg>xpath=//android.widget.ImageView[@content-desc="More options"]</arg>
<doc>Click element identified by `locator`.</doc>
<status status="PASS" start="2025-05-31T14:33:14.522218" elapsed="1.012251"/>
</kw>
<kw name="Wait Until Element Is Visible" owner="AppiumLibrary">
<msg time="2025-05-31T14:33:16.561364" level="INFO">xpath criteria: //android.widget.TextView[@resource-id="de.danoeh.antennapod.debug:id/title" and @text="Sort"]
xpath criteria: //android.widget.TextView[@resource-id="de.danoeh.antennapod.debug:id/title" and @text="Sort"]</msg>
<arg>xpath=//android.widget.TextView[@resource-id="de.danoeh.antennapod.debug:id/title" and @text="Sort"]</arg>
<arg>timeout=10</arg>
<doc>Waits until element specified with `locator` is visible.</doc>
<status status="PASS" start="2025-05-31T14:33:15.534469" elapsed="1.026895"/>
</kw>
<kw name="Click Element" owner="AppiumLibrary">
<msg time="2025-05-31T14:33:16.562364" level="INFO">Clicking element 'xpath=//android.widget.TextView[@resource-id="de.danoeh.antennapod.debug:id/title" and @text="Sort"]'.</msg>
<msg time="2025-05-31T14:33:17.928529" level="INFO">xpath criteria: //android.widget.TextView[@resource-id="de.danoeh.antennapod.debug:id/title" and @text="Sort"]</msg>
<arg>xpath=//android.widget.TextView[@resource-id="de.danoeh.antennapod.debug:id/title" and @text="Sort"]</arg>
<doc>Click element identified by `locator`.</doc>
<status status="PASS" start="2025-05-31T14:33:16.562364" elapsed="1.366165"/>
</kw>
<kw name="Wait Until Element Is Visible" owner="AppiumLibrary">
<msg time="2025-05-31T14:33:17.969527" level="INFO">xpath criteria: //android.widget.Button[@resource-id="de.danoeh.antennapod.debug:id/button" and @text="Episode title"]</msg>
<arg>xpath=//android.widget.Button[@resource-id="de.danoeh.antennapod.debug:id/button" and @text="Episode title"]</arg>
<arg>timeout=10</arg>
<doc>Waits until element specified with `locator` is visible.</doc>
<status status="PASS" start="2025-05-31T14:33:17.929527" elapsed="0.040000"/>
</kw>
<kw name="Click Element" owner="AppiumLibrary">
<msg time="2025-05-31T14:33:17.970527" level="INFO">Clicking element 'xpath=//android.widget.Button[@resource-id="de.danoeh.antennapod.debug:id/button" and @text="Episode title"]'.</msg>
<msg time="2025-05-31T14:33:18.664489" level="INFO">xpath criteria: //android.widget.Button[@resource-id="de.danoeh.antennapod.debug:id/button" and @text="Episode title"]</msg>
<arg>xpath=//android.widget.Button[@resource-id="de.danoeh.antennapod.debug:id/button" and @text="Episode title"]</arg>
<doc>Click element identified by `locator`.</doc>
<status status="PASS" start="2025-05-31T14:33:17.970527" elapsed="0.694960"/>
</kw>
<kw name="Click Element" owner="AppiumLibrary">
<msg time="2025-05-31T14:33:18.666486" level="INFO">Clicking element 'xpath=//android.view.View[@resource-id="de.danoeh.antennapod.debug:id/touch_outside"]'.</msg>
<msg time="2025-05-31T14:33:19.463744" level="INFO">xpath criteria: //android.view.View[@resource-id="de.danoeh.antennapod.debug:id/touch_outside"]</msg>
<arg>xpath=//android.view.View[@resource-id="de.danoeh.antennapod.debug:id/touch_outside"]</arg>
<doc>Click element identified by `locator`.</doc>
<status status="PASS" start="2025-05-31T14:33:18.665487" elapsed="0.798257"/>
</kw>
<kw name="Get Webelements" owner="AppiumLibrary">
<msg time="2025-05-31T14:33:19.547557" level="INFO">xpath criteria: //androidx.recyclerview.widget.RecyclerView[@resource-id="de.danoeh.antennapod.debug:id/recyclerView"]/*</msg>
<msg time="2025-05-31T14:33:19.548557" level="INFO">${items} = [&lt;appium.webdriver.webelement.WebElement (session="c2c567cf-ded0-47f4-b86c-7227d3ffed10", element="00000000-0000-00c7-ffff-ffff000004e3")&gt;]</msg>
<var>${items}</var>
<arg>xpath=//androidx.recyclerview.widget.RecyclerView[@resource-id="de.danoeh.antennapod.debug:id/recyclerView"]/*</arg>
<doc>Returns list of [http://selenium-python.readthedocs.io/api.html#module-selenium.webdriver.remote.webelement|WebElement] objects matching ``locator``.</doc>
<status status="PASS" start="2025-05-31T14:33:19.464748" elapsed="0.083809"/>
</kw>
<kw name="Length Should Be" owner="BuiltIn">
<msg time="2025-05-31T14:33:19.548557" level="INFO">Length is 1.</msg>
<arg>${items}</arg>
<arg>1</arg>
<doc>Verifies that the length of the given item is correct.</doc>
<status status="PASS" start="2025-05-31T14:33:19.548557" elapsed="0.000000"/>
</kw>
<kw name="Get Text" owner="AppiumLibrary">
<msg time="2025-05-31T14:33:19.630558" level="INFO">Element 'xpath=//android.widget.TextView[@resource-id="de.danoeh.antennapod.debug:id/txtvTitle" and @text="Can the Knicks force game 7?"]' text is 'Can the Knicks force game 7?' </msg>
<msg time="2025-05-31T14:33:19.630558" level="INFO">xpath criteria: //android.widget.TextView[@resource-id="de.danoeh.antennapod.debug:id/txtvTitle" and @text="Can the Knicks force game 7?"]</msg>
<msg time="2025-05-31T14:33:19.631557" level="INFO">${item_text} = Can the Knicks force game 7?</msg>
<var>${item_text}</var>
<arg>xpath=//android.widget.TextView[@resource-id="de.danoeh.antennapod.debug:id/txtvTitle" and @text="Can the Knicks force game 7?"]</arg>
<doc>Get element text (for hybrid and mobile browser use `xpath` locator, others might cause problem)</doc>
<status status="PASS" start="2025-05-31T14:33:19.548557" elapsed="0.083000"/>
</kw>
<kw name="Should Be Equal" owner="BuiltIn">
<arg>${item_text}</arg>
<arg>Can the Knicks force game 7?</arg>
<doc>Fails if the given objects are unequal.</doc>
<status status="PASS" start="2025-05-31T14:33:19.631557" elapsed="0.000000"/>
</kw>
<kw name="Reset App And Close" owner="keywords" type="TEARDOWN">
<kw name="Run Process" owner="Process">
<msg time="2025-05-31T14:33:19.632560" level="INFO">Starting process:
adb shell "pm clear de.danoeh.antennapod.debug"</msg>
<msg time="2025-05-31T14:33:19.634555" level="INFO">Waiting for process to complete.</msg>
<msg time="2025-05-31T14:33:19.918926" level="INFO">Process completed.</msg>
<arg>adb</arg>
<arg>shell</arg>
<arg>pm clear ${APP_PACKAGE}</arg>
<doc>Runs a process and waits for it to complete.</doc>
<status status="PASS" start="2025-05-31T14:33:19.632560" elapsed="0.286366"/>
</kw>
<kw name="Sleep" owner="BuiltIn">
<msg time="2025-05-31T14:33:20.920402" level="INFO">Slept 1 second.</msg>
<arg>1s</arg>
<doc>Pauses the test executed for the given time.</doc>
<status status="PASS" start="2025-05-31T14:33:19.919926" elapsed="1.000476"/>
</kw>
<kw name="Close Application" owner="AppiumLibrary">
<doc>Closes the current application and also close webdriver session.</doc>
<status status="PASS" start="2025-05-31T14:33:20.920402" elapsed="0.341048"/>
</kw>
<status status="PASS" start="2025-05-31T14:33:19.631557" elapsed="1.629893"/>
</kw>
<status status="PASS" start="2025-05-31T14:32:44.378357" elapsed="36.883093"/>
</test>
<test id="s1-s1-t3" name="Sort queue with at least two podcasts" line="71">
<kw name="Open Application" owner="AppiumLibrary" type="SETUP">
<arg>${REMOTE_URL}</arg>
<arg>platformName=${PLATFORM_NAME}</arg>
<arg>automationName=${AUTOMATION_NAME}</arg>
<arg>deviceName=${DEVICE_NAME}</arg>
<arg>appPackage=${APP_PACKAGE}</arg>
<arg>appActivity=${APP_ACTIVITY}</arg>
<doc>Opens a new application to given Appium server.
Capabilities of appium server, Android and iOS,
Please check https://appium.io/docs/en/2.1/cli/args/
| *Option*            | *Man.* | *Description*     |
| remote_url          | Yes    | Appium server url |
| alias               | no     | alias             |
| strict_ssl          | No     | allows you to send commands to an invalid certificate host like a self-signed one. |</doc>
<status status="PASS" start="2025-05-31T14:33:21.262451" elapsed="5.434055"/>
</kw>
<kw name="Prepare Queue With Two Podcast" owner="keywords">
<kw name="Wait Until Page Contains Element" owner="AppiumLibrary">
<msg time="2025-05-31T14:33:27.688668" level="INFO">criteria is de.danoeh.antennapod.debug:id/action_search</msg>
<arg>id=de.danoeh.antennapod.debug:id/action_search</arg>
<arg>timeout=10s</arg>
<doc>Waits until element specified with `locator` appears on current page.</doc>
<status status="PASS" start="2025-05-31T14:33:26.697507" elapsed="0.991161"/>
</kw>
<kw name="Click Element" owner="AppiumLibrary">
<msg time="2025-05-31T14:33:27.689667" level="INFO">Clicking element 'id=de.danoeh.antennapod.debug:id/action_search'.</msg>
<msg time="2025-05-31T14:33:27.810323" level="INFO">criteria is de.danoeh.antennapod.debug:id/action_search</msg>
<arg>id=de.danoeh.antennapod.debug:id/action_search</arg>
<doc>Click element identified by `locator`.</doc>
<status status="PASS" start="2025-05-31T14:33:27.689667" elapsed="0.120656"/>
</kw>
<kw name="Wait Until Element Is Visible" owner="AppiumLibrary">
<msg time="2025-05-31T14:33:29.316905" level="INFO">criteria is de.danoeh.antennapod.debug:id/search_src_text</msg>
<arg>id=de.danoeh.antennapod.debug:id/search_src_text</arg>
<arg>timeout=10</arg>
<doc>Waits until element specified with `locator` is visible.</doc>
<status status="PASS" start="2025-05-31T14:33:27.810323" elapsed="1.506582"/>
</kw>
<kw name="Input Text" owner="AppiumLibrary">
<msg time="2025-05-31T14:33:29.317907" level="INFO">Typing text 'nba' into text field 'id=de.danoeh.antennapod.debug:id/search_src_text'</msg>
<msg time="2025-05-31T14:33:30.045796" level="INFO">criteria is de.danoeh.antennapod.debug:id/search_src_text</msg>
<arg>id=de.danoeh.antennapod.debug:id/search_src_text</arg>
<arg>nba</arg>
<doc>Types the given `text` into text field identified by `locator`.</doc>
<status status="PASS" start="2025-05-31T14:33:29.316905" elapsed="0.728891"/>
</kw>
<kw name="Wait Until Element Is Visible" owner="AppiumLibrary">
<msg time="2025-05-31T14:33:31.466859" level="INFO">criteria is de.danoeh.antennapod.debug:id/actionButton
criteria is de.danoeh.antennapod.debug:id/actionButton</msg>
<arg>id=de.danoeh.antennapod.debug:id/actionButton</arg>
<arg>timeout=10</arg>
<doc>Waits until element specified with `locator` is visible.</doc>
<status status="PASS" start="2025-05-31T14:33:30.045796" elapsed="1.421063"/>
</kw>
<kw name="Click Element" owner="AppiumLibrary">
<msg time="2025-05-31T14:33:31.467854" level="INFO">Clicking element 'id=de.danoeh.antennapod.debug:id/actionButton'.</msg>
<msg time="2025-05-31T14:33:31.587392" level="INFO">criteria is de.danoeh.antennapod.debug:id/actionButton</msg>
<arg>id=de.danoeh.antennapod.debug:id/actionButton</arg>
<doc>Click element identified by `locator`.</doc>
<status status="PASS" start="2025-05-31T14:33:31.466859" elapsed="0.120533"/>
</kw>
<kw name="Wait Until Element Is Visible" owner="AppiumLibrary">
<msg time="2025-05-31T14:33:34.475349" level="INFO">xpath criteria: //android.widget.TextView[@resource-id="de.danoeh.antennapod.debug:id/txtvTitle" and @text="The Athletic NBA Daily"]
xpath criteria: //android.widget.TextView[@resource-id="de.danoeh.antennapod.debug:id/txtvTitle" and @text="The Athletic NBA Daily"]
xpath criteria: //android.widget.TextView[@resource-id="de.danoeh.antennapod.debug:id/txtvTitle" and @text="The Athletic NBA Daily"]</msg>
<arg>xpath=//android.widget.TextView[@resource-id="de.danoeh.antennapod.debug:id/txtvTitle" and @text="The Athletic NBA Daily"]</arg>
<arg>timeout=15</arg>
<doc>Waits until element specified with `locator` is visible.</doc>
<status status="PASS" start="2025-05-31T14:33:31.587392" elapsed="2.887957"/>
</kw>
<kw name="Click Element" owner="AppiumLibrary">
<msg time="2025-05-31T14:33:34.476351" level="INFO">Clicking element 'xpath=//android.widget.TextView[@resource-id="de.danoeh.antennapod.debug:id/txtvTitle" and @text="The Athletic NBA Daily"]'.</msg>
<msg time="2025-05-31T14:33:35.596990" level="INFO">xpath criteria: //android.widget.TextView[@resource-id="de.danoeh.antennapod.debug:id/txtvTitle" and @text="The Athletic NBA Daily"]</msg>
<arg>xpath=//android.widget.TextView[@resource-id="de.danoeh.antennapod.debug:id/txtvTitle" and @text="The Athletic NBA Daily"]</arg>
<doc>Click element identified by `locator`.</doc>
<status status="PASS" start="2025-05-31T14:33:34.476351" elapsed="1.120639"/>
</kw>
<kw name="Wait Until Element Is Visible" owner="AppiumLibrary">
<msg time="2025-05-31T14:33:39.540596" level="INFO">xpath criteria: //android.widget.TextView[@resource-id="de.danoeh.antennapod.debug:id/txtvTitle" and @text="Can the Knicks force game 7?"]
xpath criteria: //android.widget.TextView[@resource-id="de.danoeh.antennapod.debug:id/txtvTitle" and @text="Can the Knicks force game 7?"]
xpath criteria: //android.widget.TextView[@resource-id="de.danoeh.antennapod.debug:id/txtvTitle" and @text="Can the Knicks force game 7?"]
xpath criteria: //android.widget.TextView[@resource-id="de.danoeh.antennapod.debug:id/txtvTitle" and @text="Can the Knicks force game 7?"]
xpath criteria: //android.widget.TextView[@resource-id="de.danoeh.antennapod.debug:id/txtvTitle" and @text="Can the Knicks force game 7?"]
xpath criteria: //android.widget.TextView[@resource-id="de.danoeh.antennapod.debug:id/txtvTitle" and @text="Can the Knicks force game 7?"]
xpath criteria: //android.widget.TextView[@resource-id="de.danoeh.antennapod.debug:id/txtvTitle" and @text="Can the Knicks force game 7?"]
xpath criteria: //android.widget.TextView[@resource-id="de.danoeh.antennapod.debug:id/txtvTitle" and @text="Can the Knicks force game 7?"]
xpath criteria: //android.widget.TextView[@resource-id="de.danoeh.antennapod.debug:id/txtvTitle" and @text="Can the Knicks force game 7?"]
xpath criteria: //android.widget.TextView[@resource-id="de.danoeh.antennapod.debug:id/txtvTitle" and @text="Can the Knicks force game 7?"]
xpath criteria: //android.widget.TextView[@resource-id="de.danoeh.antennapod.debug:id/txtvTitle" and @text="Can the Knicks force game 7?"]
xpath criteria: //android.widget.TextView[@resource-id="de.danoeh.antennapod.debug:id/txtvTitle" and @text="Can the Knicks force game 7?"]
xpath criteria: //android.widget.TextView[@resource-id="de.danoeh.antennapod.debug:id/txtvTitle" and @text="Can the Knicks force game 7?"]</msg>
<arg>xpath=//android.widget.TextView[@resource-id="de.danoeh.antennapod.debug:id/txtvTitle" and @text="Can the Knicks force game 7?"]</arg>
<arg>timeout=15</arg>
<doc>Waits until element specified with `locator` is visible.</doc>
<status status="PASS" start="2025-05-31T14:33:35.596990" elapsed="3.943606"/>
</kw>
<kw name="Click Element" owner="AppiumLibrary">
<msg time="2025-05-31T14:33:39.541595" level="INFO">Clicking element 'xpath=//android.widget.TextView[@resource-id="de.danoeh.antennapod.debug:id/txtvTitle" and @text="Can the Knicks force game 7?"]'.</msg>
<msg time="2025-05-31T14:33:40.351513" level="INFO">xpath criteria: //android.widget.TextView[@resource-id="de.danoeh.antennapod.debug:id/txtvTitle" and @text="Can the Knicks force game 7?"]</msg>
<arg>xpath=//android.widget.TextView[@resource-id="de.danoeh.antennapod.debug:id/txtvTitle" and @text="Can the Knicks force game 7?"]</arg>
<doc>Click element identified by `locator`.</doc>
<status status="PASS" start="2025-05-31T14:33:39.540596" elapsed="0.810917"/>
</kw>
<kw name="Wait Until Element Is Visible" owner="AppiumLibrary">
<msg time="2025-05-31T14:33:42.164875" level="INFO">criteria is de.danoeh.antennapod.debug:id/butAction1Text</msg>
<arg>id=de.danoeh.antennapod.debug:id/butAction1Text</arg>
<arg>timeout=10</arg>
<doc>Waits until element specified with `locator` is visible.</doc>
<status status="PASS" start="2025-05-31T14:33:40.351513" elapsed="1.813362"/>
</kw>
<kw name="Click Element" owner="AppiumLibrary">
<msg time="2025-05-31T14:33:42.165877" level="INFO">Clicking element 'id=de.danoeh.antennapod.debug:id/butAction1Text'.</msg>
<msg time="2025-05-31T14:33:42.272960" level="INFO">criteria is de.danoeh.antennapod.debug:id/butAction1Text</msg>
<arg>id=de.danoeh.antennapod.debug:id/butAction1Text</arg>
<doc>Click element identified by `locator`.</doc>
<status status="PASS" start="2025-05-31T14:33:42.164875" elapsed="0.108085"/>
</kw>
<kw name="Wait Until Element Is Visible" owner="AppiumLibrary">
<msg time="2025-05-31T14:33:44.152016" level="INFO">xpath criteria: //android.widget.ImageButton[@content-desc="Back"]</msg>
<arg>xpath=//android.widget.ImageButton[@content-desc="Back"]</arg>
<arg>timeout=10</arg>
<doc>Waits until element specified with `locator` is visible.</doc>
<status status="PASS" start="2025-05-31T14:33:42.272960" elapsed="1.879056"/>
</kw>
<kw name="Click Element" owner="AppiumLibrary">
<msg time="2025-05-31T14:33:44.153016" level="INFO">Clicking element 'xpath=//android.widget.ImageButton[@content-desc="Back"]'.</msg>
<msg time="2025-05-31T14:33:44.272670" level="INFO">xpath criteria: //android.widget.ImageButton[@content-desc="Back"]</msg>
<arg>xpath=//android.widget.ImageButton[@content-desc="Back"]</arg>
<doc>Click element identified by `locator`.</doc>
<status status="PASS" start="2025-05-31T14:33:44.152016" elapsed="0.121656"/>
</kw>
<kw name="Wait Until Element Is Visible" owner="AppiumLibrary">
<msg time="2025-05-31T14:33:45.527670" level="INFO">xpath criteria: //android.widget.TextView[@resource-id="de.danoeh.antennapod.debug:id/txtvTitle" and @text="Thunder advance to NBA Finals"]
xpath criteria: //android.widget.TextView[@resource-id="de.danoeh.antennapod.debug:id/txtvTitle" and @text="Thunder advance to NBA Finals"]</msg>
<arg>xpath=//android.widget.TextView[@resource-id="de.danoeh.antennapod.debug:id/txtvTitle" and @text="Thunder advance to NBA Finals"]</arg>
<arg>timeout=15</arg>
<doc>Waits until element specified with `locator` is visible.</doc>
<status status="PASS" start="2025-05-31T14:33:44.273672" elapsed="1.253998"/>
</kw>
<kw name="Click Element" owner="AppiumLibrary">
<msg time="2025-05-31T14:33:45.528671" level="INFO">Clicking element 'xpath=//android.widget.TextView[@resource-id="de.danoeh.antennapod.debug:id/txtvTitle" and @text="Thunder advance to NBA Finals"]'.</msg>
<msg time="2025-05-31T14:33:45.673394" level="INFO">xpath criteria: //android.widget.TextView[@resource-id="de.danoeh.antennapod.debug:id/txtvTitle" and @text="Thunder advance to NBA Finals"]</msg>
<arg>xpath=//android.widget.TextView[@resource-id="de.danoeh.antennapod.debug:id/txtvTitle" and @text="Thunder advance to NBA Finals"]</arg>
<doc>Click element identified by `locator`.</doc>
<status status="PASS" start="2025-05-31T14:33:45.527670" elapsed="0.145724"/>
</kw>
<kw name="Wait Until Element Is Visible" owner="AppiumLibrary">
<msg time="2025-05-31T14:33:47.036550" level="INFO">criteria is de.danoeh.antennapod.debug:id/butAction1Text</msg>
<arg>id=de.danoeh.antennapod.debug:id/butAction1Text</arg>
<arg>timeout=10</arg>
<doc>Waits until element specified with `locator` is visible.</doc>
<status status="PASS" start="2025-05-31T14:33:45.673394" elapsed="1.363156"/>
</kw>
<kw name="Click Element" owner="AppiumLibrary">
<msg time="2025-05-31T14:33:47.038552" level="INFO">Clicking element 'id=de.danoeh.antennapod.debug:id/butAction1Text'.</msg>
<msg time="2025-05-31T14:33:47.153554" level="INFO">criteria is de.danoeh.antennapod.debug:id/butAction1Text</msg>
<arg>id=de.danoeh.antennapod.debug:id/butAction1Text</arg>
<doc>Click element identified by `locator`.</doc>
<status status="PASS" start="2025-05-31T14:33:47.037553" elapsed="0.116001"/>
</kw>
<kw name="Wait Until Element Is Visible" owner="AppiumLibrary">
<msg time="2025-05-31T14:33:48.543324" level="INFO">xpath criteria: //android.widget.ImageButton[@content-desc="Back"]</msg>
<arg>xpath=//android.widget.ImageButton[@content-desc="Back"]</arg>
<arg>timeout=10</arg>
<doc>Waits until element specified with `locator` is visible.</doc>
<status status="PASS" start="2025-05-31T14:33:47.153554" elapsed="1.389770"/>
</kw>
<kw name="Click Element" owner="AppiumLibrary">
<msg time="2025-05-31T14:33:48.544327" level="INFO">Clicking element 'xpath=//android.widget.ImageButton[@content-desc="Back"]'.</msg>
<msg time="2025-05-31T14:33:48.653325" level="INFO">xpath criteria: //android.widget.ImageButton[@content-desc="Back"]</msg>
<arg>xpath=//android.widget.ImageButton[@content-desc="Back"]</arg>
<doc>Click element identified by `locator`.</doc>
<status status="PASS" start="2025-05-31T14:33:48.543324" elapsed="0.110001"/>
</kw>
<kw name="Wait Until Element Is Visible" owner="AppiumLibrary">
<msg time="2025-05-31T14:33:49.995491" level="INFO">xpath criteria: //android.widget.ImageButton[@content-desc="Back"]</msg>
<arg>xpath=//android.widget.ImageButton[@content-desc="Back"]</arg>
<arg>timeout=10</arg>
<doc>Waits until element specified with `locator` is visible.</doc>
<status status="PASS" start="2025-05-31T14:33:48.653325" elapsed="1.342166"/>
</kw>
<kw name="Click Element" owner="AppiumLibrary">
<msg time="2025-05-31T14:33:49.996492" level="INFO">Clicking element 'xpath=//android.widget.ImageButton[@content-desc="Back"]'.</msg>
<msg time="2025-05-31T14:33:50.122495" level="INFO">xpath criteria: //android.widget.ImageButton[@content-desc="Back"]</msg>
<arg>xpath=//android.widget.ImageButton[@content-desc="Back"]</arg>
<doc>Click element identified by `locator`.</doc>
<status status="PASS" start="2025-05-31T14:33:49.996492" elapsed="0.126003"/>
</kw>
<status status="PASS" start="2025-05-31T14:33:26.696506" elapsed="23.425989"/>
</kw>
<kw name="Wait Until Element Is Visible" owner="AppiumLibrary">
<msg time="2025-05-31T14:33:51.894491" level="INFO">xpath criteria: (//android.widget.ImageView[@resource-id="de.danoeh.antennapod.debug:id/navigation_bar_item_icon_view"])[2]</msg>
<arg>xpath=(//android.widget.ImageView[@resource-id="de.danoeh.antennapod.debug:id/navigation_bar_item_icon_view"])[2]</arg>
<arg>timeout=10</arg>
<doc>Waits until element specified with `locator` is visible.</doc>
<status status="PASS" start="2025-05-31T14:33:50.122495" elapsed="1.771996"/>
</kw>
<kw name="Click Element" owner="AppiumLibrary">
<msg time="2025-05-31T14:33:51.895492" level="INFO">Clicking element 'xpath=(//android.widget.ImageView[@resource-id="de.danoeh.antennapod.debug:id/navigation_bar_item_icon_view"])[2]'.</msg>
<msg time="2025-05-31T14:33:53.080161" level="INFO">xpath criteria: (//android.widget.ImageView[@resource-id="de.danoeh.antennapod.debug:id/navigation_bar_item_icon_view"])[2]</msg>
<arg>xpath=(//android.widget.ImageView[@resource-id="de.danoeh.antennapod.debug:id/navigation_bar_item_icon_view"])[2]</arg>
<doc>Click element identified by `locator`.</doc>
<status status="PASS" start="2025-05-31T14:33:51.894491" elapsed="1.185670"/>
</kw>
<kw name="Wait Until Element Is Visible" owner="AppiumLibrary">
<msg time="2025-05-31T14:33:53.165137" level="INFO">xpath criteria: //android.widget.ImageView[@content-desc="More options"]</msg>
<arg>xpath=//android.widget.ImageView[@content-desc="More options"]</arg>
<arg>timeout=10</arg>
<doc>Waits until element specified with `locator` is visible.</doc>
<status status="PASS" start="2025-05-31T14:33:53.081136" elapsed="0.084001"/>
</kw>
<kw name="Click Element" owner="AppiumLibrary">
<msg time="2025-05-31T14:33:53.166136" level="INFO">Clicking element 'xpath=//android.widget.ImageView[@content-desc="More options"]'.</msg>
<msg time="2025-05-31T14:33:53.324623" level="INFO">xpath criteria: //android.widget.ImageView[@content-desc="More options"]</msg>
<arg>xpath=//android.widget.ImageView[@content-desc="More options"]</arg>
<doc>Click element identified by `locator`.</doc>
<status status="PASS" start="2025-05-31T14:33:53.165137" elapsed="0.159486"/>
</kw>
<kw name="Wait Until Element Is Visible" owner="AppiumLibrary">
<msg time="2025-05-31T14:33:54.435508" level="INFO">xpath criteria: //android.widget.TextView[@resource-id="de.danoeh.antennapod.debug:id/title" and @text="Sort"]
xpath criteria: //android.widget.TextView[@resource-id="de.danoeh.antennapod.debug:id/title" and @text="Sort"]</msg>
<arg>xpath=//android.widget.TextView[@resource-id="de.danoeh.antennapod.debug:id/title" and @text="Sort"]</arg>
<arg>timeout=10</arg>
<doc>Waits until element specified with `locator` is visible.</doc>
<status status="PASS" start="2025-05-31T14:33:53.325622" elapsed="1.109886"/>
</kw>
<kw name="Click Element" owner="AppiumLibrary">
<msg time="2025-05-31T14:33:54.436507" level="INFO">Clicking element 'xpath=//android.widget.TextView[@resource-id="de.danoeh.antennapod.debug:id/title" and @text="Sort"]'.</msg>
<msg time="2025-05-31T14:33:55.818164" level="INFO">xpath criteria: //android.widget.TextView[@resource-id="de.danoeh.antennapod.debug:id/title" and @text="Sort"]</msg>
<arg>xpath=//android.widget.TextView[@resource-id="de.danoeh.antennapod.debug:id/title" and @text="Sort"]</arg>
<doc>Click element identified by `locator`.</doc>
<status status="PASS" start="2025-05-31T14:33:54.435508" elapsed="1.382656"/>
</kw>
<kw name="Wait Until Element Is Visible" owner="AppiumLibrary">
<msg time="2025-05-31T14:33:55.858174" level="INFO">xpath criteria: //android.widget.Button[@resource-id="de.danoeh.antennapod.debug:id/button" and @text="Episode title"]</msg>
<arg>xpath=//android.widget.Button[@resource-id="de.danoeh.antennapod.debug:id/button" and @text="Episode title"]</arg>
<arg>timeout=10</arg>
<doc>Waits until element specified with `locator` is visible.</doc>
<status status="PASS" start="2025-05-31T14:33:55.819177" elapsed="0.038997"/>
</kw>
<kw name="Click Element" owner="AppiumLibrary">
<msg time="2025-05-31T14:33:55.859174" level="INFO">Clicking element 'xpath=//android.widget.Button[@resource-id="de.danoeh.antennapod.debug:id/button" and @text="Episode title"]'.</msg>
<msg time="2025-05-31T14:33:56.563022" level="INFO">xpath criteria: //android.widget.Button[@resource-id="de.danoeh.antennapod.debug:id/button" and @text="Episode title"]</msg>
<arg>xpath=//android.widget.Button[@resource-id="de.danoeh.antennapod.debug:id/button" and @text="Episode title"]</arg>
<doc>Click element identified by `locator`.</doc>
<status status="PASS" start="2025-05-31T14:33:55.859174" elapsed="0.703848"/>
</kw>
<kw name="Click Element" owner="AppiumLibrary">
<msg time="2025-05-31T14:33:56.564039" level="INFO">Clicking element 'xpath=//android.view.View[@resource-id="de.danoeh.antennapod.debug:id/touch_outside"]'.</msg>
<msg time="2025-05-31T14:33:57.180165" level="INFO">xpath criteria: //android.view.View[@resource-id="de.danoeh.antennapod.debug:id/touch_outside"]</msg>
<arg>xpath=//android.view.View[@resource-id="de.danoeh.antennapod.debug:id/touch_outside"]</arg>
<doc>Click element identified by `locator`.</doc>
<status status="PASS" start="2025-05-31T14:33:56.564039" elapsed="0.616126"/>
</kw>
<kw name="Get Webelements" owner="AppiumLibrary">
<msg time="2025-05-31T14:33:57.249163" level="INFO">xpath criteria: //androidx.recyclerview.widget.RecyclerView[@resource-id="de.danoeh.antennapod.debug:id/recyclerView"]/*</msg>
<msg time="2025-05-31T14:33:57.250167" level="INFO">${items} = [&lt;appium.webdriver.webelement.WebElement (session="9d39ac85-195d-46a2-9418-dc85541eaad1", element="00000000-0000-00d6-ffff-ffff0000068d")&gt;, &lt;appium.webdriver.webelement.WebElement (session="9d39ac85-1...</msg>
<var>${items}</var>
<arg>xpath=//androidx.recyclerview.widget.RecyclerView[@resource-id="de.danoeh.antennapod.debug:id/recyclerView"]/*</arg>
<doc>Returns list of [http://selenium-python.readthedocs.io/api.html#module-selenium.webdriver.remote.webelement|WebElement] objects matching ``locator``.</doc>
<status status="PASS" start="2025-05-31T14:33:57.180165" elapsed="0.070002"/>
</kw>
<kw name="Length Should Be" owner="BuiltIn">
<msg time="2025-05-31T14:33:57.250167" level="INFO">Length is 2.</msg>
<arg>${items}</arg>
<arg>2</arg>
<doc>Verifies that the length of the given item is correct.</doc>
<status status="PASS" start="2025-05-31T14:33:57.250167" elapsed="0.000000"/>
</kw>
<kw name="Get Element Attribute" owner="AppiumLibrary">
<msg time="2025-05-31T14:33:57.323732" level="INFO">Element 'xpath=(//androidx.recyclerview.widget.RecyclerView/android.widget.FrameLayout[1]//android.widget.LinearLayout[@resource-id="de.danoeh.antennapod.debug:id/container"]//android.widget.LinearLayout)[1]' attribute 'content-desc' value 'Can the Knicks force game 7?' </msg>
<msg time="2025-05-31T14:33:57.323732" level="INFO">xpath criteria: (//androidx.recyclerview.widget.RecyclerView/android.widget.FrameLayout[1]//android.widget.LinearLayout[@resource-id="de.danoeh.antennapod.debug:id/container"]//android.widget.LinearLayout)[1]</msg>
<msg time="2025-05-31T14:33:57.323732" level="INFO">${first_title} = Can the Knicks force game 7?</msg>
<var>${first_title}</var>
<arg>xpath=(//androidx.recyclerview.widget.RecyclerView/android.widget.FrameLayout[1]//android.widget.LinearLayout[@resource-id="de.danoeh.antennapod.debug:id/container"]//android.widget.LinearLayout)[1]</arg>
<arg>content-desc</arg>
<doc>Get element attribute using given attribute: name, value,...</doc>
<status status="PASS" start="2025-05-31T14:33:57.250167" elapsed="0.073565"/>
</kw>
<kw name="Should Be Equal" owner="BuiltIn">
<arg>${first_title}</arg>
<arg>Can the Knicks force game 7?</arg>
<doc>Fails if the given objects are unequal.</doc>
<status status="PASS" start="2025-05-31T14:33:57.323732" elapsed="0.000000"/>
</kw>
<kw name="Get Element Attribute" owner="AppiumLibrary">
<msg time="2025-05-31T14:33:57.990337" level="INFO">Element 'xpath=(//androidx.recyclerview.widget.RecyclerView/android.widget.FrameLayout[2]//android.widget.LinearLayout[@resource-id="de.danoeh.antennapod.debug:id/container"]//android.widget.LinearLayout)[1]' attribute 'content-desc' value 'Thunder advance to NBA Finals' </msg>
<msg time="2025-05-31T14:33:57.990337" level="INFO">xpath criteria: (//androidx.recyclerview.widget.RecyclerView/android.widget.FrameLayout[2]//android.widget.LinearLayout[@resource-id="de.danoeh.antennapod.debug:id/container"]//android.widget.LinearLayout)[1]</msg>
<msg time="2025-05-31T14:33:57.990337" level="INFO">${second_title} = Thunder advance to NBA Finals</msg>
<var>${second_title}</var>
<arg>xpath=(//androidx.recyclerview.widget.RecyclerView/android.widget.FrameLayout[2]//android.widget.LinearLayout[@resource-id="de.danoeh.antennapod.debug:id/container"]//android.widget.LinearLayout)[1]</arg>
<arg>content-desc</arg>
<doc>Get element attribute using given attribute: name, value,...</doc>
<status status="PASS" start="2025-05-31T14:33:57.324730" elapsed="0.665607"/>
</kw>
<kw name="Should Be Equal" owner="BuiltIn">
<arg>${second_title}</arg>
<arg>Thunder advance to NBA Finals</arg>
<doc>Fails if the given objects are unequal.</doc>
<status status="PASS" start="2025-05-31T14:33:57.990337" elapsed="0.000000"/>
</kw>
<kw name="Reset App And Close" owner="keywords" type="TEARDOWN">
<kw name="Run Process" owner="Process">
<msg time="2025-05-31T14:33:57.991337" level="INFO">Starting process:
adb shell "pm clear de.danoeh.antennapod.debug"</msg>
<msg time="2025-05-31T14:33:57.994336" level="INFO">Waiting for process to complete.</msg>
<msg time="2025-05-31T14:33:58.292336" level="INFO">Process completed.</msg>
<arg>adb</arg>
<arg>shell</arg>
<arg>pm clear ${APP_PACKAGE}</arg>
<doc>Runs a process and waits for it to complete.</doc>
<status status="PASS" start="2025-05-31T14:33:57.991337" elapsed="0.300999"/>
</kw>
<kw name="Sleep" owner="BuiltIn">
<msg time="2025-05-31T14:33:59.293458" level="INFO">Slept 1 second.</msg>
<arg>1s</arg>
<doc>Pauses the test executed for the given time.</doc>
<status status="PASS" start="2025-05-31T14:33:58.292336" elapsed="1.001122"/>
</kw>
<kw name="Close Application" owner="AppiumLibrary">
<doc>Closes the current application and also close webdriver session.</doc>
<status status="PASS" start="2025-05-31T14:33:59.293458" elapsed="0.285584"/>
</kw>
<status status="PASS" start="2025-05-31T14:33:57.990337" elapsed="1.588705"/>
</kw>
<status status="PASS" start="2025-05-31T14:33:21.261450" elapsed="38.318593"/>
</test>
<status status="PASS" start="2025-05-31T14:32:30.521677" elapsed="89.058366"/>
</suite>
<suite id="s1-s2" name="UC-QC-06" source="C:\Users\user\Desktop\Appium Testing\AntennaPod\test_script\UC-QC-06.robot">
<test id="s1-s2-t1" name="Queue is empty when lock queue" line="13">
<kw name="Open Application" owner="AppiumLibrary" type="SETUP">
<arg>${REMOTE_URL}</arg>
<arg>platformName=${PLATFORM_NAME}</arg>
<arg>automationName=${AUTOMATION_NAME}</arg>
<arg>deviceName=${DEVICE_NAME}</arg>
<arg>appPackage=${APP_PACKAGE}</arg>
<arg>appActivity=${APP_ACTIVITY}</arg>
<doc>Opens a new application to given Appium server.
Capabilities of appium server, Android and iOS,
Please check https://appium.io/docs/en/2.1/cli/args/
| *Option*            | *Man.* | *Description*     |
| remote_url          | Yes    | Appium server url |
| alias               | no     | alias             |
| strict_ssl          | No     | allows you to send commands to an invalid certificate host like a self-signed one. |</doc>
<status status="PASS" start="2025-05-31T14:33:59.585043" elapsed="5.216927"/>
</kw>
<kw name="Wait Until Element Is Visible" owner="AppiumLibrary">
<msg time="2025-05-31T14:34:06.291010" level="INFO">xpath criteria: (//android.widget.ImageView[@resource-id="de.danoeh.antennapod.debug:id/navigation_bar_item_icon_view"])[2]</msg>
<arg>xpath=(//android.widget.ImageView[@resource-id="de.danoeh.antennapod.debug:id/navigation_bar_item_icon_view"])[2]</arg>
<arg>timeout=10</arg>
<doc>Waits until element specified with `locator` is visible.</doc>
<status status="PASS" start="2025-05-31T14:34:04.801970" elapsed="1.489040"/>
</kw>
<kw name="Click Element" owner="AppiumLibrary">
<msg time="2025-05-31T14:34:06.293011" level="INFO">Clicking element 'xpath=(//android.widget.ImageView[@resource-id="de.danoeh.antennapod.debug:id/navigation_bar_item_icon_view"])[2]'.</msg>
<msg time="2025-05-31T14:34:06.453010" level="INFO">xpath criteria: (//android.widget.ImageView[@resource-id="de.danoeh.antennapod.debug:id/navigation_bar_item_icon_view"])[2]</msg>
<arg>xpath=(//android.widget.ImageView[@resource-id="de.danoeh.antennapod.debug:id/navigation_bar_item_icon_view"])[2]</arg>
<doc>Click element identified by `locator`.</doc>
<status status="PASS" start="2025-05-31T14:34:06.292008" elapsed="0.161002"/>
</kw>
<kw name="Wait Until Element Is Visible" owner="AppiumLibrary">
<msg time="2025-05-31T14:34:07.525009" level="INFO">criteria is de.danoeh.antennapod.debug:id/emptyViewTitle</msg>
<arg>id=de.danoeh.antennapod.debug:id/emptyViewTitle</arg>
<arg>timeout=5</arg>
<doc>Waits until element specified with `locator` is visible.</doc>
<status status="PASS" start="2025-05-31T14:34:06.453010" elapsed="1.071999"/>
</kw>
<kw name="Element Text Should Be" owner="AppiumLibrary">
<msg time="2025-05-31T14:34:07.526009" level="INFO">Verifying element 'id=de.danoeh.antennapod.debug:id/emptyViewTitle' contains exactly text 'No queued episodes'.</msg>
<msg time="2025-05-31T14:34:07.582013" level="INFO">criteria is de.danoeh.antennapod.debug:id/emptyViewTitle</msg>
<arg>id=de.danoeh.antennapod.debug:id/emptyViewTitle</arg>
<arg>No queued episodes</arg>
<doc>Verifies element identified by ``locator`` exactly contains text ``expected``.</doc>
<status status="PASS" start="2025-05-31T14:34:07.525009" elapsed="0.057004"/>
</kw>
<kw name="Clear Queue and Verify Empty" owner="keywords">
<kw name="Wait Until Element Is Visible" owner="AppiumLibrary">
<msg time="2025-05-31T14:34:07.650009" level="INFO">xpath criteria: //android.widget.ImageView[@content-desc="More options"]</msg>
<arg>xpath=//android.widget.ImageView[@content-desc="More options"]</arg>
<arg>timeout=10</arg>
<doc>Waits until element specified with `locator` is visible.</doc>
<status status="PASS" start="2025-05-31T14:34:07.582013" elapsed="0.068995"/>
</kw>
<kw name="Click Element" owner="AppiumLibrary">
<msg time="2025-05-31T14:34:07.651008" level="INFO">Clicking element 'xpath=//android.widget.ImageView[@content-desc="More options"]'.</msg>
<msg time="2025-05-31T14:34:07.768012" level="INFO">xpath criteria: //android.widget.ImageView[@content-desc="More options"]</msg>
<arg>xpath=//android.widget.ImageView[@content-desc="More options"]</arg>
<doc>Click element identified by `locator`.</doc>
<status status="PASS" start="2025-05-31T14:34:07.651008" elapsed="0.117004"/>
</kw>
<kw name="Wait Until Element Is Visible" owner="AppiumLibrary">
<msg time="2025-05-31T14:34:08.785011" level="INFO">xpath criteria: //android.widget.TextView[@resource-id="de.danoeh.antennapod.debug:id/title" and @text="Clear queue"]
xpath criteria: //android.widget.TextView[@resource-id="de.danoeh.antennapod.debug:id/title" and @text="Clear queue"]</msg>
<arg>xpath=//android.widget.TextView[@resource-id="de.danoeh.antennapod.debug:id/title" and @text="Clear queue"]</arg>
<arg>timeout=10</arg>
<doc>Waits until element specified with `locator` is visible.</doc>
<status status="PASS" start="2025-05-31T14:34:07.768012" elapsed="1.017999"/>
</kw>
<kw name="Click Element" owner="AppiumLibrary">
<msg time="2025-05-31T14:34:08.786011" level="INFO">Clicking element 'xpath=//android.widget.TextView[@resource-id="de.danoeh.antennapod.debug:id/title" and @text="Clear queue"]'.</msg>
<msg time="2025-05-31T14:34:10.113985" level="INFO">xpath criteria: //android.widget.TextView[@resource-id="de.danoeh.antennapod.debug:id/title" and @text="Clear queue"]</msg>
<arg>xpath=//android.widget.TextView[@resource-id="de.danoeh.antennapod.debug:id/title" and @text="Clear queue"]</arg>
<doc>Click element identified by `locator`.</doc>
<status status="PASS" start="2025-05-31T14:34:08.786011" elapsed="1.327974"/>
</kw>
<kw name="Wait Until Element Is Visible" owner="AppiumLibrary">
<msg time="2025-05-31T14:34:10.160987" level="INFO">xpath criteria: //android.widget.Button[@resource-id="android:id/button1"]</msg>
<arg>xpath=//android.widget.Button[@resource-id="android:id/button1"]</arg>
<arg>timeout=10</arg>
<doc>Waits until element specified with `locator` is visible.</doc>
<status status="PASS" start="2025-05-31T14:34:10.113985" elapsed="0.047002"/>
</kw>
<kw name="Click Element" owner="AppiumLibrary">
<msg time="2025-05-31T14:34:10.161986" level="INFO">Clicking element 'xpath=//android.widget.Button[@resource-id="android:id/button1"]'.</msg>
<msg time="2025-05-31T14:34:10.269986" level="INFO">xpath criteria: //android.widget.Button[@resource-id="android:id/button1"]</msg>
<arg>xpath=//android.widget.Button[@resource-id="android:id/button1"]</arg>
<doc>Click element identified by `locator`.</doc>
<status status="PASS" start="2025-05-31T14:34:10.160987" elapsed="0.109998"/>
</kw>
<kw name="Wait Until Element Is Visible" owner="AppiumLibrary">
<msg time="2025-05-31T14:34:10.946003" level="INFO">criteria is de.danoeh.antennapod.debug:id/emptyViewTitle</msg>
<arg>id=de.danoeh.antennapod.debug:id/emptyViewTitle</arg>
<arg>timeout=5</arg>
<doc>Waits until element specified with `locator` is visible.</doc>
<status status="PASS" start="2025-05-31T14:34:10.270985" elapsed="0.675018"/>
</kw>
<kw name="Element Text Should Be" owner="AppiumLibrary">
<msg time="2025-05-31T14:34:10.947012" level="INFO">Verifying element 'id=de.danoeh.antennapod.debug:id/emptyViewTitle' contains exactly text 'No queued episodes'.</msg>
<msg time="2025-05-31T14:34:11.008001" level="INFO">criteria is de.danoeh.antennapod.debug:id/emptyViewTitle</msg>
<arg>id=de.danoeh.antennapod.debug:id/emptyViewTitle</arg>
<arg>No queued episodes</arg>
<doc>Verifies element identified by ``locator`` exactly contains text ``expected``.</doc>
<status status="PASS" start="2025-05-31T14:34:10.946003" elapsed="0.061998"/>
</kw>
<status status="PASS" start="2025-05-31T14:34:07.582013" elapsed="3.425988"/>
</kw>
<kw name="Reset App And Close" owner="keywords" type="TEARDOWN">
<kw name="Run Process" owner="Process">
<msg time="2025-05-31T14:34:11.009003" level="INFO">Starting process:
adb shell "pm clear de.danoeh.antennapod.debug"</msg>
<msg time="2025-05-31T14:34:11.011002" level="INFO">Waiting for process to complete.</msg>
<msg time="2025-05-31T14:34:11.213002" level="INFO">Process completed.</msg>
<arg>adb</arg>
<arg>shell</arg>
<arg>pm clear ${APP_PACKAGE}</arg>
<doc>Runs a process and waits for it to complete.</doc>
<status status="PASS" start="2025-05-31T14:34:11.009003" elapsed="0.203999"/>
</kw>
<kw name="Sleep" owner="BuiltIn">
<msg time="2025-05-31T14:34:12.214296" level="INFO">Slept 1 second.</msg>
<arg>1s</arg>
<doc>Pauses the test executed for the given time.</doc>
<status status="PASS" start="2025-05-31T14:34:11.213002" elapsed="1.001294"/>
</kw>
<kw name="Close Application" owner="AppiumLibrary">
<doc>Closes the current application and also close webdriver session.</doc>
<status status="PASS" start="2025-05-31T14:34:12.214296" elapsed="0.269336"/>
</kw>
<status status="PASS" start="2025-05-31T14:34:11.008001" elapsed="1.475631"/>
</kw>
<status status="PASS" start="2025-05-31T14:33:59.585043" elapsed="12.898589"/>
</test>
<test id="s1-s2-t2" name="Queue is not empty when lock queue" line="26">
<kw name="Open Application" owner="AppiumLibrary" type="SETUP">
<arg>${REMOTE_URL}</arg>
<arg>platformName=${PLATFORM_NAME}</arg>
<arg>automationName=${AUTOMATION_NAME}</arg>
<arg>deviceName=${DEVICE_NAME}</arg>
<arg>appPackage=${APP_PACKAGE}</arg>
<arg>appActivity=${APP_ACTIVITY}</arg>
<doc>Opens a new application to given Appium server.
Capabilities of appium server, Android and iOS,
Please check https://appium.io/docs/en/2.1/cli/args/
| *Option*            | *Man.* | *Description*     |
| remote_url          | Yes    | Appium server url |
| alias               | no     | alias             |
| strict_ssl          | No     | allows you to send commands to an invalid certificate host like a self-signed one. |</doc>
<status status="PASS" start="2025-05-31T14:34:12.484633" elapsed="5.042509"/>
</kw>
<kw name="Prepare Queue With One Podcast" owner="keywords">
<kw name="Wait Until Page Contains Element" owner="AppiumLibrary">
<msg time="2025-05-31T14:34:18.543097" level="INFO">criteria is de.danoeh.antennapod.debug:id/action_search</msg>
<arg>id=de.danoeh.antennapod.debug:id/action_search</arg>
<arg>timeout=10s</arg>
<doc>Waits until element specified with `locator` appears on current page.</doc>
<status status="PASS" start="2025-05-31T14:34:17.528144" elapsed="1.014953"/>
</kw>
<kw name="Click Element" owner="AppiumLibrary">
<msg time="2025-05-31T14:34:18.543097" level="INFO">Clicking element 'id=de.danoeh.antennapod.debug:id/action_search'.</msg>
<msg time="2025-05-31T14:34:18.685101" level="INFO">criteria is de.danoeh.antennapod.debug:id/action_search</msg>
<arg>id=de.danoeh.antennapod.debug:id/action_search</arg>
<doc>Click element identified by `locator`.</doc>
<status status="PASS" start="2025-05-31T14:34:18.543097" elapsed="0.142004"/>
</kw>
<kw name="Wait Until Element Is Visible" owner="AppiumLibrary">
<msg time="2025-05-31T14:34:20.203139" level="INFO">criteria is de.danoeh.antennapod.debug:id/search_src_text</msg>
<arg>id=de.danoeh.antennapod.debug:id/search_src_text</arg>
<arg>timeout=10</arg>
<doc>Waits until element specified with `locator` is visible.</doc>
<status status="PASS" start="2025-05-31T14:34:18.685101" elapsed="1.518038"/>
</kw>
<kw name="Input Text" owner="AppiumLibrary">
<msg time="2025-05-31T14:34:20.204141" level="INFO">Typing text 'nba' into text field 'id=de.danoeh.antennapod.debug:id/search_src_text'</msg>
<msg time="2025-05-31T14:34:20.934755" level="INFO">criteria is de.danoeh.antennapod.debug:id/search_src_text</msg>
<arg>id=de.danoeh.antennapod.debug:id/search_src_text</arg>
<arg>nba</arg>
<doc>Types the given `text` into text field identified by `locator`.</doc>
<status status="PASS" start="2025-05-31T14:34:20.203139" elapsed="0.731616"/>
</kw>
<kw name="Wait Until Element Is Visible" owner="AppiumLibrary">
<msg time="2025-05-31T14:34:22.357719" level="INFO">criteria is de.danoeh.antennapod.debug:id/actionButton
criteria is de.danoeh.antennapod.debug:id/actionButton</msg>
<arg>id=de.danoeh.antennapod.debug:id/actionButton</arg>
<arg>timeout=10</arg>
<doc>Waits until element specified with `locator` is visible.</doc>
<status status="PASS" start="2025-05-31T14:34:20.934755" elapsed="1.422964"/>
</kw>
<kw name="Click Element" owner="AppiumLibrary">
<msg time="2025-05-31T14:34:22.358719" level="INFO">Clicking element 'id=de.danoeh.antennapod.debug:id/actionButton'.</msg>
<msg time="2025-05-31T14:34:22.470719" level="INFO">criteria is de.danoeh.antennapod.debug:id/actionButton</msg>
<arg>id=de.danoeh.antennapod.debug:id/actionButton</arg>
<doc>Click element identified by `locator`.</doc>
<status status="PASS" start="2025-05-31T14:34:22.357719" elapsed="0.113000"/>
</kw>
<kw name="Wait Until Element Is Visible" owner="AppiumLibrary">
<msg time="2025-05-31T14:34:25.780803" level="INFO">xpath criteria: //android.widget.TextView[@resource-id="de.danoeh.antennapod.debug:id/txtvTitle" and @text="The Athletic NBA Daily"]
xpath criteria: //android.widget.TextView[@resource-id="de.danoeh.antennapod.debug:id/txtvTitle" and @text="The Athletic NBA Daily"]
xpath criteria: //android.widget.TextView[@resource-id="de.danoeh.antennapod.debug:id/txtvTitle" and @text="The Athletic NBA Daily"]
xpath criteria: //android.widget.TextView[@resource-id="de.danoeh.antennapod.debug:id/txtvTitle" and @text="The Athletic NBA Daily"]</msg>
<arg>xpath=//android.widget.TextView[@resource-id="de.danoeh.antennapod.debug:id/txtvTitle" and @text="The Athletic NBA Daily"]</arg>
<arg>timeout=15</arg>
<doc>Waits until element specified with `locator` is visible.</doc>
<status status="PASS" start="2025-05-31T14:34:22.471724" elapsed="3.310078"/>
</kw>
<kw name="Click Element" owner="AppiumLibrary">
<msg time="2025-05-31T14:34:25.781802" level="INFO">Clicking element 'xpath=//android.widget.TextView[@resource-id="de.danoeh.antennapod.debug:id/txtvTitle" and @text="The Athletic NBA Daily"]'.</msg>
<msg time="2025-05-31T14:34:26.810803" level="INFO">xpath criteria: //android.widget.TextView[@resource-id="de.danoeh.antennapod.debug:id/txtvTitle" and @text="The Athletic NBA Daily"]</msg>
<arg>xpath=//android.widget.TextView[@resource-id="de.danoeh.antennapod.debug:id/txtvTitle" and @text="The Athletic NBA Daily"]</arg>
<doc>Click element identified by `locator`.</doc>
<status status="PASS" start="2025-05-31T14:34:25.781802" elapsed="1.029001"/>
</kw>
<kw name="Wait Until Element Is Visible" owner="AppiumLibrary">
<msg time="2025-05-31T14:34:31.471540" level="INFO">xpath criteria: //android.widget.TextView[@resource-id="de.danoeh.antennapod.debug:id/txtvTitle" and @text="Can the Knicks force game 7?"]
xpath criteria: //android.widget.TextView[@resource-id="de.danoeh.antennapod.debug:id/txtvTitle" and @text="Can the Knicks force game 7?"]
xpath criteria: //android.widget.TextView[@resource-id="de.danoeh.antennapod.debug:id/txtvTitle" and @text="Can the Knicks force game 7?"]
xpath criteria: //android.widget.TextView[@resource-id="de.danoeh.antennapod.debug:id/txtvTitle" and @text="Can the Knicks force game 7?"]
xpath criteria: //android.widget.TextView[@resource-id="de.danoeh.antennapod.debug:id/txtvTitle" and @text="Can the Knicks force game 7?"]
xpath criteria: //android.widget.TextView[@resource-id="de.danoeh.antennapod.debug:id/txtvTitle" and @text="Can the Knicks force game 7?"]
xpath criteria: //android.widget.TextView[@resource-id="de.danoeh.antennapod.debug:id/txtvTitle" and @text="Can the Knicks force game 7?"]
xpath criteria: //android.widget.TextView[@resource-id="de.danoeh.antennapod.debug:id/txtvTitle" and @text="Can the Knicks force game 7?"]
xpath criteria: //android.widget.TextView[@resource-id="de.danoeh.antennapod.debug:id/txtvTitle" and @text="Can the Knicks force game 7?"]
xpath criteria: //android.widget.TextView[@resource-id="de.danoeh.antennapod.debug:id/txtvTitle" and @text="Can the Knicks force game 7?"]
xpath criteria: //android.widget.TextView[@resource-id="de.danoeh.antennapod.debug:id/txtvTitle" and @text="Can the Knicks force game 7?"]
xpath criteria: //android.widget.TextView[@resource-id="de.danoeh.antennapod.debug:id/txtvTitle" and @text="Can the Knicks force game 7?"]
xpath criteria: //android.widget.TextView[@resource-id="de.danoeh.antennapod.debug:id/txtvTitle" and @text="Can the Knicks force game 7?"]
xpath criteria: //android.widget.TextView[@resource-id="de.danoeh.antennapod.debug:id/txtvTitle" and @text="Can the Knicks force game 7?"]</msg>
<arg>xpath=//android.widget.TextView[@resource-id="de.danoeh.antennapod.debug:id/txtvTitle" and @text="Can the Knicks force game 7?"]</arg>
<arg>timeout=15</arg>
<doc>Waits until element specified with `locator` is visible.</doc>
<status status="PASS" start="2025-05-31T14:34:26.810803" elapsed="4.660737"/>
</kw>
<kw name="Click Element" owner="AppiumLibrary">
<msg time="2025-05-31T14:34:31.472542" level="INFO">Clicking element 'xpath=//android.widget.TextView[@resource-id="de.danoeh.antennapod.debug:id/txtvTitle" and @text="Can the Knicks force game 7?"]'.</msg>
<msg time="2025-05-31T14:34:31.622544" level="INFO">xpath criteria: //android.widget.TextView[@resource-id="de.danoeh.antennapod.debug:id/txtvTitle" and @text="Can the Knicks force game 7?"]</msg>
<arg>xpath=//android.widget.TextView[@resource-id="de.danoeh.antennapod.debug:id/txtvTitle" and @text="Can the Knicks force game 7?"]</arg>
<doc>Click element identified by `locator`.</doc>
<status status="PASS" start="2025-05-31T14:34:31.471540" elapsed="0.151004"/>
</kw>
<kw name="Wait Until Element Is Visible" owner="AppiumLibrary">
<msg time="2025-05-31T14:34:33.128422" level="INFO">criteria is de.danoeh.antennapod.debug:id/butAction1Text</msg>
<arg>id=de.danoeh.antennapod.debug:id/butAction1Text</arg>
<arg>timeout=10</arg>
<doc>Waits until element specified with `locator` is visible.</doc>
<status status="PASS" start="2025-05-31T14:34:31.622544" elapsed="1.505878"/>
</kw>
<kw name="Click Element" owner="AppiumLibrary">
<msg time="2025-05-31T14:34:33.129424" level="INFO">Clicking element 'id=de.danoeh.antennapod.debug:id/butAction1Text'.</msg>
<msg time="2025-05-31T14:34:33.237439" level="INFO">criteria is de.danoeh.antennapod.debug:id/butAction1Text</msg>
<arg>id=de.danoeh.antennapod.debug:id/butAction1Text</arg>
<doc>Click element identified by `locator`.</doc>
<status status="PASS" start="2025-05-31T14:34:33.128422" elapsed="0.109017"/>
</kw>
<kw name="Wait Until Element Is Visible" owner="AppiumLibrary">
<msg time="2025-05-31T14:34:35.146437" level="INFO">xpath criteria: //android.widget.ImageButton[@content-desc="Back"]</msg>
<arg>xpath=//android.widget.ImageButton[@content-desc="Back"]</arg>
<arg>timeout=10</arg>
<doc>Waits until element specified with `locator` is visible.</doc>
<status status="PASS" start="2025-05-31T14:34:33.237439" elapsed="1.908998"/>
</kw>
<kw name="Click Element" owner="AppiumLibrary">
<msg time="2025-05-31T14:34:35.147438" level="INFO">Clicking element 'xpath=//android.widget.ImageButton[@content-desc="Back"]'.</msg>
<msg time="2025-05-31T14:34:35.270437" level="INFO">xpath criteria: //android.widget.ImageButton[@content-desc="Back"]</msg>
<arg>xpath=//android.widget.ImageButton[@content-desc="Back"]</arg>
<doc>Click element identified by `locator`.</doc>
<status status="PASS" start="2025-05-31T14:34:35.146437" elapsed="0.124000"/>
</kw>
<kw name="Wait Until Element Is Visible" owner="AppiumLibrary">
<msg time="2025-05-31T14:34:36.523660" level="INFO">xpath criteria: //android.widget.ImageButton[@content-desc="Back"]</msg>
<arg>xpath=//android.widget.ImageButton[@content-desc="Back"]</arg>
<arg>timeout=10</arg>
<doc>Waits until element specified with `locator` is visible.</doc>
<status status="PASS" start="2025-05-31T14:34:35.271438" elapsed="1.252222"/>
</kw>
<kw name="Click Element" owner="AppiumLibrary">
<msg time="2025-05-31T14:34:36.524663" level="INFO">Clicking element 'xpath=//android.widget.ImageButton[@content-desc="Back"]'.</msg>
<msg time="2025-05-31T14:34:36.672195" level="INFO">xpath criteria: //android.widget.ImageButton[@content-desc="Back"]</msg>
<arg>xpath=//android.widget.ImageButton[@content-desc="Back"]</arg>
<doc>Click element identified by `locator`.</doc>
<status status="PASS" start="2025-05-31T14:34:36.523660" elapsed="0.148535"/>
</kw>
<status status="PASS" start="2025-05-31T14:34:17.527142" elapsed="19.145053"/>
</kw>
<kw name="Wait Until Element Is Visible" owner="AppiumLibrary">
<msg time="2025-05-31T14:34:37.519194" level="INFO">xpath criteria: (//android.widget.ImageView[@resource-id="de.danoeh.antennapod.debug:id/navigation_bar_item_icon_view"])[2]</msg>
<arg>xpath=(//android.widget.ImageView[@resource-id="de.danoeh.antennapod.debug:id/navigation_bar_item_icon_view"])[2]</arg>
<arg>timeout=10</arg>
<doc>Waits until element specified with `locator` is visible.</doc>
<status status="PASS" start="2025-05-31T14:34:36.673198" elapsed="0.845996"/>
</kw>
<kw name="Click Element" owner="AppiumLibrary">
<msg time="2025-05-31T14:34:37.520195" level="INFO">Clicking element 'xpath=(//android.widget.ImageView[@resource-id="de.danoeh.antennapod.debug:id/navigation_bar_item_icon_view"])[2]'.</msg>
<msg time="2025-05-31T14:34:39.662353" level="INFO">xpath criteria: (//android.widget.ImageView[@resource-id="de.danoeh.antennapod.debug:id/navigation_bar_item_icon_view"])[2]</msg>
<arg>xpath=(//android.widget.ImageView[@resource-id="de.danoeh.antennapod.debug:id/navigation_bar_item_icon_view"])[2]</arg>
<doc>Click element identified by `locator`.</doc>
<status status="PASS" start="2025-05-31T14:34:37.519194" elapsed="2.143159"/>
</kw>
<kw name="Clear Queue and Verify Empty" owner="keywords">
<kw name="Wait Until Element Is Visible" owner="AppiumLibrary">
<msg time="2025-05-31T14:34:39.767354" level="INFO">xpath criteria: //android.widget.ImageView[@content-desc="More options"]</msg>
<arg>xpath=//android.widget.ImageView[@content-desc="More options"]</arg>
<arg>timeout=10</arg>
<doc>Waits until element specified with `locator` is visible.</doc>
<status status="PASS" start="2025-05-31T14:34:39.663355" elapsed="0.103999"/>
</kw>
<kw name="Click Element" owner="AppiumLibrary">
<msg time="2025-05-31T14:34:39.768353" level="INFO">Clicking element 'xpath=//android.widget.ImageView[@content-desc="More options"]'.</msg>
<msg time="2025-05-31T14:34:39.884371" level="INFO">xpath criteria: //android.widget.ImageView[@content-desc="More options"]</msg>
<arg>xpath=//android.widget.ImageView[@content-desc="More options"]</arg>
<doc>Click element identified by `locator`.</doc>
<status status="PASS" start="2025-05-31T14:34:39.768353" elapsed="0.116018"/>
</kw>
<kw name="Wait Until Element Is Visible" owner="AppiumLibrary">
<msg time="2025-05-31T14:34:40.905474" level="INFO">xpath criteria: //android.widget.TextView[@resource-id="de.danoeh.antennapod.debug:id/title" and @text="Clear queue"]
xpath criteria: //android.widget.TextView[@resource-id="de.danoeh.antennapod.debug:id/title" and @text="Clear queue"]</msg>
<arg>xpath=//android.widget.TextView[@resource-id="de.danoeh.antennapod.debug:id/title" and @text="Clear queue"]</arg>
<arg>timeout=10</arg>
<doc>Waits until element specified with `locator` is visible.</doc>
<status status="PASS" start="2025-05-31T14:34:39.884371" elapsed="1.021103"/>
</kw>
<kw name="Click Element" owner="AppiumLibrary">
<msg time="2025-05-31T14:34:40.906476" level="INFO">Clicking element 'xpath=//android.widget.TextView[@resource-id="de.danoeh.antennapod.debug:id/title" and @text="Clear queue"]'.</msg>
<msg time="2025-05-31T14:34:42.197213" level="INFO">xpath criteria: //android.widget.TextView[@resource-id="de.danoeh.antennapod.debug:id/title" and @text="Clear queue"]</msg>
<arg>xpath=//android.widget.TextView[@resource-id="de.danoeh.antennapod.debug:id/title" and @text="Clear queue"]</arg>
<doc>Click element identified by `locator`.</doc>
<status status="PASS" start="2025-05-31T14:34:40.905474" elapsed="1.291739"/>
</kw>
<kw name="Wait Until Element Is Visible" owner="AppiumLibrary">
<msg time="2025-05-31T14:34:42.237213" level="INFO">xpath criteria: //android.widget.Button[@resource-id="android:id/button1"]</msg>
<arg>xpath=//android.widget.Button[@resource-id="android:id/button1"]</arg>
<arg>timeout=10</arg>
<doc>Waits until element specified with `locator` is visible.</doc>
<status status="PASS" start="2025-05-31T14:34:42.197213" elapsed="0.040000"/>
</kw>
<kw name="Click Element" owner="AppiumLibrary">
<msg time="2025-05-31T14:34:42.238215" level="INFO">Clicking element 'xpath=//android.widget.Button[@resource-id="android:id/button1"]'.</msg>
<msg time="2025-05-31T14:34:42.342214" level="INFO">xpath criteria: //android.widget.Button[@resource-id="android:id/button1"]</msg>
<arg>xpath=//android.widget.Button[@resource-id="android:id/button1"]</arg>
<doc>Click element identified by `locator`.</doc>
<status status="PASS" start="2025-05-31T14:34:42.237213" elapsed="0.105001"/>
</kw>
<kw name="Wait Until Element Is Visible" owner="AppiumLibrary">
<msg time="2025-05-31T14:34:43.379610" level="INFO">criteria is de.danoeh.antennapod.debug:id/emptyViewTitle</msg>
<arg>id=de.danoeh.antennapod.debug:id/emptyViewTitle</arg>
<arg>timeout=5</arg>
<doc>Waits until element specified with `locator` is visible.</doc>
<status status="PASS" start="2025-05-31T14:34:42.342214" elapsed="1.037396"/>
</kw>
<kw name="Element Text Should Be" owner="AppiumLibrary">
<msg time="2025-05-31T14:34:43.380613" level="INFO">Verifying element 'id=de.danoeh.antennapod.debug:id/emptyViewTitle' contains exactly text 'No queued episodes'.</msg>
[...]
<msg time="2025-05-31T14:35:19.038285" level="INFO">Clicking element 'id=de.danoeh.antennapod.debug:id/butAction1Text'.</msg>
<msg time="2025-05-31T14:35:19.134433" level="INFO">criteria is de.danoeh.antennapod.debug:id/butAction1Text</msg>
<arg>id=de.danoeh.antennapod.debug:id/butAction1Text</arg>
<doc>Click element identified by `locator`.</doc>
<status status="PASS" start="2025-05-31T14:35:19.038285" elapsed="0.096148"/>
</kw>
<kw name="Wait Until Element Is Visible" owner="AppiumLibrary">
<msg time="2025-05-31T14:35:21.031782" level="INFO">xpath criteria: //android.widget.ImageButton[@content-desc="Back"]</msg>
<arg>xpath=//android.widget.ImageButton[@content-desc="Back"]</arg>
<arg>timeout=10</arg>
<doc>Waits until element specified with `locator` is visible.</doc>
<status status="PASS" start="2025-05-31T14:35:19.134433" elapsed="1.897349"/>
</kw>
<kw name="Click Element" owner="AppiumLibrary">
<msg time="2025-05-31T14:35:21.032782" level="INFO">Clicking element 'xpath=//android.widget.ImageButton[@content-desc="Back"]'.</msg>
<msg time="2025-05-31T14:35:21.184175" level="INFO">xpath criteria: //android.widget.ImageButton[@content-desc="Back"]</msg>
<arg>xpath=//android.widget.ImageButton[@content-desc="Back"]</arg>
<doc>Click element identified by `locator`.</doc>
<status status="PASS" start="2025-05-31T14:35:21.031782" elapsed="0.152393"/>
</kw>
<kw name="Wait Until Element Is Visible" owner="AppiumLibrary">
<msg time="2025-05-31T14:35:22.789742" level="INFO">xpath criteria: //android.widget.ImageButton[@content-desc="Back"]</msg>
<arg>xpath=//android.widget.ImageButton[@content-desc="Back"]</arg>
<arg>timeout=10</arg>
<doc>Waits until element specified with `locator` is visible.</doc>
<status status="PASS" start="2025-05-31T14:35:21.185176" elapsed="1.604566"/>
</kw>
<kw name="Click Element" owner="AppiumLibrary">
<msg time="2025-05-31T14:35:22.790742" level="INFO">Clicking element 'xpath=//android.widget.ImageButton[@content-desc="Back"]'.</msg>
<msg time="2025-05-31T14:35:23.554360" level="INFO">xpath criteria: //android.widget.ImageButton[@content-desc="Back"]</msg>
<arg>xpath=//android.widget.ImageButton[@content-desc="Back"]</arg>
<doc>Click element identified by `locator`.</doc>
<status status="PASS" start="2025-05-31T14:35:22.789742" elapsed="0.764618"/>
</kw>
<status status="PASS" start="2025-05-31T14:35:03.733551" elapsed="19.820809"/>
</kw>
<kw name="Wait Until Element Is Visible" owner="AppiumLibrary">
<msg time="2025-05-31T14:35:24.414359" level="INFO">xpath criteria: (//android.widget.ImageView[@resource-id="de.danoeh.antennapod.debug:id/navigation_bar_item_icon_view"])[2]</msg>
<arg>xpath=(//android.widget.ImageView[@resource-id="de.danoeh.antennapod.debug:id/navigation_bar_item_icon_view"])[2]</arg>
<arg>timeout=10</arg>
<doc>Waits until element specified with `locator` is visible.</doc>
<status status="PASS" start="2025-05-31T14:35:23.554360" elapsed="0.859999"/>
</kw>
<kw name="Click Element" owner="AppiumLibrary">
<msg time="2025-05-31T14:35:24.415358" level="INFO">Clicking element 'xpath=(//android.widget.ImageView[@resource-id="de.danoeh.antennapod.debug:id/navigation_bar_item_icon_view"])[2]'.</msg>
<msg time="2025-05-31T14:35:25.753404" level="INFO">xpath criteria: (//android.widget.ImageView[@resource-id="de.danoeh.antennapod.debug:id/navigation_bar_item_icon_view"])[2]</msg>
<arg>xpath=(//android.widget.ImageView[@resource-id="de.danoeh.antennapod.debug:id/navigation_bar_item_icon_view"])[2]</arg>
<doc>Click element identified by `locator`.</doc>
<status status="PASS" start="2025-05-31T14:35:24.415358" elapsed="1.338046"/>
</kw>
<kw name="Lock Queue" owner="keywords">
<kw name="Wait Until Element Is Visible" owner="AppiumLibrary">
<msg time="2025-05-31T14:35:25.828622" level="INFO">xpath criteria: //android.widget.ImageView[@content-desc="More options"]</msg>
<arg>xpath=//android.widget.ImageView[@content-desc="More options"]</arg>
<arg>timeout=10</arg>
<doc>Waits until element specified with `locator` is visible.</doc>
<status status="PASS" start="2025-05-31T14:35:25.754404" elapsed="0.074218"/>
</kw>
<kw name="Click Element" owner="AppiumLibrary">
<msg time="2025-05-31T14:35:25.829618" level="INFO">Clicking element 'xpath=//android.widget.ImageView[@content-desc="More options"]'.</msg>
<msg time="2025-05-31T14:35:26.554952" level="INFO">xpath criteria: //android.widget.ImageView[@content-desc="More options"]</msg>
<arg>xpath=//android.widget.ImageView[@content-desc="More options"]</arg>
<doc>Click element identified by `locator`.</doc>
<status status="PASS" start="2025-05-31T14:35:25.828622" elapsed="0.726330"/>
</kw>
<kw name="Wait Until Element Is Visible" owner="AppiumLibrary">
<msg time="2025-05-31T14:35:27.621522" level="INFO">xpath criteria: //android.widget.TextView[@resource-id="de.danoeh.antennapod.debug:id/title" and @text="Lock queue"]
xpath criteria: //android.widget.TextView[@resource-id="de.danoeh.antennapod.debug:id/title" and @text="Lock queue"]</msg>
<arg>xpath=//android.widget.TextView[@resource-id="de.danoeh.antennapod.debug:id/title" and @text="Lock queue"]</arg>
<arg>timeout=10</arg>
<doc>Waits until element specified with `locator` is visible.</doc>
<status status="PASS" start="2025-05-31T14:35:26.554952" elapsed="1.066570"/>
</kw>
<kw name="Click Element" owner="AppiumLibrary">
<msg time="2025-05-31T14:35:27.622520" level="INFO">Clicking element 'xpath=//android.widget.TextView[@resource-id="de.danoeh.antennapod.debug:id/title" and @text="Lock queue"]'.</msg>
<msg time="2025-05-31T14:35:28.995950" level="INFO">xpath criteria: //android.widget.TextView[@resource-id="de.danoeh.antennapod.debug:id/title" and @text="Lock queue"]</msg>
<arg>xpath=//android.widget.TextView[@resource-id="de.danoeh.antennapod.debug:id/title" and @text="Lock queue"]</arg>
<doc>Click element identified by `locator`.</doc>
<status status="PASS" start="2025-05-31T14:35:27.621522" elapsed="1.374428"/>
</kw>
<kw name="Wait Until Element Is Visible" owner="AppiumLibrary">
<msg time="2025-05-31T14:35:29.033948" level="INFO">xpath criteria: //android.widget.Button[@resource-id="android:id/button1"]</msg>
<arg>xpath=//android.widget.Button[@resource-id="android:id/button1"]</arg>
<arg>timeout=10</arg>
<doc>Waits until element specified with `locator` is visible.</doc>
<status status="PASS" start="2025-05-31T14:35:28.995950" elapsed="0.037998"/>
</kw>
<kw name="Click Element" owner="AppiumLibrary">
<msg time="2025-05-31T14:35:29.034948" level="INFO">Clicking element 'xpath=//android.widget.Button[@resource-id="android:id/button1"]'.</msg>
<msg time="2025-05-31T14:35:29.139952" level="INFO">xpath criteria: //android.widget.Button[@resource-id="android:id/button1"]</msg>
<arg>xpath=//android.widget.Button[@resource-id="android:id/button1"]</arg>
<doc>Click element identified by `locator`.</doc>
<status status="PASS" start="2025-05-31T14:35:29.034948" elapsed="0.105004"/>
</kw>
<status status="PASS" start="2025-05-31T14:35:25.753404" elapsed="3.386548"/>
</kw>
<kw name="Page Should Not Contain Element" owner="AppiumLibrary">
<msg time="2025-05-31T14:35:29.458465" level="INFO">Current page not contains element 'id=de.danoeh.antennapod.debug:id/drag_handle'.</msg>
<msg time="2025-05-31T14:35:29.458465" level="INFO">criteria is de.danoeh.antennapod.debug:id/drag_handle</msg>
<arg>id=de.danoeh.antennapod.debug:id/drag_handle</arg>
<doc>Verifies that current page not contains `locator` element.</doc>
<status status="PASS" start="2025-05-31T14:35:29.139952" elapsed="0.319514"/>
</kw>
<kw name="Reset App And Close" owner="keywords" type="TEARDOWN">
<kw name="Run Process" owner="Process">
<msg time="2025-05-31T14:35:29.459466" level="INFO">Starting process:
adb shell "pm clear de.danoeh.antennapod.debug"</msg>
<msg time="2025-05-31T14:35:29.462468" level="INFO">Waiting for process to complete.</msg>
<msg time="2025-05-31T14:35:29.803614" level="INFO">Process completed.</msg>
<arg>adb</arg>
<arg>shell</arg>
<arg>pm clear ${APP_PACKAGE}</arg>
<doc>Runs a process and waits for it to complete.</doc>
<status status="PASS" start="2025-05-31T14:35:29.459466" elapsed="0.344148"/>
</kw>
<kw name="Sleep" owner="BuiltIn">
<msg time="2025-05-31T14:35:30.804188" level="INFO">Slept 1 second.</msg>
<arg>1s</arg>
<doc>Pauses the test executed for the given time.</doc>
<status status="PASS" start="2025-05-31T14:35:29.803614" elapsed="1.000574"/>
</kw>
<kw name="Close Application" owner="AppiumLibrary">
<doc>Closes the current application and also close webdriver session.</doc>
<status status="PASS" start="2025-05-31T14:35:30.804188" elapsed="0.381215"/>
</kw>
<status status="PASS" start="2025-05-31T14:35:29.459466" elapsed="1.725937"/>
</kw>
<status status="PASS" start="2025-05-31T14:34:58.487210" elapsed="32.698193"/>
</test>
<status status="PASS" start="2025-05-31T14:34:45.003584" elapsed="46.182820"/>
</suite>
<suite id="s1-s4" name="UC-SM-01" source="C:\Users\user\Desktop\Appium Testing\AntennaPod\test_script\UC-SM-01.robot">
<test id="s1-s4-t1" name="Add Channel To Subscription" line="13">
<kw name="Open Application" owner="AppiumLibrary" type="SETUP">
<arg>${REMOTE_URL}</arg>
<arg>platformName=${PLATFORM_NAME}</arg>
<arg>automationName=${AUTOMATION_NAME}</arg>
<arg>deviceName=${DEVICE_NAME}</arg>
<arg>appPackage=${APP_PACKAGE}</arg>
<arg>appActivity=${APP_ACTIVITY}</arg>
<doc>Opens a new application to given Appium server.
Capabilities of appium server, Android and iOS,
Please check https://appium.io/docs/en/2.1/cli/args/
| *Option*            | *Man.* | *Description*     |
| remote_url          | Yes    | Appium server url |
| alias               | no     | alias             |
| strict_ssl          | No     | allows you to send commands to an invalid certificate host like a self-signed one. |</doc>
<status status="PASS" start="2025-05-31T14:35:31.191403" elapsed="5.371697"/>
</kw>
<kw name="Wait Until Page Contains Element" owner="AppiumLibrary">
<msg time="2025-05-31T14:35:37.717053" level="INFO">criteria is de.danoeh.antennapod.debug:id/action_search</msg>
<arg>id=de.danoeh.antennapod.debug:id/action_search</arg>
<arg>timeout=10s</arg>
<doc>Waits until element specified with `locator` appears on current page.</doc>
<status status="PASS" start="2025-05-31T14:35:36.564101" elapsed="1.153953"/>
</kw>
<kw name="Click Element" owner="AppiumLibrary">
<msg time="2025-05-31T14:35:37.718054" level="INFO">Clicking element 'id=de.danoeh.antennapod.debug:id/action_search'.</msg>
<msg time="2025-05-31T14:35:37.874054" level="INFO">criteria is de.danoeh.antennapod.debug:id/action_search</msg>
<arg>id=de.danoeh.antennapod.debug:id/action_search</arg>
<doc>Click element identified by `locator`.</doc>
<status status="PASS" start="2025-05-31T14:35:37.718054" elapsed="0.156000"/>
</kw>
<kw name="Wait Until Element Is Visible" owner="AppiumLibrary">
<msg time="2025-05-31T14:35:39.343772" level="INFO">criteria is de.danoeh.antennapod.debug:id/search_src_text</msg>
<arg>id=de.danoeh.antennapod.debug:id/search_src_text</arg>
<arg>timeout=10</arg>
<doc>Waits until element specified with `locator` is visible.</doc>
<status status="PASS" start="2025-05-31T14:35:37.875053" elapsed="1.468719"/>
</kw>
<kw name="Input Text" owner="AppiumLibrary">
<msg time="2025-05-31T14:35:39.345772" level="INFO">Typing text 'nba' into text field 'id=de.danoeh.antennapod.debug:id/search_src_text'</msg>
<msg time="2025-05-31T14:35:40.069943" level="INFO">criteria is de.danoeh.antennapod.debug:id/search_src_text</msg>
<arg>id=de.danoeh.antennapod.debug:id/search_src_text</arg>
<arg>nba</arg>
<doc>Types the given `text` into text field identified by `locator`.</doc>
<status status="PASS" start="2025-05-31T14:35:39.344772" elapsed="0.725171"/>
</kw>
<kw name="Wait Until Element Is Visible" owner="AppiumLibrary">
<msg time="2025-05-31T14:35:41.506359" level="INFO">criteria is de.danoeh.antennapod.debug:id/actionButton
criteria is de.danoeh.antennapod.debug:id/actionButton</msg>
<arg>id=de.danoeh.antennapod.debug:id/actionButton</arg>
<arg>timeout=10</arg>
<doc>Waits until element specified with `locator` is visible.</doc>
<status status="PASS" start="2025-05-31T14:35:40.069943" elapsed="1.436416"/>
</kw>
<kw name="Click Element" owner="AppiumLibrary">
<msg time="2025-05-31T14:35:41.507362" level="INFO">Clicking element 'id=de.danoeh.antennapod.debug:id/actionButton'.</msg>
<msg time="2025-05-31T14:35:41.626054" level="INFO">criteria is de.danoeh.antennapod.debug:id/actionButton</msg>
<arg>id=de.danoeh.antennapod.debug:id/actionButton</arg>
<doc>Click element identified by `locator`.</doc>
<status status="PASS" start="2025-05-31T14:35:41.506359" elapsed="0.119695"/>
</kw>
<kw name="Wait Until Element Is Visible" owner="AppiumLibrary">
<msg time="2025-05-31T14:35:44.637462" level="INFO">xpath criteria: //android.widget.TextView[@resource-id="de.danoeh.antennapod.debug:id/txtvTitle" and @text="The Athletic NBA Daily"]</msg>
<arg>xpath=//android.widget.TextView[@resource-id="de.danoeh.antennapod.debug:id/txtvTitle" and @text="The Athletic NBA Daily"]</arg>
<arg>timeout=15</arg>
<doc>Waits until element specified with `locator` is visible.</doc>
<status status="PASS" start="2025-05-31T14:35:41.627055" elapsed="3.010407"/>
</kw>
<kw name="Click Element" owner="AppiumLibrary">
<msg time="2025-05-31T14:35:44.638461" level="INFO">Clicking element 'xpath=//android.widget.TextView[@resource-id="de.danoeh.antennapod.debug:id/txtvTitle" and @text="The Athletic NBA Daily"]'.</msg>
<msg time="2025-05-31T14:35:45.694462" level="INFO">xpath criteria: //android.widget.TextView[@resource-id="de.danoeh.antennapod.debug:id/txtvTitle" and @text="The Athletic NBA Daily"]</msg>
<arg>xpath=//android.widget.TextView[@resource-id="de.danoeh.antennapod.debug:id/txtvTitle" and @text="The Athletic NBA Daily"]</arg>
<doc>Click element identified by `locator`.</doc>
<status status="PASS" start="2025-05-31T14:35:44.637462" elapsed="1.057000"/>
</kw>
<kw name="Wait Until Element Is Visible" owner="AppiumLibrary">
<msg time="2025-05-31T14:35:50.449861" level="INFO">criteria is de.danoeh.antennapod.debug:id/butSubscribe
criteria is de.danoeh.antennapod.debug:id/butSubscribe
criteria is de.danoeh.antennapod.debug:id/butSubscribe
criteria is de.danoeh.antennapod.debug:id/butSubscribe
criteria is de.danoeh.antennapod.debug:id/butSubscribe
criteria is de.danoeh.antennapod.debug:id/butSubscribe
criteria is de.danoeh.antennapod.debug:id/butSubscribe
criteria is de.danoeh.antennapod.debug:id/butSubscribe
criteria is de.danoeh.antennapod.debug:id/butSubscribe
criteria is de.danoeh.antennapod.debug:id/butSubscribe
criteria is de.danoeh.antennapod.debug:id/butSubscribe
criteria is de.danoeh.antennapod.debug:id/butSubscribe
criteria is de.danoeh.antennapod.debug:id/butSubscribe
criteria is de.danoeh.antennapod.debug:id/butSubscribe
criteria is de.danoeh.antennapod.debug:id/butSubscribe</msg>
<arg>id=de.danoeh.antennapod.debug:id/butSubscribe</arg>
<arg>timeout=10</arg>
<doc>Waits until element specified with `locator` is visible.</doc>
<status status="PASS" start="2025-05-31T14:35:45.694462" elapsed="4.755399"/>
</kw>
<kw name="Click Element" owner="AppiumLibrary">
<msg time="2025-05-31T14:35:50.450863" level="INFO">Clicking element 'id=de.danoeh.antennapod.debug:id/butSubscribe'.</msg>
<msg time="2025-05-31T14:35:50.568863" level="INFO">criteria is de.danoeh.antennapod.debug:id/butSubscribe</msg>
<arg>id=de.danoeh.antennapod.debug:id/butSubscribe</arg>
<doc>Click element identified by `locator`.</doc>
<status status="PASS" start="2025-05-31T14:35:50.449861" elapsed="0.119002"/>
</kw>
<kw name="Wait Until Element Is Visible" owner="AppiumLibrary">
<msg time="2025-05-31T14:35:52.294647" level="INFO">xpath criteria: (//android.widget.ImageView[@resource-id="de.danoeh.antennapod.debug:id/navigation_bar_item_icon_view"])[4]</msg>
<arg>xpath=(//android.widget.ImageView[@resource-id="de.danoeh.antennapod.debug:id/navigation_bar_item_icon_view"])[4]</arg>
<arg>timeout=10</arg>
<doc>Waits until element specified with `locator` is visible.</doc>
<status status="PASS" start="2025-05-31T14:35:50.569865" elapsed="1.724782"/>
</kw>
<kw name="Click Element" owner="AppiumLibrary">
<msg time="2025-05-31T14:35:52.295644" level="INFO">Clicking element 'xpath=(//android.widget.ImageView[@resource-id="de.danoeh.antennapod.debug:id/navigation_bar_item_icon_view"])[4]'.</msg>
<msg time="2025-05-31T14:35:53.154139" level="INFO">xpath criteria: (//android.widget.ImageView[@resource-id="de.danoeh.antennapod.debug:id/navigation_bar_item_icon_view"])[4]</msg>
<arg>xpath=(//android.widget.ImageView[@resource-id="de.danoeh.antennapod.debug:id/navigation_bar_item_icon_view"])[4]</arg>
<doc>Click element identified by `locator`.</doc>
<status status="PASS" start="2025-05-31T14:35:52.294647" elapsed="0.859492"/>
</kw>
<kw name="Wait Until Element Is Visible" owner="AppiumLibrary">
<msg time="2025-05-31T14:35:54.328426" level="INFO">xpath criteria: //android.widget.ImageView[@content-desc="The Athletic NBA Daily"]
xpath criteria: //android.widget.ImageView[@content-desc="The Athletic NBA Daily"]</msg>
<arg>xpath=//android.widget.ImageView[@content-desc="The Athletic NBA Daily"]</arg>
<arg>timeout=10</arg>
<doc>Waits until element specified with `locator` is visible.</doc>
<status status="PASS" start="2025-05-31T14:35:53.155139" elapsed="1.173287"/>
</kw>
<kw name="Page Should Contain Element" owner="AppiumLibrary">
<msg time="2025-05-31T14:35:54.389427" level="INFO">Current page contains element 'xpath=//android.widget.ImageView[@content-desc="The Athletic NBA Daily"]'.</msg>
<msg time="2025-05-31T14:35:54.389427" level="INFO">xpath criteria: //android.widget.ImageView[@content-desc="The Athletic NBA Daily"]</msg>
<arg>xpath=//android.widget.ImageView[@content-desc="The Athletic NBA Daily"]</arg>
<doc>Verifies that current page contains `locator` element.</doc>
<status status="PASS" start="2025-05-31T14:35:54.328426" elapsed="0.061001"/>
</kw>
<kw name="Reset App And Close" owner="keywords" type="TEARDOWN">
<kw name="Run Process" owner="Process">
<msg time="2025-05-31T14:35:54.390426" level="INFO">Starting process:
adb shell "pm clear de.danoeh.antennapod.debug"</msg>
<msg time="2025-05-31T14:35:54.392426" level="INFO">Waiting for process to complete.</msg>
<msg time="2025-05-31T14:35:54.634427" level="INFO">Process completed.</msg>
<arg>adb</arg>
<arg>shell</arg>
<arg>pm clear ${APP_PACKAGE}</arg>
<doc>Runs a process and waits for it to complete.</doc>
<status status="PASS" start="2025-05-31T14:35:54.390426" elapsed="0.244001"/>
</kw>
<kw name="Sleep" owner="BuiltIn">
<msg time="2025-05-31T14:35:55.635237" level="INFO">Slept 1 second.</msg>
<arg>1s</arg>
<doc>Pauses the test executed for the given time.</doc>
<status status="PASS" start="2025-05-31T14:35:54.634427" elapsed="1.000810"/>
</kw>
<kw name="Close Application" owner="AppiumLibrary">
<doc>Closes the current application and also close webdriver session.</doc>
<status status="PASS" start="2025-05-31T14:35:55.635237" elapsed="0.254001"/>
</kw>
<status status="PASS" start="2025-05-31T14:35:54.390426" elapsed="1.499812"/>
</kw>
<status status="PASS" start="2025-05-31T14:35:31.191403" elapsed="24.698835"/>
</test>
<status status="PASS" start="2025-05-31T14:35:31.186404" elapsed="24.703834"/>
</suite>
<status status="PASS" start="2025-05-31T14:32:30.504680" elapsed="205.386557"/>
</suite>
<statistics>
<total>
<stat pass="8" fail="0" skip="0">All Tests</stat>
</total>
<tag>
</tag>
<suite>
<stat name="Test Script" id="s1" pass="8" fail="0" skip="0">Test Script</stat>
<stat name="UC-QC-05" id="s1-s1" pass="3" fail="0" skip="0">Test Script.UC-QC-05</stat>
<stat name="UC-QC-06" id="s1-s2" pass="2" fail="0" skip="0">Test Script.UC-QC-06</stat>
<stat name="UC-QC-07" id="s1-s3" pass="2" fail="0" skip="0">Test Script.UC-QC-07</stat>
<stat name="UC-SM-01" id="s1-s4" pass="1" fail="0" skip="0">Test Script.UC-SM-01</stat>
</suite>
</statistics>
<errors>
</errors>
</robot>
