<?xml version="1.0" encoding="UTF-8"?>
<robot generator="Robot 7.2.2 (Python 3.12.2 on win32)" generated="2025-05-25T23:08:05.408649" rpa="false" schemaversion="5">
<suite id="s1" name="Example" source="C:\Users\user\Desktop\Appium Testing\AntennaPod\example.robot">
<test id="s1-t1" name="Clear Queue And Assert Empty Message" line="6">
<kw name="Open Application" owner="AppiumLibrary">
<arg>${REMOTE_URL}</arg>
<arg>platformName=${PLATFORM_NAME}</arg>
<arg>automationName=${AUTOMATION_NAME}</arg>
<arg>deviceName=${DEVICE_NAME}</arg>
<arg>appPackage=${APP_PACKAGE}</arg>
<arg>appActivity=${APP_ACTIVITY}</arg>
<doc>Opens a new application to given Appium server.
Capabilities of appium server, Android and iOS,
Please check https://appium.io/docs/en/2.1/cli/args/
| *Option*            | *Man.* | *Description*     |
| remote_url          | Yes    | Appium server url |
| alias               | no     | alias             |
| strict_ssl          | No     | allows you to send commands to an invalid certificate host like a self-signed one. |</doc>
<status status="PASS" start="2025-05-25T23:08:05.577976" elapsed="6.146533"/>
</kw>
<kw name="Click Element" owner="AppiumLibrary">
<msg time="2025-05-25T23:08:11.725508" level="INFO">Clicking element 'xpath=(//android.widget.FrameLayout[@resource-id="de.danoeh.antennapod.debug:id/navigation_bar_item_icon_container"])[2]'.</msg>
<msg time="2025-05-25T23:08:14.297091" level="INFO">xpath criteria: (//android.widget.FrameLayout[@resource-id="de.danoeh.antennapod.debug:id/navigation_bar_item_icon_container"])[2]</msg>
<arg>xpath=(//android.widget.FrameLayout[@resource-id="de.danoeh.antennapod.debug:id/navigation_bar_item_icon_container"])[2]</arg>
<doc>Click element identified by `locator`.</doc>
<status status="PASS" start="2025-05-25T23:08:11.724509" elapsed="2.572582"/>
</kw>
<kw name="Wait Until Page Contains Element" owner="AppiumLibrary">
<msg time="2025-05-25T23:08:14.365090" level="INFO">xpath criteria: //android.widget.ImageView[@content-desc="More options"]</msg>
<arg>xpath=//android.widget.ImageView[@content-desc="More options"]</arg>
<arg>timeout=10s</arg>
<doc>Waits until element specified with `locator` appears on current page.</doc>
<status status="PASS" start="2025-05-25T23:08:14.298091" elapsed="0.066999"/>
</kw>
<kw name="Click Element" owner="AppiumLibrary">
<msg time="2025-05-25T23:08:14.366091" level="INFO">Clicking element 'xpath=//android.widget.ImageView[@content-desc="More options"]'.</msg>
<msg time="2025-05-25T23:08:14.490100" level="INFO">xpath criteria: //android.widget.ImageView[@content-desc="More options"]</msg>
<arg>xpath=//android.widget.ImageView[@content-desc="More options"]</arg>
<doc>Click element identified by `locator`.</doc>
<status status="PASS" start="2025-05-25T23:08:14.365090" elapsed="0.126013"/>
</kw>
<kw name="Wait Until Page Contains Element" owner="AppiumLibrary">
<msg time="2025-05-25T23:08:15.380771" level="INFO">xpath criteria: //android.widget.TextView[@text="Clear queue"]
xpath criteria: //android.widget.TextView[@text="Clear queue"]</msg>
<arg>xpath=//android.widget.TextView[@text="Clear queue"]</arg>
<arg>timeout=10s</arg>
<doc>Waits until element specified with `locator` appears on current page.</doc>
<status status="PASS" start="2025-05-25T23:08:14.491103" elapsed="0.890666"/>
</kw>
<kw name="Click Element" owner="AppiumLibrary">
<msg time="2025-05-25T23:08:15.382768" level="INFO">Clicking element 'xpath=//android.widget.TextView[@resource-id="de.danoeh.antennapod.debug:id/title" and @text="Clear queue"]'.</msg>
<msg time="2025-05-25T23:08:16.618927" level="INFO">xpath criteria: //android.widget.TextView[@resource-id="de.danoeh.antennapod.debug:id/title" and @text="Clear queue"]</msg>
<arg>xpath=//android.widget.TextView[@resource-id="de.danoeh.antennapod.debug:id/title" and @text="Clear queue"]</arg>
<doc>Click element identified by `locator`.</doc>
<status status="PASS" start="2025-05-25T23:08:15.381769" elapsed="1.238151"/>
</kw>
<kw name="Click Element" owner="AppiumLibrary">
<msg time="2025-05-25T23:08:16.619920" level="INFO">Clicking element 'xpath=//android.widget.Button[@resource-id="android:id/button1"]'.</msg>
<msg time="2025-05-25T23:08:16.727971" level="INFO">xpath criteria: //android.widget.Button[@resource-id="android:id/button1"]</msg>
<arg>xpath=//android.widget.Button[@resource-id="android:id/button1"]</arg>
<doc>Click element identified by `locator`.</doc>
<status status="PASS" start="2025-05-25T23:08:16.619920" elapsed="0.108051"/>
</kw>
<kw name="Wait Until Page Contains Element" owner="AppiumLibrary">
<msg time="2025-05-25T23:08:16.828996" level="INFO">xpath criteria: //android.widget.TextView[@resource-id="de.danoeh.antennapod.debug:id/emptyViewTitle"]</msg>
<arg>xpath=//android.widget.TextView[@resource-id="de.danoeh.antennapod.debug:id/emptyViewTitle"]</arg>
<arg>10s</arg>
<doc>Waits until element specified with `locator` appears on current page.</doc>
<status status="PASS" start="2025-05-25T23:08:16.727971" elapsed="0.101025"/>
</kw>
<kw name="Element Text Should Be" owner="AppiumLibrary">
<msg time="2025-05-25T23:08:16.830701" level="INFO">Verifying element 'xpath=//android.widget.TextView[@resource-id="de.danoeh.antennapod.debug:id/emptyViewTitle"]' contains exactly text 'No queued episodes'.</msg>
<msg time="2025-05-25T23:08:17.446896" level="INFO">xpath criteria: //android.widget.TextView[@resource-id="de.danoeh.antennapod.debug:id/emptyViewTitle"]</msg>
<arg>xpath=//android.widget.TextView[@resource-id="de.danoeh.antennapod.debug:id/emptyViewTitle"]</arg>
<arg>No queued episodes</arg>
<doc>Verifies element identified by ``locator`` exactly contains text ``expected``.</doc>
<status status="PASS" start="2025-05-25T23:08:16.829996" elapsed="0.616900"/>
</kw>
<kw name="Close Application" owner="AppiumLibrary">
<doc>Closes the current application and also close webdriver session.</doc>
<status status="PASS" start="2025-05-25T23:08:17.446896" elapsed="0.380445"/>
</kw>
<doc>點擊佇列、清除佇列、確認顯示 "No queued episodes"</doc>
<status status="PASS" start="2025-05-25T23:08:05.576976" elapsed="12.250365"/>
</test>
<status status="PASS" start="2025-05-25T23:08:05.409650" elapsed="12.418689"/>
</suite>
<statistics>
<total>
<stat pass="1" fail="0" skip="0">All Tests</stat>
</total>
<tag>
</tag>
<suite>
<stat name="Example" id="s1" pass="1" fail="0" skip="0">Example</stat>
</suite>
</statistics>
<errors>
</errors>
</robot>
