<?xml version="1.0" encoding="UTF-8"?>
<robot generator="Robot 7.2.2 (Python 3.12.2 on win32)" generated="2025-06-07T04:00:10.109561" rpa="false" schemaversion="5">
<suite id="s1" name="UC-SM" source="C:\Users\user\Desktop\Appium Testing\AntennaPod\test_script_refactor\UC-SM\UC-SM.robot">
<test id="s1-t1" name="Test Add Channel To Subscription" line="11">
<kw name="Run Keywords" owner="BuiltIn" type="SETUP">
<kw name="Open antennapod" owner="common">
<kw name="Open Application" owner="AppiumLibrary">
<arg>${REMOTE_URL}</arg>
<arg>platformName=${PLATFORM_NAME}</arg>
<arg>deviceName=${DEVICE_NAME}</arg>
<arg>automationName=UiAutomator2</arg>
<arg>newCommandTimeout=2500</arg>
<arg>appActivity=${Activity_NAME}</arg>
<arg>appPackage=${PACKAGE_NAME}</arg>
<doc>Opens a new application to given Appium server.
Capabilities of appium server, Android and iOS,
Please check https://appium.io/docs/en/2.1/cli/args/
| *Option*            | *Man.* | *Description*     |
| remote_url          | Yes    | Appium server url |
| alias               | no     | alias             |
| strict_ssl          | No     | allows you to send commands to an invalid certificate host like a self-signed one. |</doc>
<status status="PASS" start="2025-06-07T04:00:10.292609" elapsed="7.036595"/>
</kw>
<status status="PASS" start="2025-06-07T04:00:10.292609" elapsed="7.036595"/>
</kw>
<kw name="Go To Add Podcast Page" owner="common">
<kw name="Click Element" owner="AppiumLibrary">
<msg time="2025-06-07T04:00:17.330203" level="INFO">Clicking element 'xpath=(//android.widget.ImageView[@resource-id="de.danoeh.antennapod.debug:id/navigation_bar_item_icon_view"])[5]'.</msg>
<msg time="2025-06-07T04:00:19.126283" level="INFO">xpath criteria: (//android.widget.ImageView[@resource-id="de.danoeh.antennapod.debug:id/navigation_bar_item_icon_view"])[5]</msg>
<arg>xpath=(//android.widget.ImageView[@resource-id="de.danoeh.antennapod.debug:id/navigation_bar_item_icon_view"])[5]</arg>
<doc>Click element identified by `locator`.</doc>
<status status="PASS" start="2025-06-07T04:00:17.330203" elapsed="1.796080"/>
</kw>
<kw name="Wait Until Element Is Visible" owner="AppiumLibrary">
<msg time="2025-06-07T04:00:20.694306" level="INFO">xpath criteria: //android.widget.ListView/android.widget.LinearLayout[4]
xpath criteria: //android.widget.ListView/android.widget.LinearLayout[4]</msg>
<arg>xpath=//android.widget.ListView/android.widget.LinearLayout[4]</arg>
<doc>Waits until element specified with `locator` is visible.</doc>
<status status="PASS" start="2025-06-07T04:00:19.126283" elapsed="1.569026"/>
</kw>
<kw name="Click Element" owner="AppiumLibrary">
<msg time="2025-06-07T04:00:20.696310" level="INFO">Clicking element 'xpath=//android.widget.ListView/android.widget.LinearLayout[4]'.</msg>
<msg time="2025-06-07T04:00:21.616119" level="INFO">xpath criteria: //android.widget.ListView/android.widget.LinearLayout[4]</msg>
<arg>xpath=//android.widget.ListView/android.widget.LinearLayout[4]</arg>
<doc>Click element identified by `locator`.</doc>
<status status="PASS" start="2025-06-07T04:00:20.695309" elapsed="0.920810"/>
</kw>
<kw name="Wait Until Element Is Visible" owner="AppiumLibrary">
<msg time="2025-06-07T04:00:22.698529" level="INFO">xpath criteria: //android.widget.Button[@resource-id="de.danoeh.antennapod.debug:id/errorRetryButton"]</msg>
<arg>xpath=//android.widget.Button[@resource-id="de.danoeh.antennapod.debug:id/errorRetryButton"]</arg>
<doc>Waits until element specified with `locator` is visible.</doc>
<status status="PASS" start="2025-06-07T04:00:21.616119" elapsed="1.082410"/>
</kw>
<kw name="Click Element" owner="AppiumLibrary">
<msg time="2025-06-07T04:00:22.699531" level="INFO">Clicking element 'xpath=//android.widget.Button[@resource-id="de.danoeh.antennapod.debug:id/errorRetryButton"]'.</msg>
<msg time="2025-06-07T04:00:24.325500" level="INFO">xpath criteria: //android.widget.Button[@resource-id="de.danoeh.antennapod.debug:id/errorRetryButton"]</msg>
<arg>xpath=//android.widget.Button[@resource-id="de.danoeh.antennapod.debug:id/errorRetryButton"]</arg>
<doc>Click element identified by `locator`.</doc>
<status status="PASS" start="2025-06-07T04:00:22.698529" elapsed="1.626971"/>
</kw>
<status status="PASS" start="2025-06-07T04:00:17.329204" elapsed="6.996296"/>
</kw>
<kw name="Subscribe Podcast" owner="common">
<kw name="Wait Until Element Is Visible" owner="AppiumLibrary">
<msg time="2025-06-07T04:00:24.444899" level="INFO">xpath criteria: //android.widget.GridView[@resource-id="de.danoeh.antennapod.debug:id/discover_grid"]/android.widget.LinearLayout[1]</msg>
<arg>xpath=//android.widget.GridView[@resource-id="de.danoeh.antennapod.debug:id/discover_grid"]/android.widget.LinearLayout[${podcast_index}]</arg>
<doc>Waits until element specified with `locator` is visible.</doc>
<status status="PASS" start="2025-06-07T04:00:24.325500" elapsed="0.120399"/>
</kw>
<kw name="Click Element" owner="AppiumLibrary">
<msg time="2025-06-07T04:00:24.446899" level="INFO">Clicking element 'xpath=//android.widget.GridView[@resource-id="de.danoeh.antennapod.debug:id/discover_grid"]/android.widget.LinearLayout[1]'.</msg>
<msg time="2025-06-07T04:00:26.222867" level="INFO">xpath criteria: //android.widget.GridView[@resource-id="de.danoeh.antennapod.debug:id/discover_grid"]/android.widget.LinearLayout[1]</msg>
<arg>xpath=//android.widget.GridView[@resource-id="de.danoeh.antennapod.debug:id/discover_grid"]/android.widget.LinearLayout[${podcast_index}]</arg>
<doc>Click element identified by `locator`.</doc>
<status status="PASS" start="2025-06-07T04:00:24.445899" elapsed="1.776968"/>
</kw>
<kw name="Wait Until Element Is Visible" owner="AppiumLibrary">
<msg time="2025-06-07T04:00:27.537900" level="INFO">xpath criteria: //android.widget.Button[@resource-id="de.danoeh.antennapod.debug:id/butSubscribe"]
xpath criteria: //android.widget.Button[@resource-id="de.danoeh.antennapod.debug:id/butSubscribe"]</msg>
<arg>xpath=//android.widget.Button[@resource-id="de.danoeh.antennapod.debug:id/butSubscribe"]</arg>
<doc>Waits until element specified with `locator` is visible.</doc>
<status status="PASS" start="2025-06-07T04:00:26.223863" elapsed="1.314037"/>
</kw>
<kw name="Click Element" owner="AppiumLibrary">
<msg time="2025-06-07T04:00:27.538907" level="INFO">Clicking element 'xpath=//android.widget.Button[@resource-id="de.danoeh.antennapod.debug:id/butSubscribe"]'.</msg>
<msg time="2025-06-07T04:00:30.794532" level="INFO">xpath criteria: //android.widget.Button[@resource-id="de.danoeh.antennapod.debug:id/butSubscribe"]</msg>
<arg>xpath=//android.widget.Button[@resource-id="de.danoeh.antennapod.debug:id/butSubscribe"]</arg>
<doc>Click element identified by `locator`.</doc>
<status status="PASS" start="2025-06-07T04:00:27.537900" elapsed="3.256632"/>
</kw>
<arg>1</arg>
<status status="PASS" start="2025-06-07T04:00:24.325500" elapsed="6.470031"/>
</kw>
<kw name="Go To Subscription Page" owner="common">
<kw name="Click Element" owner="AppiumLibrary">
<msg time="2025-06-07T04:00:30.796531" level="INFO">Clicking element 'xpath=(//android.widget.ImageView[@resource-id="de.danoeh.antennapod.debug:id/navigation_bar_item_icon_view"])[4]'.</msg>
<msg time="2025-06-07T04:00:32.172308" level="INFO">xpath criteria: (//android.widget.ImageView[@resource-id="de.danoeh.antennapod.debug:id/navigation_bar_item_icon_view"])[4]</msg>
<arg>xpath=(//android.widget.ImageView[@resource-id="de.danoeh.antennapod.debug:id/navigation_bar_item_icon_view"])[4]</arg>
<doc>Click element identified by `locator`.</doc>
<status status="PASS" start="2025-06-07T04:00:30.795531" elapsed="1.376777"/>
</kw>
<status status="PASS" start="2025-06-07T04:00:30.795531" elapsed="1.376777"/>
</kw>
<arg>Open AntennaPod</arg>
<arg>AND</arg>
<arg>Go To Add Podcast Page</arg>
<arg>AND</arg>
<arg>Subscribe Podcast</arg>
<arg>1</arg>
<arg>AND</arg>
<arg>Go To Subscription Page</arg>
<doc>Executes all the given keywords in a sequence.</doc>
<status status="PASS" start="2025-06-07T04:00:10.291609" elapsed="21.880699"/>
</kw>
<kw name="Verify Subscription List Should Contain Podcast" owner="TC-SM-01">
<kw name="Wait Until Element Is Visible" owner="AppiumLibrary">
<msg time="2025-06-07T04:00:32.258983" level="INFO">xpath criteria: //android.widget.ImageView[@content-desc="The Best People with Nicolle Wallace"]</msg>
<arg>xpath=//android.widget.ImageView[@content-desc="${title}"]</arg>
<arg>timeout=10</arg>
<doc>Waits until element specified with `locator` is visible.</doc>
<status status="PASS" start="2025-06-07T04:00:32.173307" elapsed="0.085676"/>
</kw>
<kw name="Page Should Contain Element" owner="AppiumLibrary">
<msg time="2025-06-07T04:00:32.339982" level="INFO">Current page contains element 'xpath=//android.widget.ImageView[@content-desc="The Best People with Nicolle Wallace"]'.</msg>
<msg time="2025-06-07T04:00:32.340983" level="INFO">xpath criteria: //android.widget.ImageView[@content-desc="The Best People with Nicolle Wallace"]</msg>
<arg>xpath=//android.widget.ImageView[@content-desc="${title}"]</arg>
<doc>Verifies that current page contains `locator` element.</doc>
<status status="PASS" start="2025-06-07T04:00:32.258983" elapsed="0.082000"/>
</kw>
<arg>${PODCAST_TITLE_1}</arg>
<status status="PASS" start="2025-06-07T04:00:32.172308" elapsed="0.168675"/>
</kw>
<kw name="Teardown And Clear App" owner="common" type="TEARDOWN">
<kw name="Run Process" owner="Process">
<msg time="2025-06-07T04:00:32.340983" level="INFO">Starting process:
adb shell pm clear de.danoeh.antennapod.debug</msg>
<msg time="2025-06-07T04:00:32.344983" level="INFO">Waiting for process to complete.</msg>
<msg time="2025-06-07T04:00:32.626983" level="INFO">Process completed.</msg>
<arg>adb</arg>
<arg>shell</arg>
<arg>pm</arg>
<arg>clear</arg>
<arg>${PACKAGE_NAME}</arg>
<doc>Runs a process and waits for it to complete.</doc>
<status status="PASS" start="2025-06-07T04:00:32.340983" elapsed="0.286000"/>
</kw>
<status status="PASS" start="2025-06-07T04:00:32.340983" elapsed="0.286000"/>
</kw>
<tag>TC-SM-01</tag>
<status status="PASS" start="2025-06-07T04:00:10.290608" elapsed="22.337374"/>
</test>
<test id="s1-t2" name="Test Rename Subscribed Podcast With Empty name" line="20">
<kw name="Run Keywords" owner="BuiltIn" type="SETUP">
<kw name="Open antennapod" owner="common">
<kw name="Open Application" owner="AppiumLibrary">
<arg>${REMOTE_URL}</arg>
<arg>platformName=${PLATFORM_NAME}</arg>
<arg>deviceName=${DEVICE_NAME}</arg>
<arg>automationName=UiAutomator2</arg>
<arg>newCommandTimeout=2500</arg>
<arg>appActivity=${Activity_NAME}</arg>
<arg>appPackage=${PACKAGE_NAME}</arg>
<doc>Opens a new application to given Appium server.
Capabilities of appium server, Android and iOS,
Please check https://appium.io/docs/en/2.1/cli/args/
| *Option*            | *Man.* | *Description*     |
| remote_url          | Yes    | Appium server url |
| alias               | no     | alias             |
| strict_ssl          | No     | allows you to send commands to an invalid certificate host like a self-signed one. |</doc>
<status status="PASS" start="2025-06-07T04:00:32.628981" elapsed="7.470911"/>
</kw>
<status status="PASS" start="2025-06-07T04:00:32.628981" elapsed="7.470911"/>
</kw>
<kw name="Go To Add Podcast Page" owner="common">
<kw name="Click Element" owner="AppiumLibrary">
<msg time="2025-06-07T04:00:40.100891" level="INFO">Clicking element 'xpath=(//android.widget.ImageView[@resource-id="de.danoeh.antennapod.debug:id/navigation_bar_item_icon_view"])[5]'.</msg>
<msg time="2025-06-07T04:00:41.262734" level="INFO">xpath criteria: (//android.widget.ImageView[@resource-id="de.danoeh.antennapod.debug:id/navigation_bar_item_icon_view"])[5]</msg>
<arg>xpath=(//android.widget.ImageView[@resource-id="de.danoeh.antennapod.debug:id/navigation_bar_item_icon_view"])[5]</arg>
<doc>Click element identified by `locator`.</doc>
<status status="PASS" start="2025-06-07T04:00:40.100891" elapsed="1.161843"/>
</kw>
<kw name="Wait Until Element Is Visible" owner="AppiumLibrary">
<msg time="2025-06-07T04:00:42.774540" level="INFO">xpath criteria: //android.widget.ListView/android.widget.LinearLayout[4]
xpath criteria: //android.widget.ListView/android.widget.LinearLayout[4]</msg>
<arg>xpath=//android.widget.ListView/android.widget.LinearLayout[4]</arg>
<doc>Waits until element specified with `locator` is visible.</doc>
<status status="PASS" start="2025-06-07T04:00:41.262734" elapsed="1.511806"/>
</kw>
<kw name="Click Element" owner="AppiumLibrary">
<msg time="2025-06-07T04:00:42.775541" level="INFO">Clicking element 'xpath=//android.widget.ListView/android.widget.LinearLayout[4]'.</msg>
<msg time="2025-06-07T04:00:43.632968" level="INFO">xpath criteria: //android.widget.ListView/android.widget.LinearLayout[4]</msg>
<arg>xpath=//android.widget.ListView/android.widget.LinearLayout[4]</arg>
<doc>Click element identified by `locator`.</doc>
<status status="PASS" start="2025-06-07T04:00:42.774540" elapsed="0.858428"/>
</kw>
<kw name="Wait Until Element Is Visible" owner="AppiumLibrary">
<msg time="2025-06-07T04:00:44.491751" level="INFO">xpath criteria: //android.widget.Button[@resource-id="de.danoeh.antennapod.debug:id/errorRetryButton"]</msg>
<arg>xpath=//android.widget.Button[@resource-id="de.danoeh.antennapod.debug:id/errorRetryButton"]</arg>
<doc>Waits until element specified with `locator` is visible.</doc>
<status status="PASS" start="2025-06-07T04:00:43.633966" elapsed="0.857785"/>
</kw>
<kw name="Click Element" owner="AppiumLibrary">
<msg time="2025-06-07T04:00:44.492749" level="INFO">Clicking element 'xpath=//android.widget.Button[@resource-id="de.danoeh.antennapod.debug:id/errorRetryButton"]'.</msg>
<msg time="2025-06-07T04:00:45.299768" level="INFO">xpath criteria: //android.widget.Button[@resource-id="de.danoeh.antennapod.debug:id/errorRetryButton"]</msg>
<arg>xpath=//android.widget.Button[@resource-id="de.danoeh.antennapod.debug:id/errorRetryButton"]</arg>
<doc>Click element identified by `locator`.</doc>
<status status="PASS" start="2025-06-07T04:00:44.492749" elapsed="0.807019"/>
</kw>
<status status="PASS" start="2025-06-07T04:00:40.099892" elapsed="5.199876"/>
</kw>
<kw name="Subscribe Podcast" owner="common">
<kw name="Wait Until Element Is Visible" owner="AppiumLibrary">
<msg time="2025-06-07T04:00:45.444768" level="INFO">xpath criteria: //android.widget.GridView[@resource-id="de.danoeh.antennapod.debug:id/discover_grid"]/android.widget.LinearLayout[1]</msg>
<arg>xpath=//android.widget.GridView[@resource-id="de.danoeh.antennapod.debug:id/discover_grid"]/android.widget.LinearLayout[${podcast_index}]</arg>
<doc>Waits until element specified with `locator` is visible.</doc>
<status status="PASS" start="2025-06-07T04:00:45.299768" elapsed="0.145000"/>
</kw>
<kw name="Click Element" owner="AppiumLibrary">
<msg time="2025-06-07T04:00:45.445769" level="INFO">Clicking element 'xpath=//android.widget.GridView[@resource-id="de.danoeh.antennapod.debug:id/discover_grid"]/android.widget.LinearLayout[1]'.</msg>
<msg time="2025-06-07T04:00:48.096618" level="INFO">xpath criteria: //android.widget.GridView[@resource-id="de.danoeh.antennapod.debug:id/discover_grid"]/android.widget.LinearLayout[1]</msg>
<arg>xpath=//android.widget.GridView[@resource-id="de.danoeh.antennapod.debug:id/discover_grid"]/android.widget.LinearLayout[${podcast_index}]</arg>
<doc>Click element identified by `locator`.</doc>
<status status="PASS" start="2025-06-07T04:00:45.444768" elapsed="2.651850"/>
</kw>
<kw name="Wait Until Element Is Visible" owner="AppiumLibrary">
<msg time="2025-06-07T04:00:50.337350" level="INFO">xpath criteria: //android.widget.Button[@resource-id="de.danoeh.antennapod.debug:id/butSubscribe"]
xpath criteria: //android.widget.Button[@resource-id="de.danoeh.antennapod.debug:id/butSubscribe"]</msg>
<arg>xpath=//android.widget.Button[@resource-id="de.danoeh.antennapod.debug:id/butSubscribe"]</arg>
<doc>Waits until element specified with `locator` is visible.</doc>
<status status="PASS" start="2025-06-07T04:00:48.096618" elapsed="2.240732"/>
</kw>
<kw name="Click Element" owner="AppiumLibrary">
<msg time="2025-06-07T04:00:50.338350" level="INFO">Clicking element 'xpath=//android.widget.Button[@resource-id="de.danoeh.antennapod.debug:id/butSubscribe"]'.</msg>
<msg time="2025-06-07T04:00:50.507350" level="INFO">xpath criteria: //android.widget.Button[@resource-id="de.danoeh.antennapod.debug:id/butSubscribe"]</msg>
<arg>xpath=//android.widget.Button[@resource-id="de.danoeh.antennapod.debug:id/butSubscribe"]</arg>
<doc>Click element identified by `locator`.</doc>
<status status="PASS" start="2025-06-07T04:00:50.337350" elapsed="0.170000"/>
</kw>
<arg>1</arg>
<status status="PASS" start="2025-06-07T04:00:45.299768" elapsed="5.207582"/>
</kw>
<arg>Open AntennaPod</arg>
<arg>AND</arg>
<arg>Go To Add Podcast Page</arg>
<arg>AND</arg>
<arg>Subscribe Podcast</arg>
<arg>1</arg>
<doc>Executes all the given keywords in a sequence.</doc>
<status status="PASS" start="2025-06-07T04:00:32.628981" elapsed="17.879371"/>
</kw>
<kw name="Rename Podcast" owner="TC-SM-02">
<kw name="Wait Until Element Is Visible" owner="AppiumLibrary">
<msg time="2025-06-07T04:00:52.531692" level="INFO">xpath criteria: //android.widget.ImageView[@content-desc="More options"]</msg>
<arg>xpath=//android.widget.ImageView[@content-desc="More options"]</arg>
<doc>Waits until element specified with `locator` is visible.</doc>
<status status="PASS" start="2025-06-07T04:00:50.508352" elapsed="2.023340"/>
</kw>
<kw name="Click Element" owner="AppiumLibrary">
<msg time="2025-06-07T04:00:52.532692" level="INFO">Clicking element 'xpath=//android.widget.ImageView[@content-desc="More options"]'.</msg>
<msg time="2025-06-07T04:00:52.793763" level="INFO">xpath criteria: //android.widget.ImageView[@content-desc="More options"]</msg>
<arg>xpath=//android.widget.ImageView[@content-desc="More options"]</arg>
<doc>Click element identified by `locator`.</doc>
<status status="PASS" start="2025-06-07T04:00:52.531692" elapsed="0.262071"/>
</kw>
<kw name="Wait Until Element Is Visible" owner="AppiumLibrary">
<msg time="2025-06-07T04:00:54.129721" level="INFO">xpath criteria: //android.widget.TextView[@resource-id="de.danoeh.antennapod.debug:id/title" and @text="Rename podcast"]
xpath criteria: //android.widget.TextView[@resource-id="de.danoeh.antennapod.debug:id/title" and @text="Rename podcast"]</msg>
<arg>xpath=//android.widget.TextView[@resource-id="de.danoeh.antennapod.debug:id/title" and @text="Rename podcast"]</arg>
<doc>Waits until element specified with `locator` is visible.</doc>
<status status="PASS" start="2025-06-07T04:00:52.793763" elapsed="1.335958"/>
</kw>
<kw name="Click Element" owner="AppiumLibrary">
<msg time="2025-06-07T04:00:54.130724" level="INFO">Clicking element 'xpath=//android.widget.TextView[@resource-id="de.danoeh.antennapod.debug:id/title" and @text="Rename podcast"]'.</msg>
<msg time="2025-06-07T04:00:55.948264" level="INFO">xpath criteria: //android.widget.TextView[@resource-id="de.danoeh.antennapod.debug:id/title" and @text="Rename podcast"]</msg>
<arg>xpath=//android.widget.TextView[@resource-id="de.danoeh.antennapod.debug:id/title" and @text="Rename podcast"]</arg>
<doc>Click element identified by `locator`.</doc>
<status status="PASS" start="2025-06-07T04:00:54.129721" elapsed="1.819545"/>
</kw>
<kw name="Wait Until Element Is Visible" owner="AppiumLibrary">
<msg time="2025-06-07T04:00:56.046100" level="INFO">xpath criteria: //android.widget.EditText[@resource-id="de.danoeh.antennapod.debug:id/textInput"]</msg>
<arg>xpath=//android.widget.EditText[@resource-id="de.danoeh.antennapod.debug:id/textInput"]</arg>
<doc>Waits until element specified with `locator` is visible.</doc>
<status status="PASS" start="2025-06-07T04:00:55.949266" elapsed="0.096834"/>
</kw>
<kw name="Clear Text" owner="AppiumLibrary">
<msg time="2025-06-07T04:00:56.047099" level="INFO">Clear text field 'xpath=//android.widget.EditText[@resource-id="de.danoeh.antennapod.debug:id/textInput"]'</msg>
<msg time="2025-06-07T04:00:56.151495" level="INFO">xpath criteria: //android.widget.EditText[@resource-id="de.danoeh.antennapod.debug:id/textInput"]</msg>
<arg>xpath=//android.widget.EditText[@resource-id="de.danoeh.antennapod.debug:id/textInput"]</arg>
<doc>Clears the text field identified by `locator`.</doc>
<status status="PASS" start="2025-06-07T04:00:56.046100" elapsed="0.105395"/>
</kw>
<kw name="Input Text" owner="AppiumLibrary">
<msg time="2025-06-07T04:00:56.152493" level="INFO">Typing text '' into text field 'xpath=//android.widget.EditText[@resource-id="de.danoeh.antennapod.debug:id/textInput"]'</msg>
<msg time="2025-06-07T04:00:56.677811" level="INFO">xpath criteria: //android.widget.EditText[@resource-id="de.danoeh.antennapod.debug:id/textInput"]</msg>
<arg>xpath=//android.widget.EditText[@resource-id="de.danoeh.antennapod.debug:id/textInput"]</arg>
<arg>${input_name}</arg>
<doc>Types the given `text` into text field identified by `locator`.</doc>
<status status="PASS" start="2025-06-07T04:00:56.151495" elapsed="0.526316"/>
</kw>
<kw name="Click Element" owner="AppiumLibrary">
<msg time="2025-06-07T04:00:56.678811" level="INFO">Clicking element 'xpath=//android.widget.Button[@resource-id="android:id/button1"]'.</msg>
<msg time="2025-06-07T04:00:57.261462" level="INFO">xpath criteria: //android.widget.Button[@resource-id="android:id/button1"]</msg>
<arg>xpath=//android.widget.Button[@resource-id="android:id/button1"]</arg>
<doc>Click element identified by `locator`.</doc>
<status status="PASS" start="2025-06-07T04:00:56.677811" elapsed="0.583651"/>
</kw>
<arg>${Empty}</arg>
<status status="PASS" start="2025-06-07T04:00:50.508352" elapsed="6.753110"/>
</kw>
<kw name="Verify Renamed Title Should Be Correct" owner="TC-SM-02">
<kw name="Wait Until Element Is Visible" owner="AppiumLibrary">
<msg time="2025-06-07T04:00:58.129363" level="INFO">criteria is de.danoeh.antennapod.debug:id/txtvTitle</msg>
<arg>id=de.danoeh.antennapod.debug:id/txtvTitle</arg>
<doc>Waits until element specified with `locator` is visible.</doc>
<status status="PASS" start="2025-06-07T04:00:57.262462" elapsed="0.866901"/>
</kw>
<kw name="Get Text" owner="AppiumLibrary">
<msg time="2025-06-07T04:00:58.209362" level="INFO">Element 'id=de.danoeh.antennapod.debug:id/txtvTitle' text is 'The Best People with Nicolle Wallace' </msg>
<msg time="2025-06-07T04:00:58.209362" level="INFO">criteria is de.danoeh.antennapod.debug:id/txtvTitle</msg>
<msg time="2025-06-07T04:00:58.209362" level="INFO">${renamed_title} = The Best People with Nicolle Wallace</msg>
<var>${renamed_title}</var>
<arg>id=de.danoeh.antennapod.debug:id/txtvTitle</arg>
<doc>Get element text (for hybrid and mobile browser use `xpath` locator, others might cause problem)</doc>
<status status="PASS" start="2025-06-07T04:00:58.130362" elapsed="0.079000"/>
</kw>
<kw name="Should Be Equal" owner="BuiltIn">
<arg>${title}</arg>
<arg>${renamed_title}</arg>
<doc>Fails if the given objects are unequal.</doc>
<status status="PASS" start="2025-06-07T04:00:58.209362" elapsed="0.000000"/>
</kw>
<arg>${PODCAST_TITLE_1}</arg>
<status status="PASS" start="2025-06-07T04:00:57.262462" elapsed="0.946900"/>
</kw>
<kw name="Teardown And Clear App" owner="common" type="TEARDOWN">
<kw name="Run Process" owner="Process">
<msg time="2025-06-07T04:00:58.210363" level="INFO">Starting process:
adb shell pm clear de.danoeh.antennapod.debug</msg>
<msg time="2025-06-07T04:00:58.212364" level="INFO">Waiting for process to complete.</msg>
<msg time="2025-06-07T04:00:58.604362" level="INFO">Process completed.</msg>
<arg>adb</arg>
<arg>shell</arg>
<arg>pm</arg>
<arg>clear</arg>
<arg>${PACKAGE_NAME}</arg>
<doc>Runs a process and waits for it to complete.</doc>
<status status="PASS" start="2025-06-07T04:00:58.210363" elapsed="0.393999"/>
</kw>
<status status="PASS" start="2025-06-07T04:00:58.210363" elapsed="0.393999"/>
</kw>
<tag>TC-SM-02-01</tag>
<status status="PASS" start="2025-06-07T04:00:32.627982" elapsed="25.976380"/>
</test>
<test id="s1-t3" name="Test Rename Subscribed Podcast" line="29">
<kw name="Run Keywords" owner="BuiltIn" type="SETUP">
<kw name="Open antennapod" owner="common">
<kw name="Open Application" owner="AppiumLibrary">
<arg>${REMOTE_URL}</arg>
<arg>platformName=${PLATFORM_NAME}</arg>
<arg>deviceName=${DEVICE_NAME}</arg>
<arg>automationName=UiAutomator2</arg>
<arg>newCommandTimeout=2500</arg>
<arg>appActivity=${Activity_NAME}</arg>
<arg>appPackage=${PACKAGE_NAME}</arg>
<doc>Opens a new application to given Appium server.
Capabilities of appium server, Android and iOS,
Please check https://appium.io/docs/en/2.1/cli/args/
| *Option*            | *Man.* | *Description*     |
| remote_url          | Yes    | Appium server url |
| alias               | no     | alias             |
| strict_ssl          | No     | allows you to send commands to an invalid certificate host like a self-signed one. |</doc>
<status status="PASS" start="2025-06-07T04:00:58.605363" elapsed="7.269304"/>
</kw>
<status status="PASS" start="2025-06-07T04:00:58.605363" elapsed="7.269304"/>
</kw>
<kw name="Go To Add Podcast Page" owner="common">
<kw name="Click Element" owner="AppiumLibrary">
<msg time="2025-06-07T04:01:05.875666" level="INFO">Clicking element 'xpath=(//android.widget.ImageView[@resource-id="de.danoeh.antennapod.debug:id/navigation_bar_item_icon_view"])[5]'.</msg>
<msg time="2025-06-07T04:01:07.682510" level="INFO">xpath criteria: (//android.widget.ImageView[@resource-id="de.danoeh.antennapod.debug:id/navigation_bar_item_icon_view"])[5]</msg>
<arg>xpath=(//android.widget.ImageView[@resource-id="de.danoeh.antennapod.debug:id/navigation_bar_item_icon_view"])[5]</arg>
<doc>Click element identified by `locator`.</doc>
<status status="PASS" start="2025-06-07T04:01:05.874667" elapsed="1.807843"/>
</kw>
<kw name="Wait Until Element Is Visible" owner="AppiumLibrary">
<msg time="2025-06-07T04:01:09.234944" level="INFO">xpath criteria: //android.widget.ListView/android.widget.LinearLayout[4]
xpath criteria: //android.widget.ListView/android.widget.LinearLayout[4]</msg>
<arg>xpath=//android.widget.ListView/android.widget.LinearLayout[4]</arg>
<doc>Waits until element specified with `locator` is visible.</doc>
<status status="PASS" start="2025-06-07T04:01:07.682510" elapsed="1.553436"/>
</kw>
<kw name="Click Element" owner="AppiumLibrary">
<msg time="2025-06-07T04:01:09.236945" level="INFO">Clicking element 'xpath=//android.widget.ListView/android.widget.LinearLayout[4]'.</msg>
<msg time="2025-06-07T04:01:10.208578" level="INFO">xpath criteria: //android.widget.ListView/android.widget.LinearLayout[4]</msg>
<arg>xpath=//android.widget.ListView/android.widget.LinearLayout[4]</arg>
<doc>Click element identified by `locator`.</doc>
<status status="PASS" start="2025-06-07T04:01:09.235946" elapsed="0.972632"/>
</kw>
<kw name="Wait Until Element Is Visible" owner="AppiumLibrary">
<msg time="2025-06-07T04:01:11.231212" level="INFO">xpath criteria: //android.widget.Button[@resource-id="de.danoeh.antennapod.debug:id/errorRetryButton"]</msg>
<arg>xpath=//android.widget.Button[@resource-id="de.danoeh.antennapod.debug:id/errorRetryButton"]</arg>
<doc>Waits until element specified with `locator` is visible.</doc>
<status status="PASS" start="2025-06-07T04:01:10.208578" elapsed="1.022634"/>
</kw>
<kw name="Click Element" owner="AppiumLibrary">
<msg time="2025-06-07T04:01:11.232211" level="INFO">Clicking element 'xpath=//android.widget.Button[@resource-id="de.danoeh.antennapod.debug:id/errorRetryButton"]'.</msg>
<msg time="2025-06-07T04:01:12.938429" level="INFO">xpath criteria: //android.widget.Button[@resource-id="de.danoeh.antennapod.debug:id/errorRetryButton"]</msg>
<arg>xpath=//android.widget.Button[@resource-id="de.danoeh.antennapod.debug:id/errorRetryButton"]</arg>
<doc>Click element identified by `locator`.</doc>
<status status="PASS" start="2025-06-07T04:01:11.231212" elapsed="1.707217"/>
</kw>
<status status="PASS" start="2025-06-07T04:01:05.874667" elapsed="7.063762"/>
</kw>
<kw name="Subscribe Podcast" owner="common">
<kw name="Wait Until Element Is Visible" owner="AppiumLibrary">
<msg time="2025-06-07T04:01:13.043439" level="INFO">xpath criteria: //android.widget.GridView[@resource-id="de.danoeh.antennapod.debug:id/discover_grid"]/android.widget.LinearLayout[1]</msg>
<arg>xpath=//android.widget.GridView[@resource-id="de.danoeh.antennapod.debug:id/discover_grid"]/android.widget.LinearLayout[${podcast_index}]</arg>
<doc>Waits until element specified with `locator` is visible.</doc>
<status status="PASS" start="2025-06-07T04:01:12.939429" elapsed="0.104010"/>
</kw>
<kw name="Click Element" owner="AppiumLibrary">
<msg time="2025-06-07T04:01:13.044438" level="INFO">Clicking element 'xpath=//android.widget.GridView[@resource-id="de.danoeh.antennapod.debug:id/discover_grid"]/android.widget.LinearLayout[1]'.</msg>
<msg time="2025-06-07T04:01:14.769523" level="INFO">xpath criteria: //android.widget.GridView[@resource-id="de.danoeh.antennapod.debug:id/discover_grid"]/android.widget.LinearLayout[1]</msg>
<arg>xpath=//android.widget.GridView[@resource-id="de.danoeh.antennapod.debug:id/discover_grid"]/android.widget.LinearLayout[${podcast_index}]</arg>
<doc>Click element identified by `locator`.</doc>
<status status="PASS" start="2025-06-07T04:01:13.044438" elapsed="1.725085"/>
</kw>
<kw name="Wait Until Element Is Visible" owner="AppiumLibrary">
<msg time="2025-06-07T04:01:17.037348" level="INFO">xpath criteria: //android.widget.Button[@resource-id="de.danoeh.antennapod.debug:id/butSubscribe"]
xpath criteria: //android.widget.Button[@resource-id="de.danoeh.antennapod.debug:id/butSubscribe"]
xpath criteria: //android.widget.Button[@resource-id="de.danoeh.antennapod.debug:id/butSubscribe"]</msg>
<arg>xpath=//android.widget.Button[@resource-id="de.danoeh.antennapod.debug:id/butSubscribe"]</arg>
<doc>Waits until element specified with `locator` is visible.</doc>
<status status="PASS" start="2025-06-07T04:01:14.769523" elapsed="2.268824"/>
</kw>
<kw name="Click Element" owner="AppiumLibrary">
<msg time="2025-06-07T04:01:17.039346" level="INFO">Clicking element 'xpath=//android.widget.Button[@resource-id="de.danoeh.antennapod.debug:id/butSubscribe"]'.</msg>
<msg time="2025-06-07T04:01:17.255347" level="INFO">xpath criteria: //android.widget.Button[@resource-id="de.danoeh.antennapod.debug:id/butSubscribe"]</msg>
<arg>xpath=//android.widget.Button[@resource-id="de.danoeh.antennapod.debug:id/butSubscribe"]</arg>
<doc>Click element identified by `locator`.</doc>
<status status="PASS" start="2025-06-07T04:01:17.038347" elapsed="0.217000"/>
</kw>
<arg>1</arg>
<status status="PASS" start="2025-06-07T04:01:12.938429" elapsed="4.316918"/>
</kw>
<arg>Open AntennaPod</arg>
<arg>AND</arg>
<arg>Go To Add Podcast Page</arg>
<arg>AND</arg>
<arg>Subscribe Podcast</arg>
<arg>1</arg>
<doc>Executes all the given keywords in a sequence.</doc>
<status status="PASS" start="2025-06-07T04:00:58.605363" elapsed="18.649984"/>
</kw>
<kw name="Rename Podcast" owner="TC-SM-02">
<kw name="Wait Until Element Is Visible" owner="AppiumLibrary">
<msg time="2025-06-07T04:01:19.301665" level="INFO">xpath criteria: //android.widget.ImageView[@content-desc="More options"]</msg>
<arg>xpath=//android.widget.ImageView[@content-desc="More options"]</arg>
<doc>Waits until element specified with `locator` is visible.</doc>
<status status="PASS" start="2025-06-07T04:01:17.256346" elapsed="2.045319"/>
</kw>
<kw name="Click Element" owner="AppiumLibrary">
<msg time="2025-06-07T04:01:19.302667" level="INFO">Clicking element 'xpath=//android.widget.ImageView[@content-desc="More options"]'.</msg>
<msg time="2025-06-07T04:01:19.514963" level="INFO">xpath criteria: //android.widget.ImageView[@content-desc="More options"]</msg>
<arg>xpath=//android.widget.ImageView[@content-desc="More options"]</arg>
<doc>Click element identified by `locator`.</doc>
<status status="PASS" start="2025-06-07T04:01:19.301665" elapsed="0.213298"/>
</kw>
<kw name="Wait Until Element Is Visible" owner="AppiumLibrary">
<msg time="2025-06-07T04:01:20.809458" level="INFO">xpath criteria: //android.widget.TextView[@resource-id="de.danoeh.antennapod.debug:id/title" and @text="Rename podcast"]
xpath criteria: //android.widget.TextView[@resource-id="de.danoeh.antennapod.debug:id/title" and @text="Rename podcast"]</msg>
<arg>xpath=//android.widget.TextView[@resource-id="de.danoeh.antennapod.debug:id/title" and @text="Rename podcast"]</arg>
<doc>Waits until element specified with `locator` is visible.</doc>
<status status="PASS" start="2025-06-07T04:01:19.514963" elapsed="1.295495"/>
</kw>
<kw name="Click Element" owner="AppiumLibrary">
<msg time="2025-06-07T04:01:20.811457" level="INFO">Clicking element 'xpath=//android.widget.TextView[@resource-id="de.danoeh.antennapod.debug:id/title" and @text="Rename podcast"]'.</msg>
<msg time="2025-06-07T04:01:22.518036" level="INFO">xpath criteria: //android.widget.TextView[@resource-id="de.danoeh.antennapod.debug:id/title" and @text="Rename podcast"]</msg>
<arg>xpath=//android.widget.TextView[@resource-id="de.danoeh.antennapod.debug:id/title" and @text="Rename podcast"]</arg>
<doc>Click element identified by `locator`.</doc>
<status status="PASS" start="2025-06-07T04:01:20.810458" elapsed="1.707578"/>
</kw>
<kw name="Wait Until Element Is Visible" owner="AppiumLibrary">
<msg time="2025-06-07T04:01:22.589917" level="INFO">xpath criteria: //android.widget.EditText[@resource-id="de.danoeh.antennapod.debug:id/textInput"]</msg>
<arg>xpath=//android.widget.EditText[@resource-id="de.danoeh.antennapod.debug:id/textInput"]</arg>
<doc>Waits until element specified with `locator` is visible.</doc>
<status status="PASS" start="2025-06-07T04:01:22.518036" elapsed="0.072883"/>
</kw>
<kw name="Clear Text" owner="AppiumLibrary">
<msg time="2025-06-07T04:01:22.591917" level="INFO">Clear text field 'xpath=//android.widget.EditText[@resource-id="de.danoeh.antennapod.debug:id/textInput"]'</msg>
<msg time="2025-06-07T04:01:22.683631" level="INFO">xpath criteria: //android.widget.EditText[@resource-id="de.danoeh.antennapod.debug:id/textInput"]</msg>
<arg>xpath=//android.widget.EditText[@resource-id="de.danoeh.antennapod.debug:id/textInput"]</arg>
<doc>Clears the text field identified by `locator`.</doc>
<status status="PASS" start="2025-06-07T04:01:22.590919" elapsed="0.092712"/>
</kw>
<kw name="Input Text" owner="AppiumLibrary">
<msg time="2025-06-07T04:01:22.684630" level="INFO">Typing text '123' into text field 'xpath=//android.widget.EditText[@resource-id="de.danoeh.antennapod.debug:id/textInput"]'</msg>
<msg time="2025-06-07T04:01:23.336470" level="INFO">xpath criteria: //android.widget.EditText[@resource-id="de.danoeh.antennapod.debug:id/textInput"]</msg>
<arg>xpath=//android.widget.EditText[@resource-id="de.danoeh.antennapod.debug:id/textInput"]</arg>
<arg>${input_name}</arg>
<doc>Types the given `text` into text field identified by `locator`.</doc>
<status status="PASS" start="2025-06-07T04:01:22.683631" elapsed="0.652839"/>
</kw>
<kw name="Click Element" owner="AppiumLibrary">
<msg time="2025-06-07T04:01:23.337470" level="INFO">Clicking element 'xpath=//android.widget.Button[@resource-id="android:id/button1"]'.</msg>
<msg time="2025-06-07T04:01:24.006801" level="INFO">xpath criteria: //android.widget.Button[@resource-id="android:id/button1"]</msg>
<arg>xpath=//android.widget.Button[@resource-id="android:id/button1"]</arg>
<doc>Click element identified by `locator`.</doc>
<status status="PASS" start="2025-06-07T04:01:23.336470" elapsed="0.670331"/>
</kw>
<arg>123</arg>
<status status="PASS" start="2025-06-07T04:01:17.255347" elapsed="6.751454"/>
</kw>
<kw name="Verify Renamed Title Should Be Correct" owner="TC-SM-02">
<kw name="Wait Until Element Is Visible" owner="AppiumLibrary">
<msg time="2025-06-07T04:01:24.681801" level="INFO">criteria is de.danoeh.antennapod.debug:id/txtvTitle</msg>
<arg>id=de.danoeh.antennapod.debug:id/txtvTitle</arg>
<doc>Waits until element specified with `locator` is visible.</doc>
<status status="PASS" start="2025-06-07T04:01:24.006801" elapsed="0.675000"/>
</kw>
<kw name="Get Text" owner="AppiumLibrary">
<msg time="2025-06-07T04:01:24.804802" level="INFO">Element 'id=de.danoeh.antennapod.debug:id/txtvTitle' text is '123' </msg>
<msg time="2025-06-07T04:01:24.804802" level="INFO">criteria is de.danoeh.antennapod.debug:id/txtvTitle</msg>
<msg time="2025-06-07T04:01:24.804802" level="INFO">${renamed_title} = 123</msg>
<var>${renamed_title}</var>
<arg>id=de.danoeh.antennapod.debug:id/txtvTitle</arg>
<doc>Get element text (for hybrid and mobile browser use `xpath` locator, others might cause problem)</doc>
<status status="PASS" start="2025-06-07T04:01:24.681801" elapsed="0.123001"/>
</kw>
<kw name="Should Be Equal" owner="BuiltIn">
<arg>${title}</arg>
<arg>${renamed_title}</arg>
<doc>Fails if the given objects are unequal.</doc>
<status status="PASS" start="2025-06-07T04:01:24.804802" elapsed="0.000000"/>
</kw>
<arg>123</arg>
<status status="PASS" start="2025-06-07T04:01:24.006801" elapsed="0.798001"/>
</kw>
<kw name="Teardown And Clear App" owner="common" type="TEARDOWN">
<kw name="Run Process" owner="Process">
<msg time="2025-06-07T04:01:24.805801" level="INFO">Starting process:
adb shell pm clear de.danoeh.antennapod.debug</msg>
<msg time="2025-06-07T04:01:24.808805" level="INFO">Waiting for process to complete.</msg>
<msg time="2025-06-07T04:01:25.061802" level="INFO">Process completed.</msg>
<arg>adb</arg>
<arg>shell</arg>
<arg>pm</arg>
<arg>clear</arg>
<arg>${PACKAGE_NAME}</arg>
<doc>Runs a process and waits for it to complete.</doc>
<status status="PASS" start="2025-06-07T04:01:24.805801" elapsed="0.256001"/>
</kw>
<status status="PASS" start="2025-06-07T04:01:24.805801" elapsed="0.256001"/>
</kw>
<tag>TC-SM-02-02</tag>
<status status="PASS" start="2025-06-07T04:00:58.604362" elapsed="26.457440"/>
</test>
<test id="s1-t4" name="Test Delete The Only Podcast" line="38">
<kw name="Run Keywords" owner="BuiltIn" type="SETUP">
<kw name="Open antennapod" owner="common">
<kw name="Open Application" owner="AppiumLibrary">
<arg>${REMOTE_URL}</arg>
<arg>platformName=${PLATFORM_NAME}</arg>
<arg>deviceName=${DEVICE_NAME}</arg>
<arg>automationName=UiAutomator2</arg>
<arg>newCommandTimeout=2500</arg>
<arg>appActivity=${Activity_NAME}</arg>
<arg>appPackage=${PACKAGE_NAME}</arg>
<doc>Opens a new application to given Appium server.
Capabilities of appium server, Android and iOS,
Please check https://appium.io/docs/en/2.1/cli/args/
| *Option*            | *Man.* | *Description*     |
| remote_url          | Yes    | Appium server url |
| alias               | no     | alias             |
| strict_ssl          | No     | allows you to send commands to an invalid certificate host like a self-signed one. |</doc>
<status status="PASS" start="2025-06-07T04:01:25.062800" elapsed="7.401848"/>
</kw>
<status status="PASS" start="2025-06-07T04:01:25.062800" elapsed="7.401848"/>
</kw>
<kw name="Go To Add Podcast Page" owner="common">
<kw name="Click Element" owner="AppiumLibrary">
<msg time="2025-06-07T04:01:32.466648" level="INFO">Clicking element 'xpath=(//android.widget.ImageView[@resource-id="de.danoeh.antennapod.debug:id/navigation_bar_item_icon_view"])[5]'.</msg>
<msg time="2025-06-07T04:01:34.315709" level="INFO">xpath criteria: (//android.widget.ImageView[@resource-id="de.danoeh.antennapod.debug:id/navigation_bar_item_icon_view"])[5]</msg>
<arg>xpath=(//android.widget.ImageView[@resource-id="de.danoeh.antennapod.debug:id/navigation_bar_item_icon_view"])[5]</arg>
<doc>Click element identified by `locator`.</doc>
<status status="PASS" start="2025-06-07T04:01:32.464648" elapsed="1.852063"/>
</kw>
<kw name="Wait Until Element Is Visible" owner="AppiumLibrary">
<msg time="2025-06-07T04:01:35.878388" level="INFO">xpath criteria: //android.widget.ListView/android.widget.LinearLayout[4]
xpath criteria: //android.widget.ListView/android.widget.LinearLayout[4]</msg>
<arg>xpath=//android.widget.ListView/android.widget.LinearLayout[4]</arg>
<doc>Waits until element specified with `locator` is visible.</doc>
<status status="PASS" start="2025-06-07T04:01:34.316711" elapsed="1.561677"/>
</kw>
<kw name="Click Element" owner="AppiumLibrary">
<msg time="2025-06-07T04:01:35.879386" level="INFO">Clicking element 'xpath=//android.widget.ListView/android.widget.LinearLayout[4]'.</msg>
<msg time="2025-06-07T04:01:36.857382" level="INFO">xpath criteria: //android.widget.ListView/android.widget.LinearLayout[4]</msg>
<arg>xpath=//android.widget.ListView/android.widget.LinearLayout[4]</arg>
<doc>Click element identified by `locator`.</doc>
<status status="PASS" start="2025-06-07T04:01:35.878388" elapsed="0.978994"/>
</kw>
<kw name="Wait Until Element Is Visible" owner="AppiumLibrary">
<msg time="2025-06-07T04:01:38.050370" level="INFO">xpath criteria: //android.widget.Button[@resource-id="de.danoeh.antennapod.debug:id/errorRetryButton"]</msg>
<arg>xpath=//android.widget.Button[@resource-id="de.danoeh.antennapod.debug:id/errorRetryButton"]</arg>
<doc>Waits until element specified with `locator` is visible.</doc>
<status status="PASS" start="2025-06-07T04:01:36.857382" elapsed="1.192988"/>
</kw>
<kw name="Click Element" owner="AppiumLibrary">
<msg time="2025-06-07T04:01:38.052370" level="INFO">Clicking element 'xpath=//android.widget.Button[@resource-id="de.danoeh.antennapod.debug:id/errorRetryButton"]'.</msg>
<msg time="2025-06-07T04:01:38.313370" level="INFO">xpath criteria: //android.widget.Button[@resource-id="de.danoeh.antennapod.debug:id/errorRetryButton"]</msg>
<arg>xpath=//android.widget.Button[@resource-id="de.danoeh.antennapod.debug:id/errorRetryButton"]</arg>
<doc>Click element identified by `locator`.</doc>
<status status="PASS" start="2025-06-07T04:01:38.051369" elapsed="0.262001"/>
</kw>
<status status="PASS" start="2025-06-07T04:01:32.464648" elapsed="5.849724"/>
</kw>
<kw name="Subscribe Podcast" owner="common">
<kw name="Wait Until Element Is Visible" owner="AppiumLibrary">
<msg time="2025-06-07T04:01:39.764223" level="INFO">xpath criteria: //android.widget.GridView[@resource-id="de.danoeh.antennapod.debug:id/discover_grid"]/android.widget.LinearLayout[1]</msg>
<arg>xpath=//android.widget.GridView[@resource-id="de.danoeh.antennapod.debug:id/discover_grid"]/android.widget.LinearLayout[${podcast_index}]</arg>
<doc>Waits until element specified with `locator` is visible.</doc>
<status status="PASS" start="2025-06-07T04:01:38.314372" elapsed="1.449851"/>
</kw>
<kw name="Click Element" owner="AppiumLibrary">
<msg time="2025-06-07T04:01:39.765224" level="INFO">Clicking element 'xpath=//android.widget.GridView[@resource-id="de.danoeh.antennapod.debug:id/discover_grid"]/android.widget.LinearLayout[1]'.</msg>
<msg time="2025-06-07T04:01:41.388196" level="INFO">xpath criteria: //android.widget.GridView[@resource-id="de.danoeh.antennapod.debug:id/discover_grid"]/android.widget.LinearLayout[1]</msg>
<arg>xpath=//android.widget.GridView[@resource-id="de.danoeh.antennapod.debug:id/discover_grid"]/android.widget.LinearLayout[${podcast_index}]</arg>
<doc>Click element identified by `locator`.</doc>
<status status="PASS" start="2025-06-07T04:01:39.764223" elapsed="1.623973"/>
</kw>
<kw name="Wait Until Element Is Visible" owner="AppiumLibrary">
<msg time="2025-06-07T04:01:44.296001" level="INFO">xpath criteria: //android.widget.Button[@resource-id="de.danoeh.antennapod.debug:id/butSubscribe"]
xpath criteria: //android.widget.Button[@resource-id="de.danoeh.antennapod.debug:id/butSubscribe"]
xpath criteria: //android.widget.Button[@resource-id="de.danoeh.antennapod.debug:id/butSubscribe"]
xpath criteria: //android.widget.Button[@resource-id="de.danoeh.antennapod.debug:id/butSubscribe"]
xpath criteria: //android.widget.Button[@resource-id="de.danoeh.antennapod.debug:id/butSubscribe"]</msg>
<arg>xpath=//android.widget.Button[@resource-id="de.danoeh.antennapod.debug:id/butSubscribe"]</arg>
<doc>Waits until element specified with `locator` is visible.</doc>
<status status="PASS" start="2025-06-07T04:01:41.388196" elapsed="2.907805"/>
</kw>
<kw name="Click Element" owner="AppiumLibrary">
<msg time="2025-06-07T04:01:44.297001" level="INFO">Clicking element 'xpath=//android.widget.Button[@resource-id="de.danoeh.antennapod.debug:id/butSubscribe"]'.</msg>
<msg time="2025-06-07T04:01:44.506037" level="INFO">xpath criteria: //android.widget.Button[@resource-id="de.danoeh.antennapod.debug:id/butSubscribe"]</msg>
<arg>xpath=//android.widget.Button[@resource-id="de.danoeh.antennapod.debug:id/butSubscribe"]</arg>
<doc>Click element identified by `locator`.</doc>
<status status="PASS" start="2025-06-07T04:01:44.297001" elapsed="0.210036"/>
</kw>
<arg>1</arg>
<status status="PASS" start="2025-06-07T04:01:38.314372" elapsed="6.192665"/>
</kw>
<kw name="Go Back To Previous Page" owner="common">
<kw name="Wait Until Page Contains Element" owner="AppiumLibrary">
<msg time="2025-06-07T04:01:46.738176" level="INFO">xpath criteria: //android.widget.ImageButton[@content-desc="Back"]
xpath criteria: //android.widget.ImageButton[@content-desc="Back"]</msg>
<arg>xpath=//android.widget.ImageButton[@content-desc="Back"]</arg>
<doc>Waits until element specified with `locator` appears on current page.</doc>
<status status="PASS" start="2025-06-07T04:01:44.507037" elapsed="2.231139"/>
</kw>
<kw name="Click Element" owner="AppiumLibrary">
<msg time="2025-06-07T04:01:46.739174" level="INFO">Clicking element 'xpath=//android.widget.ImageButton[@content-desc="Back"]'.</msg>
<msg time="2025-06-07T04:01:46.975691" level="INFO">xpath criteria: //android.widget.ImageButton[@content-desc="Back"]</msg>
<arg>xpath=//android.widget.ImageButton[@content-desc="Back"]</arg>
<doc>Click element identified by `locator`.</doc>
<status status="PASS" start="2025-06-07T04:01:46.739174" elapsed="0.237516"/>
</kw>
<status status="PASS" start="2025-06-07T04:01:44.507037" elapsed="2.469653"/>
</kw>
<kw name="Go To Subscription Page" owner="common">
<kw name="Click Element" owner="AppiumLibrary">
<msg time="2025-06-07T04:01:46.977690" level="INFO">Clicking element 'xpath=(//android.widget.ImageView[@resource-id="de.danoeh.antennapod.debug:id/navigation_bar_item_icon_view"])[4]'.</msg>
<msg time="2025-06-07T04:01:48.866049" level="INFO">xpath criteria: (//android.widget.ImageView[@resource-id="de.danoeh.antennapod.debug:id/navigation_bar_item_icon_view"])[4]</msg>
<arg>xpath=(//android.widget.ImageView[@resource-id="de.danoeh.antennapod.debug:id/navigation_bar_item_icon_view"])[4]</arg>
<doc>Click element identified by `locator`.</doc>
<status status="PASS" start="2025-06-07T04:01:46.976690" elapsed="1.889359"/>
</kw>
<status status="PASS" start="2025-06-07T04:01:46.976690" elapsed="1.889359"/>
</kw>
<arg>Open AntennaPod</arg>
<arg>AND</arg>
<arg>Go To Add Podcast Page</arg>
<arg>AND</arg>
<arg>Subscribe Podcast</arg>
<arg>1</arg>
<arg>AND</arg>
<arg>Go Back To Previous Page</arg>
<arg>AND</arg>
<arg>Go To Subscription Page</arg>
<doc>Executes all the given keywords in a sequence.</doc>
<status status="PASS" start="2025-06-07T04:01:25.062800" elapsed="23.803249"/>
</kw>
<kw name="Remove Podcast" owner="TC-SM-03">
<kw name="Click Element" owner="AppiumLibrary">
<msg time="2025-06-07T04:01:48.867044" level="INFO">Clicking element 'xpath=//android.widget.GridView[@resource-id="de.danoeh.antennapod.debug:id/subscriptions_grid"]/android.widget.FrameLayout[1]'.</msg>
<msg time="2025-06-07T04:01:49.837557" level="INFO">xpath criteria: //android.widget.GridView[@resource-id="de.danoeh.antennapod.debug:id/subscriptions_grid"]/android.widget.FrameLayout[1]</msg>
<arg>xpath=//android.widget.GridView[@resource-id="de.danoeh.antennapod.debug:id/subscriptions_grid"]/android.widget.FrameLayout[${podcast_index}]</arg>
<doc>Click element identified by `locator`.</doc>
<status status="PASS" start="2025-06-07T04:01:48.866049" elapsed="0.971508"/>
</kw>
<kw name="Wait Until Element Is Visible" owner="AppiumLibrary">
<msg time="2025-06-07T04:01:49.962943" level="INFO">xpath criteria: //android.widget.ImageView[@content-desc="More options"]</msg>
<arg>xpath=//android.widget.ImageView[@content-desc="More options"]</arg>
<doc>Waits until element specified with `locator` is visible.</doc>
<status status="PASS" start="2025-06-07T04:01:49.837557" elapsed="0.125386"/>
</kw>
<kw name="Click Element" owner="AppiumLibrary">
<msg time="2025-06-07T04:01:49.963944" level="INFO">Clicking element 'xpath=//android.widget.ImageView[@content-desc="More options"]'.</msg>
<msg time="2025-06-07T04:01:50.176047" level="INFO">xpath criteria: //android.widget.ImageView[@content-desc="More options"]</msg>
<arg>xpath=//android.widget.ImageView[@content-desc="More options"]</arg>
<doc>Click element identified by `locator`.</doc>
<status status="PASS" start="2025-06-07T04:01:49.962943" elapsed="0.213104"/>
</kw>
<kw name="Wait Until Element Is Visible" owner="AppiumLibrary">
<msg time="2025-06-07T04:01:51.550395" level="INFO">xpath criteria: //android.widget.TextView[@resource-id="de.danoeh.antennapod.debug:id/title" and @text="Remove podcast"]
xpath criteria: //android.widget.TextView[@resource-id="de.danoeh.antennapod.debug:id/title" and @text="Remove podcast"]</msg>
<arg>xpath=//android.widget.TextView[@resource-id="de.danoeh.antennapod.debug:id/title" and @text="Remove podcast"]</arg>
<doc>Waits until element specified with `locator` is visible.</doc>
<status status="PASS" start="2025-06-07T04:01:50.176047" elapsed="1.374348"/>
</kw>
<kw name="Click Element" owner="AppiumLibrary">
<msg time="2025-06-07T04:01:51.551396" level="INFO">Clicking element 'xpath=//android.widget.TextView[@resource-id="de.danoeh.antennapod.debug:id/title" and @text="Remove podcast"]'.</msg>
<msg time="2025-06-07T04:01:53.233258" level="INFO">xpath criteria: //android.widget.TextView[@resource-id="de.danoeh.antennapod.debug:id/title" and @text="Remove podcast"]</msg>
<arg>xpath=//android.widget.TextView[@resource-id="de.danoeh.antennapod.debug:id/title" and @text="Remove podcast"]</arg>
<doc>Click element identified by `locator`.</doc>
<status status="PASS" start="2025-06-07T04:01:51.550395" elapsed="1.682863"/>
</kw>
<kw name="Wait Until Element Is Visible" owner="AppiumLibrary">
<msg time="2025-06-07T04:01:53.312260" level="INFO">xpath criteria: //android.widget.Button[@resource-id="android:id/button1"]</msg>
<arg>xpath=//android.widget.Button[@resource-id="android:id/button1"]</arg>
<doc>Waits until element specified with `locator` is visible.</doc>
<status status="PASS" start="2025-06-07T04:01:53.233258" elapsed="0.079002"/>
</kw>
<kw name="Click Element" owner="AppiumLibrary">
<msg time="2025-06-07T04:01:53.313258" level="INFO">Clicking element 'xpath=//android.widget.Button[@resource-id="android:id/button1"]'.</msg>
<msg time="2025-06-07T04:01:53.490259" level="INFO">xpath criteria: //android.widget.Button[@resource-id="android:id/button1"]</msg>
<arg>xpath=//android.widget.Button[@resource-id="android:id/button1"]</arg>
<doc>Click element identified by `locator`.</doc>
<status status="PASS" start="2025-06-07T04:01:53.312260" elapsed="0.177999"/>
</kw>
<kw name="Wait Until Element Is Visible" owner="AppiumLibrary">
<msg time="2025-06-07T04:01:55.622531" level="INFO">xpath criteria: (//android.widget.ImageView[@resource-id="de.danoeh.antennapod.debug:id/navigation_bar_item_icon_view"])[4]</msg>
<arg>xpath=(//android.widget.ImageView[@resource-id="de.danoeh.antennapod.debug:id/navigation_bar_item_icon_view"])[4]</arg>
<doc>Waits until element specified with `locator` is visible.</doc>
<status status="PASS" start="2025-06-07T04:01:53.490259" elapsed="2.132272"/>
</kw>
<kw name="Click Element" owner="AppiumLibrary">
<msg time="2025-06-07T04:01:55.623533" level="INFO">Clicking element 'xpath=(//android.widget.ImageView[@resource-id="de.danoeh.antennapod.debug:id/navigation_bar_item_icon_view"])[4]'.</msg>
<msg time="2025-06-07T04:01:56.873532" level="INFO">xpath criteria: (//android.widget.ImageView[@resource-id="de.danoeh.antennapod.debug:id/navigation_bar_item_icon_view"])[4]</msg>
<arg>xpath=(//android.widget.ImageView[@resource-id="de.danoeh.antennapod.debug:id/navigation_bar_item_icon_view"])[4]</arg>
<doc>Click element identified by `locator`.</doc>
<status status="PASS" start="2025-06-07T04:01:55.622531" elapsed="1.251001"/>
</kw>
<arg>1</arg>
<status status="PASS" start="2025-06-07T04:01:48.866049" elapsed="8.007483"/>
</kw>
<kw name="Go To Subscription Page" owner="common">
<kw name="Click Element" owner="AppiumLibrary">
<msg time="2025-06-07T04:01:56.874532" level="INFO">Clicking element 'xpath=(//android.widget.ImageView[@resource-id="de.danoeh.antennapod.debug:id/navigation_bar_item_icon_view"])[4]'.</msg>
<msg time="2025-06-07T04:01:57.114507" level="INFO">xpath criteria: (//android.widget.ImageView[@resource-id="de.danoeh.antennapod.debug:id/navigation_bar_item_icon_view"])[4]</msg>
<arg>xpath=(//android.widget.ImageView[@resource-id="de.danoeh.antennapod.debug:id/navigation_bar_item_icon_view"])[4]</arg>
<doc>Click element identified by `locator`.</doc>
<status status="PASS" start="2025-06-07T04:01:56.873532" elapsed="0.241975"/>
</kw>
<status status="PASS" start="2025-06-07T04:01:56.873532" elapsed="0.241975"/>
</kw>
<kw name="Verify Subscription List Is Empty" owner="common">
<kw name="Wait Until Element Is Visible" owner="AppiumLibrary">
<msg time="2025-06-07T04:01:57.889508" level="INFO">xpath criteria: //android.widget.TextView[@resource-id="de.danoeh.antennapod.debug:id/emptyViewTitle"]
xpath criteria: //android.widget.TextView[@resource-id="de.danoeh.antennapod.debug:id/emptyViewTitle"]</msg>
<arg>xpath=//android.widget.TextView[@resource-id="de.danoeh.antennapod.debug:id/emptyViewTitle"]</arg>
<doc>Waits until element specified with `locator` is visible.</doc>
<status status="PASS" start="2025-06-07T04:01:57.115507" elapsed="0.774001"/>
</kw>
<kw name="Element Text Should Be" owner="AppiumLibrary">
<msg time="2025-06-07T04:01:57.890506" level="INFO">Verifying element 'xpath=//android.widget.TextView[@resource-id="de.danoeh.antennapod.debug:id/emptyViewTitle"]' contains exactly text 'No subscriptions'.</msg>
<msg time="2025-06-07T04:01:58.121506" level="INFO">xpath criteria: //android.widget.TextView[@resource-id="de.danoeh.antennapod.debug:id/emptyViewTitle"]</msg>
<arg>xpath=//android.widget.TextView[@resource-id="de.danoeh.antennapod.debug:id/emptyViewTitle"]</arg>
<arg>No subscriptions</arg>
<doc>Verifies element identified by ``locator`` exactly contains text ``expected``.</doc>
<status status="PASS" start="2025-06-07T04:01:57.889508" elapsed="0.231998"/>
</kw>
<status status="PASS" start="2025-06-07T04:01:57.115507" elapsed="1.005999"/>
</kw>
<kw name="Teardown And Clear App" owner="common" type="TEARDOWN">
<kw name="Run Process" owner="Process">
<msg time="2025-06-07T04:01:58.122507" level="INFO">Starting process:
adb shell pm clear de.danoeh.antennapod.debug</msg>
<msg time="2025-06-07T04:01:58.124505" level="INFO">Waiting for process to complete.</msg>
<msg time="2025-06-07T04:01:58.409510" level="INFO">Process completed.</msg>
<arg>adb</arg>
<arg>shell</arg>
<arg>pm</arg>
<arg>clear</arg>
<arg>${PACKAGE_NAME}</arg>
<doc>Runs a process and waits for it to complete.</doc>
<status status="PASS" start="2025-06-07T04:01:58.122507" elapsed="0.287003"/>
</kw>
<status status="PASS" start="2025-06-07T04:01:58.121506" elapsed="0.288004"/>
</kw>
<tag>TC-SM-03-01</tag>
<status status="PASS" start="2025-06-07T04:01:25.061802" elapsed="33.348705"/>
</test>
<test id="s1-t5" name="Test Delete Subscribed Podcast" line="51">
<kw name="Run Keywords" owner="BuiltIn" type="SETUP">
<kw name="Open antennapod" owner="common">
<kw name="Open Application" owner="AppiumLibrary">
<arg>${REMOTE_URL}</arg>
<arg>platformName=${PLATFORM_NAME}</arg>
<arg>deviceName=${DEVICE_NAME}</arg>
<arg>automationName=UiAutomator2</arg>
<arg>newCommandTimeout=2500</arg>
<arg>appActivity=${Activity_NAME}</arg>
<arg>appPackage=${PACKAGE_NAME}</arg>
<doc>Opens a new application to given Appium server.
Capabilities of appium server, Android and iOS,
Please check https://appium.io/docs/en/2.1/cli/args/
| *Option*            | *Man.* | *Description*     |
| remote_url          | Yes    | Appium server url |
| alias               | no     | alias             |
| strict_ssl          | No     | allows you to send commands to an invalid certificate host like a self-signed one. |</doc>
<status status="PASS" start="2025-06-07T04:01:58.411506" elapsed="7.549004"/>
</kw>
<status status="PASS" start="2025-06-07T04:01:58.411506" elapsed="7.550004"/>
</kw>
<kw name="Go To Add Podcast Page" owner="common">
<kw name="Click Element" owner="AppiumLibrary">
<msg time="2025-06-07T04:02:05.962509" level="INFO">Clicking element 'xpath=(//android.widget.ImageView[@resource-id="de.danoeh.antennapod.debug:id/navigation_bar_item_icon_view"])[5]'.</msg>
<msg time="2025-06-07T04:02:07.784880" level="INFO">xpath criteria: (//android.widget.ImageView[@resource-id="de.danoeh.antennapod.debug:id/navigation_bar_item_icon_view"])[5]</msg>
<arg>xpath=(//android.widget.ImageView[@resource-id="de.danoeh.antennapod.debug:id/navigation_bar_item_icon_view"])[5]</arg>
<doc>Click element identified by `locator`.</doc>
<status status="PASS" start="2025-06-07T04:02:05.961510" elapsed="1.823370"/>
</kw>
<kw name="Wait Until Element Is Visible" owner="AppiumLibrary">
<msg time="2025-06-07T04:02:09.342686" level="INFO">xpath criteria: //android.widget.ListView/android.widget.LinearLayout[4]
xpath criteria: //android.widget.ListView/android.widget.LinearLayout[4]</msg>
<arg>xpath=//android.widget.ListView/android.widget.LinearLayout[4]</arg>
<doc>Waits until element specified with `locator` is visible.</doc>
<status status="PASS" start="2025-06-07T04:02:07.784880" elapsed="1.557806"/>
</kw>
<kw name="Click Element" owner="AppiumLibrary">
<msg time="2025-06-07T04:02:09.343689" level="INFO">Clicking element 'xpath=//android.widget.ListView/android.widget.LinearLayout[4]'.</msg>
<msg time="2025-06-07T04:02:10.239686" level="INFO">xpath criteria: //android.widget.ListView/android.widget.LinearLayout[4]</msg>
<arg>xpath=//android.widget.ListView/android.widget.LinearLayout[4]</arg>
<doc>Click element identified by `locator`.</doc>
<status status="PASS" start="2025-06-07T04:02:09.342686" elapsed="0.897000"/>
</kw>
<kw name="Wait Until Element Is Visible" owner="AppiumLibrary">
<msg time="2025-06-07T04:02:11.290376" level="INFO">xpath criteria: //android.widget.Button[@resource-id="de.danoeh.antennapod.debug:id/errorRetryButton"]</msg>
<arg>xpath=//android.widget.Button[@resource-id="de.danoeh.antennapod.debug:id/errorRetryButton"]</arg>
<doc>Waits until element specified with `locator` is visible.</doc>
<status status="PASS" start="2025-06-07T04:02:10.239686" elapsed="1.050690"/>
</kw>
<kw name="Click Element" owner="AppiumLibrary">
<msg time="2025-06-07T04:02:11.291375" level="INFO">Clicking element 'xpath=//android.widget.Button[@resource-id="de.danoeh.antennapod.debug:id/errorRetryButton"]'.</msg>
<msg time="2025-06-07T04:02:13.030494" level="INFO">xpath criteria: //android.widget.Button[@resource-id="de.danoeh.antennapod.debug:id/errorRetryButton"]</msg>
<arg>xpath=//android.widget.Button[@resource-id="de.danoeh.antennapod.debug:id/errorRetryButton"]</arg>
<doc>Click element identified by `locator`.</doc>
<status status="PASS" start="2025-06-07T04:02:11.290376" elapsed="1.740118"/>
</kw>
<status status="PASS" start="2025-06-07T04:02:05.961510" elapsed="7.068984"/>
</kw>
<kw name="Subscribe Podcast" owner="common">
<kw name="Wait Until Element Is Visible" owner="AppiumLibrary">
<msg time="2025-06-07T04:02:13.196120" level="INFO">xpath criteria: //android.widget.GridView[@resource-id="de.danoeh.antennapod.debug:id/discover_grid"]/android.widget.LinearLayout[1]</msg>
<arg>xpath=//android.widget.GridView[@resource-id="de.danoeh.antennapod.debug:id/discover_grid"]/android.widget.LinearLayout[${podcast_index}]</arg>
<doc>Waits until element specified with `locator` is visible.</doc>
<status status="PASS" start="2025-06-07T04:02:13.030494" elapsed="0.165626"/>
</kw>
<kw name="Click Element" owner="AppiumLibrary">
<msg time="2025-06-07T04:02:13.197121" level="INFO">Clicking element 'xpath=//android.widget.GridView[@resource-id="de.danoeh.antennapod.debug:id/discover_grid"]/android.widget.LinearLayout[1]'.</msg>
<msg time="2025-06-07T04:02:14.704980" level="INFO">xpath criteria: //android.widget.GridView[@resource-id="de.danoeh.antennapod.debug:id/discover_grid"]/android.widget.LinearLayout[1]</msg>
<arg>xpath=//android.widget.GridView[@resource-id="de.danoeh.antennapod.debug:id/discover_grid"]/android.widget.LinearLayout[${podcast_index}]</arg>
<doc>Click element identified by `locator`.</doc>
<status status="PASS" start="2025-06-07T04:02:13.196120" elapsed="1.508860"/>
</kw>
<kw name="Wait Until Element Is Visible" owner="AppiumLibrary">
<msg time="2025-06-07T04:02:16.902381" level="INFO">xpath criteria: //android.widget.Button[@resource-id="de.danoeh.antennapod.debug:id/butSubscribe"]
xpath criteria: //android.widget.Button[@resource-id="de.danoeh.antennapod.debug:id/butSubscribe"]</msg>
<arg>xpath=//android.widget.Button[@resource-id="de.danoeh.antennapod.debug:id/butSubscribe"]</arg>
<doc>Waits until element specified with `locator` is visible.</doc>
<status status="PASS" start="2025-06-07T04:02:14.705977" elapsed="2.196404"/>
</kw>
<kw name="Click Element" owner="AppiumLibrary">
<msg time="2025-06-07T04:02:16.903381" level="INFO">Clicking element 'xpath=//android.widget.Button[@resource-id="de.danoeh.antennapod.debug:id/butSubscribe"]'.</msg>
<msg time="2025-06-07T04:02:17.116383" level="INFO">xpath criteria: //android.widget.Button[@resource-id="de.danoeh.antennapod.debug:id/butSubscribe"]</msg>
<arg>xpath=//android.widget.Button[@resource-id="de.danoeh.antennapod.debug:id/butSubscribe"]</arg>
<doc>Click element identified by `locator`.</doc>
<status status="PASS" start="2025-06-07T04:02:16.903381" elapsed="0.213002"/>
</kw>
<arg>1</arg>
<status status="PASS" start="2025-06-07T04:02:13.030494" elapsed="4.085889"/>
</kw>
<kw name="Go Back To Previous Page" owner="common">
<kw name="Wait Until Page Contains Element" owner="AppiumLibrary">
<msg time="2025-06-07T04:02:18.865455" level="INFO">xpath criteria: //android.widget.ImageButton[@content-desc="Back"]</msg>
<arg>xpath=//android.widget.ImageButton[@content-desc="Back"]</arg>
<doc>Waits until element specified with `locator` appears on current page.</doc>
<status status="PASS" start="2025-06-07T04:02:17.116383" elapsed="1.749072"/>
</kw>
<kw name="Click Element" owner="AppiumLibrary">
<msg time="2025-06-07T04:02:18.866461" level="INFO">Clicking element 'xpath=//android.widget.ImageButton[@content-desc="Back"]'.</msg>
<msg time="2025-06-07T04:02:20.169516" level="INFO">xpath criteria: //android.widget.ImageButton[@content-desc="Back"]</msg>
<arg>xpath=//android.widget.ImageButton[@content-desc="Back"]</arg>
<doc>Click element identified by `locator`.</doc>
<status status="PASS" start="2025-06-07T04:02:18.865455" elapsed="1.305063"/>
</kw>
<status status="PASS" start="2025-06-07T04:02:17.116383" elapsed="3.054135"/>
</kw>
<kw name="Subscribe Podcast" owner="common">
<kw name="Wait Until Element Is Visible" owner="AppiumLibrary">
<msg time="2025-06-07T04:02:20.281516" level="INFO">xpath criteria: //android.widget.GridView[@resource-id="de.danoeh.antennapod.debug:id/discover_grid"]/android.widget.LinearLayout[2]</msg>
<arg>xpath=//android.widget.GridView[@resource-id="de.danoeh.antennapod.debug:id/discover_grid"]/android.widget.LinearLayout[${podcast_index}]</arg>
<doc>Waits until element specified with `locator` is visible.</doc>
<status status="PASS" start="2025-06-07T04:02:20.170518" elapsed="0.110998"/>
</kw>
<kw name="Click Element" owner="AppiumLibrary">
<msg time="2025-06-07T04:02:20.282517" level="INFO">Clicking element 'xpath=//android.widget.GridView[@resource-id="de.danoeh.antennapod.debug:id/discover_grid"]/android.widget.LinearLayout[2]'.</msg>
<msg time="2025-06-07T04:02:22.859485" level="INFO">xpath criteria: //android.widget.GridView[@resource-id="de.danoeh.antennapod.debug:id/discover_grid"]/android.widget.LinearLayout[2]</msg>
<arg>xpath=//android.widget.GridView[@resource-id="de.danoeh.antennapod.debug:id/discover_grid"]/android.widget.LinearLayout[${podcast_index}]</arg>
<doc>Click element identified by `locator`.</doc>
<status status="PASS" start="2025-06-07T04:02:20.282517" elapsed="2.577970"/>
</kw>
<kw name="Wait Until Element Is Visible" owner="AppiumLibrary">
<msg time="2025-06-07T04:02:22.954502" level="INFO">xpath criteria: //android.widget.Button[@resource-id="de.danoeh.antennapod.debug:id/butSubscribe"]</msg>
<arg>xpath=//android.widget.Button[@resource-id="de.danoeh.antennapod.debug:id/butSubscribe"]</arg>
<doc>Waits until element specified with `locator` is visible.</doc>
<status status="PASS" start="2025-06-07T04:02:22.860487" elapsed="0.094015"/>
</kw>
<kw name="Click Element" owner="AppiumLibrary">
<msg time="2025-06-07T04:02:22.955497" level="INFO">Clicking element 'xpath=//android.widget.Button[@resource-id="de.danoeh.antennapod.debug:id/butSubscribe"]'.</msg>
<msg time="2025-06-07T04:02:25.347470" level="INFO">xpath criteria: //android.widget.Button[@resource-id="de.danoeh.antennapod.debug:id/butSubscribe"]</msg>
<arg>xpath=//android.widget.Button[@resource-id="de.danoeh.antennapod.debug:id/butSubscribe"]</arg>
<doc>Click element identified by `locator`.</doc>
<status status="PASS" start="2025-06-07T04:02:22.954502" elapsed="2.392968"/>
</kw>
<arg>2</arg>
<status status="PASS" start="2025-06-07T04:02:20.170518" elapsed="5.176952"/>
</kw>
<kw name="Go Back To Previous Page" owner="common">
<kw name="Wait Until Page Contains Element" owner="AppiumLibrary">
<msg time="2025-06-07T04:02:25.456469" level="INFO">xpath criteria: //android.widget.ImageButton[@content-desc="Back"]</msg>
<arg>xpath=//android.widget.ImageButton[@content-desc="Back"]</arg>
<doc>Waits until element specified with `locator` appears on current page.</doc>
<status status="PASS" start="2025-06-07T04:02:25.347470" elapsed="0.108999"/>
</kw>
<kw name="Click Element" owner="AppiumLibrary">
<msg time="2025-06-07T04:02:25.457470" level="INFO">Clicking element 'xpath=//android.widget.ImageButton[@content-desc="Back"]'.</msg>
<msg time="2025-06-07T04:02:25.698468" level="INFO">xpath criteria: //android.widget.ImageButton[@content-desc="Back"]</msg>
<arg>xpath=//android.widget.ImageButton[@content-desc="Back"]</arg>
<doc>Click element identified by `locator`.</doc>
<status status="PASS" start="2025-06-07T04:02:25.456469" elapsed="0.241999"/>
</kw>
<status status="PASS" start="2025-06-07T04:02:25.347470" elapsed="0.350998"/>
</kw>
<kw name="Go To Subscription Page" owner="common">
<kw name="Click Element" owner="AppiumLibrary">
<msg time="2025-06-07T04:02:25.700469" level="INFO">Clicking element 'xpath=(//android.widget.ImageView[@resource-id="de.danoeh.antennapod.debug:id/navigation_bar_item_icon_view"])[4]'.</msg>
<msg time="2025-06-07T04:02:27.566142" level="INFO">xpath criteria: (//android.widget.ImageView[@resource-id="de.danoeh.antennapod.debug:id/navigation_bar_item_icon_view"])[4]</msg>
<arg>xpath=(//android.widget.ImageView[@resource-id="de.danoeh.antennapod.debug:id/navigation_bar_item_icon_view"])[4]</arg>
<doc>Click element identified by `locator`.</doc>
<status status="PASS" start="2025-06-07T04:02:25.698468" elapsed="1.867674"/>
</kw>
<status status="PASS" start="2025-06-07T04:02:25.698468" elapsed="1.867674"/>
</kw>
<arg>Open AntennaPod</arg>
<arg>AND</arg>
<arg>Go To Add Podcast Page</arg>
<arg>AND</arg>
<arg>Subscribe Podcast</arg>
<arg>1</arg>
<arg>AND</arg>
<arg>Go Back To Previous Page</arg>
<arg>AND</arg>
<arg>Subscribe Podcast</arg>
<arg>2</arg>
<arg>AND</arg>
<arg>Go Back To Previous Page</arg>
<arg>AND</arg>
<arg>Go To Subscription Page</arg>
<doc>Executes all the given keywords in a sequence.</doc>
<status status="PASS" start="2025-06-07T04:01:58.410507" elapsed="29.155635"/>
</kw>
<kw name="Remove Podcast" owner="TC-SM-03">
<kw name="Click Element" owner="AppiumLibrary">
<msg time="2025-06-07T04:02:27.568145" level="INFO">Clicking element 'xpath=//android.widget.GridView[@resource-id="de.danoeh.antennapod.debug:id/subscriptions_grid"]/android.widget.FrameLayout[1]'.</msg>
<msg time="2025-06-07T04:02:29.045671" level="INFO">xpath criteria: //android.widget.GridView[@resource-id="de.danoeh.antennapod.debug:id/subscriptions_grid"]/android.widget.FrameLayout[1]</msg>
<arg>xpath=//android.widget.GridView[@resource-id="de.danoeh.antennapod.debug:id/subscriptions_grid"]/android.widget.FrameLayout[${podcast_index}]</arg>
<doc>Click element identified by `locator`.</doc>
<status status="PASS" start="2025-06-07T04:02:27.567141" elapsed="1.478530"/>
</kw>
<kw name="Wait Until Element Is Visible" owner="AppiumLibrary">
<msg time="2025-06-07T04:02:29.173674" level="INFO">xpath criteria: //android.widget.ImageView[@content-desc="More options"]</msg>
<arg>xpath=//android.widget.ImageView[@content-desc="More options"]</arg>
<doc>Waits until element specified with `locator` is visible.</doc>
<status status="PASS" start="2025-06-07T04:02:29.045671" elapsed="0.128003"/>
</kw>
<kw name="Click Element" owner="AppiumLibrary">
<msg time="2025-06-07T04:02:29.174674" level="INFO">Clicking element 'xpath=//android.widget.ImageView[@content-desc="More options"]'.</msg>
<msg time="2025-06-07T04:02:29.394680" level="INFO">xpath criteria: //android.widget.ImageView[@content-desc="More options"]</msg>
<arg>xpath=//android.widget.ImageView[@content-desc="More options"]</arg>
<doc>Click element identified by `locator`.</doc>
<status status="PASS" start="2025-06-07T04:02:29.173674" elapsed="0.221006"/>
</kw>
<kw name="Wait Until Element Is Visible" owner="AppiumLibrary">
<msg time="2025-06-07T04:02:30.776564" level="INFO">xpath criteria: //android.widget.TextView[@resource-id="de.danoeh.antennapod.debug:id/title" and @text="Remove podcast"]
xpath criteria: //android.widget.TextView[@resource-id="de.danoeh.antennapod.debug:id/title" and @text="Remove podcast"]</msg>
<arg>xpath=//android.widget.TextView[@resource-id="de.danoeh.antennapod.debug:id/title" and @text="Remove podcast"]</arg>
<doc>Waits until element specified with `locator` is visible.</doc>
<status status="PASS" start="2025-06-07T04:02:29.394680" elapsed="1.381884"/>
</kw>
<kw name="Click Element" owner="AppiumLibrary">
<msg time="2025-06-07T04:02:30.777566" level="INFO">Clicking element 'xpath=//android.widget.TextView[@resource-id="de.danoeh.antennapod.debug:id/title" and @text="Remove podcast"]'.</msg>
<msg time="2025-06-07T04:02:32.409079" level="INFO">xpath criteria: //android.widget.TextView[@resource-id="de.danoeh.antennapod.debug:id/title" and @text="Remove podcast"]</msg>
<arg>xpath=//android.widget.TextView[@resource-id="de.danoeh.antennapod.debug:id/title" and @text="Remove podcast"]</arg>
<doc>Click element identified by `locator`.</doc>
<status status="PASS" start="2025-06-07T04:02:30.776564" elapsed="1.632515"/>
</kw>
<kw name="Wait Until Element Is Visible" owner="AppiumLibrary">
<msg time="2025-06-07T04:02:32.483079" level="INFO">xpath criteria: //android.widget.Button[@resource-id="android:id/button1"]</msg>
<arg>xpath=//android.widget.Button[@resource-id="android:id/button1"]</arg>
<doc>Waits until element specified with `locator` is visible.</doc>
<status status="PASS" start="2025-06-07T04:02:32.409079" elapsed="0.074000"/>
</kw>
<kw name="Click Element" owner="AppiumLibrary">
<msg time="2025-06-07T04:02:32.484076" level="INFO">Clicking element 'xpath=//android.widget.Button[@resource-id="android:id/button1"]'.</msg>
<msg time="2025-06-07T04:02:32.683497" level="INFO">xpath criteria: //android.widget.Button[@resource-id="android:id/button1"]</msg>
<arg>xpath=//android.widget.Button[@resource-id="android:id/button1"]</arg>
<doc>Click element identified by `locator`.</doc>
<status status="PASS" start="2025-06-07T04:02:32.483079" elapsed="0.200418"/>
</kw>
<kw name="Wait Until Element Is Visible" owner="AppiumLibrary">
<msg time="2025-06-07T04:02:35.000457" level="INFO">xpath criteria: (//android.widget.ImageView[@resource-id="de.danoeh.antennapod.debug:id/navigation_bar_item_icon_view"])[4]</msg>
<arg>xpath=(//android.widget.ImageView[@resource-id="de.danoeh.antennapod.debug:id/navigation_bar_item_icon_view"])[4]</arg>
<doc>Waits until element specified with `locator` is visible.</doc>
<status status="PASS" start="2025-06-07T04:02:32.683497" elapsed="2.316960"/>
</kw>
<kw name="Click Element" owner="AppiumLibrary">
<msg time="2025-06-07T04:02:35.001459" level="INFO">Clicking element 'xpath=(//android.widget.ImageView[@resource-id="de.danoeh.antennapod.debug:id/navigation_bar_item_icon_view"])[4]'.</msg>
<msg time="2025-06-07T04:02:36.281024" level="INFO">xpath criteria: (//android.widget.ImageView[@resource-id="de.danoeh.antennapod.debug:id/navigation_bar_item_icon_view"])[4]</msg>
<arg>xpath=(//android.widget.ImageView[@resource-id="de.danoeh.antennapod.debug:id/navigation_bar_item_icon_view"])[4]</arg>
<doc>Click element identified by `locator`.</doc>
<status status="PASS" start="2025-06-07T04:02:35.000457" elapsed="1.281567"/>
</kw>
<arg>1</arg>
<status status="PASS" start="2025-06-07T04:02:27.567141" elapsed="8.714883"/>
</kw>
<kw name="Verify Subscription List After Delete" owner="TC-SM-03">
<kw name="Wait Until Element Is Visible" owner="AppiumLibrary">
<msg time="2025-06-07T04:02:36.399546" level="INFO">xpath criteria: //android.widget.GridView[@resource-id="de.danoeh.antennapod.debug:id/subscriptions_grid"]</msg>
<arg>xpath=//android.widget.GridView[@resource-id="de.danoeh.antennapod.debug:id/subscriptions_grid"]</arg>
<doc>Waits until element specified with `locator` is visible.</doc>
<status status="PASS" start="2025-06-07T04:02:36.282024" elapsed="0.117522"/>
</kw>
<kw name="Create List" owner="BuiltIn">
<msg time="2025-06-07T04:02:36.399546" level="INFO">${current_list} = []</msg>
<var>${current_list}</var>
<doc>Returns a list containing given items.</doc>
<status status="PASS" start="2025-06-07T04:02:36.399546" elapsed="0.000000"/>
</kw>
<kw name="Get Webelements" owner="AppiumLibrary">
<msg time="2025-06-07T04:02:36.474547" level="INFO">xpath criteria: //android.widget.GridView[@resource-id="de.danoeh.antennapod.debug:id/subscriptions_grid"]//android.widget.ImageView</msg>
<msg time="2025-06-07T04:02:36.474547" level="INFO">${elements} = [&lt;appium.webdriver.webelement.WebElement (session="ea8fcc66-67d0-48f4-be31-b1527da2df3e", element="00000000-0000-0544-ffff-ffff0000062d")&gt;]</msg>
<var>${elements}</var>
<arg>xpath=//android.widget.GridView[@resource-id="de.danoeh.antennapod.debug:id/subscriptions_grid"]//android.widget.ImageView</arg>
<doc>Returns list of [http://selenium-python.readthedocs.io/api.html#module-selenium.webdriver.remote.webelement|WebElement] objects matching ``locator``.</doc>
<status status="PASS" start="2025-06-07T04:02:36.399546" elapsed="0.075001"/>
</kw>
<kw name="Get Length" owner="BuiltIn">
<msg time="2025-06-07T04:02:36.474547" level="INFO">Length is 1.</msg>
<msg time="2025-06-07T04:02:36.474547" level="INFO">${element_count} = 1</msg>
<var>${element_count}</var>
<arg>${elements}</arg>
<doc>Returns and logs the length of the given item as an integer.</doc>
<status status="PASS" start="2025-06-07T04:02:36.474547" elapsed="0.000000"/>
</kw>
<for flavor="IN RANGE">
<iter>
<kw name="Get Element Attribute" owner="AppiumLibrary">
<msg time="2025-06-07T04:02:36.579547" level="INFO">Element 'xpath=(//android.widget.GridView[@resource-id="de.danoeh.antennapod.debug:id/subscriptions_grid"]//android.widget.ImageView)[1]' attribute 'content-desc' value 'The Daily' </msg>
<msg time="2025-06-07T04:02:36.579547" level="INFO">xpath criteria: (//android.widget.GridView[@resource-id="de.danoeh.antennapod.debug:id/subscriptions_grid"]//android.widget.ImageView)[1]</msg>
<msg time="2025-06-07T04:02:36.579547" level="INFO">${desc} = The Daily</msg>
<var>${desc}</var>
<arg>xpath=(//android.widget.GridView[@resource-id="de.danoeh.antennapod.debug:id/subscriptions_grid"]//android.widget.ImageView)[${i}]</arg>
<arg>content-desc</arg>
<doc>Get element attribute using given attribute: name, value,...</doc>
<status status="PASS" start="2025-06-07T04:02:36.475546" elapsed="0.104001"/>
</kw>
<kw name="Append To List" owner="Collections">
<arg>${current_list}</arg>
<arg>${desc}</arg>
<doc>Adds ``values`` to the end of ``list``.</doc>
<status status="PASS" start="2025-06-07T04:02:36.579547" elapsed="0.000000"/>
</kw>
<var name="${i}">1</var>
<status status="PASS" start="2025-06-07T04:02:36.475546" elapsed="0.104001"/>
</iter>
<var>${i}</var>
<value>1</value>
<value>${element_count + 1}</value>
<status status="PASS" start="2025-06-07T04:02:36.475546" elapsed="0.104001"/>
</for>
<kw name="Lists Should Be Equal" owner="Collections">
<arg>${current_list}</arg>
<arg>${expected_list}</arg>
<doc>Fails if given lists are unequal.</doc>
<status status="PASS" start="2025-06-07T04:02:36.579547" elapsed="0.000998"/>
</kw>
<arg>${PODCAST_TITLE_2}</arg>
<status status="PASS" start="2025-06-07T04:02:36.282024" elapsed="0.298521"/>
</kw>
<kw name="Teardown And Clear App" owner="common" type="TEARDOWN">
<kw name="Run Process" owner="Process">
<msg time="2025-06-07T04:02:36.580545" level="INFO">Starting process:
adb shell pm clear de.danoeh.antennapod.debug</msg>
<msg time="2025-06-07T04:02:36.583544" level="INFO">Waiting for process to complete.</msg>
<msg time="2025-06-07T04:02:36.950888" level="INFO">Process completed.</msg>
<arg>adb</arg>
<arg>shell</arg>
<arg>pm</arg>
<arg>clear</arg>
<arg>${PACKAGE_NAME}</arg>
<doc>Runs a process and waits for it to complete.</doc>
<status status="PASS" start="2025-06-07T04:02:36.580545" elapsed="0.370343"/>
</kw>
<status status="PASS" start="2025-06-07T04:02:36.580545" elapsed="0.370343"/>
</kw>
<tag>TC-SM-03-02</tag>
<status status="PASS" start="2025-06-07T04:01:58.410507" elapsed="38.541382"/>
</test>
<test id="s1-t6" name="Test Sort Alphabetically Without Subscription" line="64">
<kw name="Run Keywords" owner="BuiltIn" type="SETUP">
<kw name="Open antennapod" owner="common">
<kw name="Open Application" owner="AppiumLibrary">
<arg>${REMOTE_URL}</arg>
<arg>platformName=${PLATFORM_NAME}</arg>
<arg>deviceName=${DEVICE_NAME}</arg>
<arg>automationName=UiAutomator2</arg>
<arg>newCommandTimeout=2500</arg>
<arg>appActivity=${Activity_NAME}</arg>
<arg>appPackage=${PACKAGE_NAME}</arg>
<doc>Opens a new application to given Appium server.
Capabilities of appium server, Android and iOS,
Please check https://appium.io/docs/en/2.1/cli/args/
| *Option*            | *Man.* | *Description*     |
| remote_url          | Yes    | Appium server url |
| alias               | no     | alias             |
| strict_ssl          | No     | allows you to send commands to an invalid certificate host like a self-signed one. |</doc>
<status status="PASS" start="2025-06-07T04:02:36.952889" elapsed="6.815505"/>
</kw>
<status status="PASS" start="2025-06-07T04:02:36.952889" elapsed="6.815505"/>
</kw>
<kw name="Go To Subscription Page" owner="common">
<kw name="Click Element" owner="AppiumLibrary">
<msg time="2025-06-07T04:02:43.769395" level="INFO">Clicking element 'xpath=(//android.widget.ImageView[@resource-id="de.danoeh.antennapod.debug:id/navigation_bar_item_icon_view"])[4]'.</msg>
<msg time="2025-06-07T04:02:46.805376" level="INFO">xpath criteria: (//android.widget.ImageView[@resource-id="de.danoeh.antennapod.debug:id/navigation_bar_item_icon_view"])[4]</msg>
<arg>xpath=(//android.widget.ImageView[@resource-id="de.danoeh.antennapod.debug:id/navigation_bar_item_icon_view"])[4]</arg>
<doc>Click element identified by `locator`.</doc>
<status status="PASS" start="2025-06-07T04:02:43.769395" elapsed="3.035981"/>
</kw>
<status status="PASS" start="2025-06-07T04:02:43.768394" elapsed="3.036982"/>
</kw>
[...]
<status status="PASS" start="2025-06-07T04:04:30.920007" elapsed="1.711915"/>
</kw>
<kw name="Click Element" owner="AppiumLibrary">
<msg time="2025-06-07T04:04:32.632923" level="INFO">Clicking element 'xpath=//android.widget.Button[@resource-id="de.danoeh.antennapod.debug:id/butSubscribe"]'.</msg>
<msg time="2025-06-07T04:04:32.891922" level="INFO">xpath criteria: //android.widget.Button[@resource-id="de.danoeh.antennapod.debug:id/butSubscribe"]</msg>
<arg>xpath=//android.widget.Button[@resource-id="de.danoeh.antennapod.debug:id/butSubscribe"]</arg>
<doc>Click element identified by `locator`.</doc>
<status status="PASS" start="2025-06-07T04:04:32.631922" elapsed="0.260000"/>
</kw>
<arg>1</arg>
<status status="PASS" start="2025-06-07T04:04:28.979422" elapsed="3.912500"/>
</kw>
<kw name="Go Back To Previous Page" owner="common">
<kw name="Wait Until Page Contains Element" owner="AppiumLibrary">
<msg time="2025-06-07T04:04:35.004268" level="INFO">xpath criteria: //android.widget.ImageButton[@content-desc="Back"]</msg>
<arg>xpath=//android.widget.ImageButton[@content-desc="Back"]</arg>
<doc>Waits until element specified with `locator` appears on current page.</doc>
<status status="PASS" start="2025-06-07T04:04:32.892921" elapsed="2.111347"/>
</kw>
<kw name="Click Element" owner="AppiumLibrary">
<msg time="2025-06-07T04:04:35.005267" level="INFO">Clicking element 'xpath=//android.widget.ImageButton[@content-desc="Back"]'.</msg>
<msg time="2025-06-07T04:04:35.553070" level="INFO">xpath criteria: //android.widget.ImageButton[@content-desc="Back"]</msg>
<arg>xpath=//android.widget.ImageButton[@content-desc="Back"]</arg>
<doc>Click element identified by `locator`.</doc>
<status status="PASS" start="2025-06-07T04:04:35.004268" elapsed="0.548802"/>
</kw>
<status status="PASS" start="2025-06-07T04:04:32.892921" elapsed="2.660149"/>
</kw>
<kw name="Subscribe Podcast" owner="common">
<kw name="Wait Until Element Is Visible" owner="AppiumLibrary">
<msg time="2025-06-07T04:04:36.300150" level="INFO">xpath criteria: //android.widget.GridView[@resource-id="de.danoeh.antennapod.debug:id/discover_grid"]/android.widget.LinearLayout[2]</msg>
<arg>xpath=//android.widget.GridView[@resource-id="de.danoeh.antennapod.debug:id/discover_grid"]/android.widget.LinearLayout[${podcast_index}]</arg>
<doc>Waits until element specified with `locator` is visible.</doc>
<status status="PASS" start="2025-06-07T04:04:35.553070" elapsed="0.747080"/>
</kw>
<kw name="Click Element" owner="AppiumLibrary">
<msg time="2025-06-07T04:04:36.302152" level="INFO">Clicking element 'xpath=//android.widget.GridView[@resource-id="de.danoeh.antennapod.debug:id/discover_grid"]/android.widget.LinearLayout[2]'.</msg>
<msg time="2025-06-07T04:04:38.890479" level="INFO">xpath criteria: //android.widget.GridView[@resource-id="de.danoeh.antennapod.debug:id/discover_grid"]/android.widget.LinearLayout[2]</msg>
<arg>xpath=//android.widget.GridView[@resource-id="de.danoeh.antennapod.debug:id/discover_grid"]/android.widget.LinearLayout[${podcast_index}]</arg>
<doc>Click element identified by `locator`.</doc>
<status status="PASS" start="2025-06-07T04:04:36.300150" elapsed="2.590329"/>
</kw>
<kw name="Wait Until Element Is Visible" owner="AppiumLibrary">
<msg time="2025-06-07T04:04:38.991100" level="INFO">xpath criteria: //android.widget.Button[@resource-id="de.danoeh.antennapod.debug:id/butSubscribe"]</msg>
<arg>xpath=//android.widget.Button[@resource-id="de.danoeh.antennapod.debug:id/butSubscribe"]</arg>
<doc>Waits until element specified with `locator` is visible.</doc>
<status status="PASS" start="2025-06-07T04:04:38.890479" elapsed="0.100621"/>
</kw>
<kw name="Click Element" owner="AppiumLibrary">
<msg time="2025-06-07T04:04:38.992099" level="INFO">Clicking element 'xpath=//android.widget.Button[@resource-id="de.danoeh.antennapod.debug:id/butSubscribe"]'.</msg>
<msg time="2025-06-07T04:04:39.222102" level="INFO">xpath criteria: //android.widget.Button[@resource-id="de.danoeh.antennapod.debug:id/butSubscribe"]</msg>
<arg>xpath=//android.widget.Button[@resource-id="de.danoeh.antennapod.debug:id/butSubscribe"]</arg>
<doc>Click element identified by `locator`.</doc>
<status status="PASS" start="2025-06-07T04:04:38.991100" elapsed="0.231002"/>
</kw>
<arg>2</arg>
<status status="PASS" start="2025-06-07T04:04:35.553070" elapsed="3.669032"/>
</kw>
<kw name="Change Podcast Settings" owner="TC-SM-05">
<kw name="Wait Until Element Is Visible" owner="AppiumLibrary">
<msg time="2025-06-07T04:04:41.036677" level="INFO">xpath criteria: //android.widget.ImageButton[@content-desc="Show podcast settings"]</msg>
<arg>xpath=//android.widget.ImageButton[@content-desc="Show podcast settings"]</arg>
<doc>Waits until element specified with `locator` is visible.</doc>
<status status="PASS" start="2025-06-07T04:04:39.223098" elapsed="1.813579"/>
</kw>
<kw name="Click Element" owner="AppiumLibrary">
<msg time="2025-06-07T04:04:41.037678" level="INFO">Clicking element 'xpath=//android.widget.ImageButton[@content-desc="Show podcast settings"]'.</msg>
<msg time="2025-06-07T04:04:41.280678" level="INFO">xpath criteria: //android.widget.ImageButton[@content-desc="Show podcast settings"]</msg>
<arg>xpath=//android.widget.ImageButton[@content-desc="Show podcast settings"]</arg>
<doc>Click element identified by `locator`.</doc>
<status status="PASS" start="2025-06-07T04:04:41.037678" elapsed="0.243000"/>
</kw>
<kw name="Wait Until Element Is Visible" owner="AppiumLibrary">
<msg time="2025-06-07T04:04:42.283296" level="INFO">xpath criteria: (//android.widget.Switch[@resource-id="de.danoeh.antennapod.debug:id/switchWidget"])[1]</msg>
<arg>xpath=(//android.widget.Switch[@resource-id="de.danoeh.antennapod.debug:id/switchWidget"])[1]</arg>
<doc>Waits until element specified with `locator` is visible.</doc>
<status status="PASS" start="2025-06-07T04:04:41.280678" elapsed="1.002618"/>
</kw>
<kw name="Click Element" owner="AppiumLibrary">
<msg time="2025-06-07T04:04:42.284297" level="INFO">Clicking element 'xpath=(//android.widget.Switch[@resource-id="de.danoeh.antennapod.debug:id/switchWidget"])[1]'.</msg>
<msg time="2025-06-07T04:04:43.148514" level="INFO">xpath criteria: (//android.widget.Switch[@resource-id="de.danoeh.antennapod.debug:id/switchWidget"])[1]</msg>
<arg>xpath=(//android.widget.Switch[@resource-id="de.danoeh.antennapod.debug:id/switchWidget"])[1]</arg>
<doc>Click element identified by `locator`.</doc>
<status status="PASS" start="2025-06-07T04:04:42.283296" elapsed="0.865218"/>
</kw>
<status status="PASS" start="2025-06-07T04:04:39.222102" elapsed="3.927409"/>
</kw>
<kw name="Go Back To Previous Page" owner="common">
<kw name="Wait Until Page Contains Element" owner="AppiumLibrary">
<msg time="2025-06-07T04:04:43.273511" level="INFO">xpath criteria: //android.widget.ImageButton[@content-desc="Back"]</msg>
<arg>xpath=//android.widget.ImageButton[@content-desc="Back"]</arg>
<doc>Waits until element specified with `locator` appears on current page.</doc>
<status status="PASS" start="2025-06-07T04:04:43.149511" elapsed="0.124000"/>
</kw>
<kw name="Click Element" owner="AppiumLibrary">
<msg time="2025-06-07T04:04:43.274512" level="INFO">Clicking element 'xpath=//android.widget.ImageButton[@content-desc="Back"]'.</msg>
<msg time="2025-06-07T04:04:43.578512" level="INFO">xpath criteria: //android.widget.ImageButton[@content-desc="Back"]</msg>
<arg>xpath=//android.widget.ImageButton[@content-desc="Back"]</arg>
<doc>Click element identified by `locator`.</doc>
<status status="PASS" start="2025-06-07T04:04:43.273511" elapsed="0.305001"/>
</kw>
<status status="PASS" start="2025-06-07T04:04:43.149511" elapsed="0.429999"/>
</kw>
<kw name="Go Back To Previous Page" owner="common">
<kw name="Wait Until Page Contains Element" owner="AppiumLibrary">
<msg time="2025-06-07T04:04:44.349511" level="INFO">xpath criteria: //android.widget.ImageButton[@content-desc="Back"]</msg>
<arg>xpath=//android.widget.ImageButton[@content-desc="Back"]</arg>
<doc>Waits until element specified with `locator` appears on current page.</doc>
<status status="PASS" start="2025-06-07T04:04:43.579510" elapsed="0.770001"/>
</kw>
<kw name="Click Element" owner="AppiumLibrary">
<msg time="2025-06-07T04:04:44.350511" level="INFO">Clicking element 'xpath=//android.widget.ImageButton[@content-desc="Back"]'.</msg>
<msg time="2025-06-07T04:04:44.670510" level="INFO">xpath criteria: //android.widget.ImageButton[@content-desc="Back"]</msg>
<arg>xpath=//android.widget.ImageButton[@content-desc="Back"]</arg>
<doc>Click element identified by `locator`.</doc>
<status status="PASS" start="2025-06-07T04:04:44.349511" elapsed="0.320999"/>
</kw>
<status status="PASS" start="2025-06-07T04:04:43.579510" elapsed="1.091000"/>
</kw>
<kw name="Go To Subscription Page" owner="common">
<kw name="Click Element" owner="AppiumLibrary">
<msg time="2025-06-07T04:04:44.672510" level="INFO">Clicking element 'xpath=(//android.widget.ImageView[@resource-id="de.danoeh.antennapod.debug:id/navigation_bar_item_icon_view"])[4]'.</msg>
<msg time="2025-06-07T04:04:46.628413" level="INFO">xpath criteria: (//android.widget.ImageView[@resource-id="de.danoeh.antennapod.debug:id/navigation_bar_item_icon_view"])[4]</msg>
<arg>xpath=(//android.widget.ImageView[@resource-id="de.danoeh.antennapod.debug:id/navigation_bar_item_icon_view"])[4]</arg>
<doc>Click element identified by `locator`.</doc>
<status status="PASS" start="2025-06-07T04:04:44.671509" elapsed="1.956904"/>
</kw>
<status status="PASS" start="2025-06-07T04:04:44.671509" elapsed="1.956904"/>
</kw>
<arg>Open AntennaPod</arg>
<arg>AND</arg>
<arg>Go To Add Podcast Page</arg>
<arg>AND</arg>
<arg>Subscribe Podcast</arg>
<arg>1</arg>
<arg>AND</arg>
<arg>Go Back To Previous Page</arg>
<arg>AND</arg>
<arg>Subscribe Podcast</arg>
<arg>2</arg>
<arg>AND</arg>
<arg>Change Podcast Settings</arg>
<arg>AND</arg>
<arg>Go Back To Previous Page</arg>
<arg>AND</arg>
<arg>Go Back To Previous Page</arg>
<arg>AND</arg>
<arg>Go To Subscription Page</arg>
<doc>Executes all the given keywords in a sequence.</doc>
<status status="PASS" start="2025-06-07T04:04:14.185796" elapsed="32.442617"/>
</kw>
<kw name="Apply Kept Updated Filter" owner="TC-SM-05">
<kw name="Wait Until Element Is Visible" owner="AppiumLibrary">
<msg time="2025-06-07T04:04:46.734413" level="INFO">xpath criteria: //android.widget.ImageView[@content-desc="More options"]</msg>
<arg>xpath=//android.widget.ImageView[@content-desc="More options"]</arg>
<doc>Waits until element specified with `locator` is visible.</doc>
<status status="PASS" start="2025-06-07T04:04:46.629415" elapsed="0.104998"/>
</kw>
<kw name="Click Element" owner="AppiumLibrary">
<msg time="2025-06-07T04:04:46.735415" level="INFO">Clicking element 'xpath=//android.widget.ImageView[@content-desc="More options"]'.</msg>
<msg time="2025-06-07T04:04:46.936415" level="INFO">xpath criteria: //android.widget.ImageView[@content-desc="More options"]</msg>
<arg>xpath=//android.widget.ImageView[@content-desc="More options"]</arg>
<doc>Click element identified by `locator`.</doc>
<status status="PASS" start="2025-06-07T04:04:46.734413" elapsed="0.202002"/>
</kw>
<kw name="Wait Until Element Is Visible" owner="AppiumLibrary">
<msg time="2025-06-07T04:04:48.381761" level="INFO">xpath criteria: //android.widget.TextView[@resource-id="de.danoeh.antennapod.debug:id/title" and @text="Filter"]
xpath criteria: //android.widget.TextView[@resource-id="de.danoeh.antennapod.debug:id/title" and @text="Filter"]</msg>
<arg>xpath=//android.widget.TextView[@resource-id="de.danoeh.antennapod.debug:id/title" and @text="Filter"]</arg>
<doc>Waits until element specified with `locator` is visible.</doc>
<status status="PASS" start="2025-06-07T04:04:46.936415" elapsed="1.445346"/>
</kw>
<kw name="Click Element" owner="AppiumLibrary">
<msg time="2025-06-07T04:04:48.382759" level="INFO">Clicking element 'xpath=//android.widget.TextView[@resource-id="de.danoeh.antennapod.debug:id/title" and @text="Filter"]'.</msg>
<msg time="2025-06-07T04:04:50.273603" level="INFO">xpath criteria: //android.widget.TextView[@resource-id="de.danoeh.antennapod.debug:id/title" and @text="Filter"]</msg>
<arg>xpath=//android.widget.TextView[@resource-id="de.danoeh.antennapod.debug:id/title" and @text="Filter"]</arg>
<doc>Click element identified by `locator`.</doc>
<status status="PASS" start="2025-06-07T04:04:48.381761" elapsed="1.891842"/>
</kw>
<kw name="Wait Until Element Is Visible" owner="AppiumLibrary">
<msg time="2025-06-07T04:04:50.364604" level="INFO">xpath criteria: //android.widget.CompoundButton[@resource-id="de.danoeh.antennapod.debug:id/filterButton1" and @text="Kept updated"]</msg>
<arg>xpath=//android.widget.CompoundButton[@resource-id="de.danoeh.antennapod.debug:id/filterButton1" and @text="Kept updated"]</arg>
<doc>Waits until element specified with `locator` is visible.</doc>
<status status="PASS" start="2025-06-07T04:04:50.273603" elapsed="0.091001"/>
</kw>
<kw name="Click Element" owner="AppiumLibrary">
<msg time="2025-06-07T04:04:50.365602" level="INFO">Clicking element 'xpath=//android.widget.CompoundButton[@resource-id="de.danoeh.antennapod.debug:id/filterButton1" and @text="Kept updated"]'.</msg>
<msg time="2025-06-07T04:04:50.583283" level="INFO">xpath criteria: //android.widget.CompoundButton[@resource-id="de.danoeh.antennapod.debug:id/filterButton1" and @text="Kept updated"]</msg>
<arg>xpath=//android.widget.CompoundButton[@resource-id="de.danoeh.antennapod.debug:id/filterButton1" and @text="Kept updated"]</arg>
<doc>Click element identified by `locator`.</doc>
<status status="PASS" start="2025-06-07T04:04:50.365602" elapsed="0.217681"/>
</kw>
<kw name="Click Element" owner="AppiumLibrary">
<msg time="2025-06-07T04:04:50.584281" level="INFO">Clicking element 'xpath=//android.widget.Button[@resource-id="de.danoeh.antennapod.debug:id/confirmFiltermenu"]'.</msg>
<msg time="2025-06-07T04:04:51.442679" level="INFO">xpath criteria: //android.widget.Button[@resource-id="de.danoeh.antennapod.debug:id/confirmFiltermenu"]</msg>
<arg>xpath=//android.widget.Button[@resource-id="de.danoeh.antennapod.debug:id/confirmFiltermenu"]</arg>
<doc>Click element identified by `locator`.</doc>
<status status="PASS" start="2025-06-07T04:04:50.583283" elapsed="0.859396"/>
</kw>
<status status="PASS" start="2025-06-07T04:04:46.629415" elapsed="4.813264"/>
</kw>
<kw name="Verify Filtered Subscription List" owner="TC-SM-05">
<kw name="Wait Until Element Is Visible" owner="AppiumLibrary">
<msg time="2025-06-07T04:04:52.071120" level="INFO">xpath criteria: //android.widget.GridView[@resource-id="de.danoeh.antennapod.debug:id/subscriptions_grid"]</msg>
<arg>xpath=//android.widget.GridView[@resource-id="de.danoeh.antennapod.debug:id/subscriptions_grid"]</arg>
<doc>Waits until element specified with `locator` is visible.</doc>
<status status="PASS" start="2025-06-07T04:04:51.443679" elapsed="0.627441"/>
</kw>
<kw name="Create List" owner="BuiltIn">
<msg time="2025-06-07T04:04:52.071120" level="INFO">${current_list} = []</msg>
<var>${current_list}</var>
<doc>Returns a list containing given items.</doc>
<status status="PASS" start="2025-06-07T04:04:52.071120" elapsed="0.000000"/>
</kw>
<kw name="Get Webelements" owner="AppiumLibrary">
<msg time="2025-06-07T04:04:52.137120" level="INFO">xpath criteria: //android.widget.GridView[@resource-id="de.danoeh.antennapod.debug:id/subscriptions_grid"]//android.widget.ImageView</msg>
<msg time="2025-06-07T04:04:52.137120" level="INFO">${elements} = [&lt;appium.webdriver.webelement.WebElement (session="66e54799-1df6-418a-bf30-0ba1c0b408d9", element="00000000-0000-0593-ffff-ffff000004c3")&gt;]</msg>
<var>${elements}</var>
<arg>xpath=//android.widget.GridView[@resource-id="de.danoeh.antennapod.debug:id/subscriptions_grid"]//android.widget.ImageView</arg>
<doc>Returns list of [http://selenium-python.readthedocs.io/api.html#module-selenium.webdriver.remote.webelement|WebElement] objects matching ``locator``.</doc>
<status status="PASS" start="2025-06-07T04:04:52.071120" elapsed="0.066000"/>
</kw>
<kw name="Get Length" owner="BuiltIn">
<msg time="2025-06-07T04:04:52.137120" level="INFO">Length is 1.</msg>
<msg time="2025-06-07T04:04:52.137120" level="INFO">${element_count} = 1</msg>
<var>${element_count}</var>
<arg>${elements}</arg>
<doc>Returns and logs the length of the given item as an integer.</doc>
<status status="PASS" start="2025-06-07T04:04:52.137120" elapsed="0.000000"/>
</kw>
<for flavor="IN RANGE">
<iter>
<kw name="Get Element Attribute" owner="AppiumLibrary">
<msg time="2025-06-07T04:04:52.242120" level="INFO">Element 'xpath=(//android.widget.GridView[@resource-id="de.danoeh.antennapod.debug:id/subscriptions_grid"]//android.widget.ImageView)[1]' attribute 'content-desc' value 'The Best People with Nicolle Wallace' </msg>
<msg time="2025-06-07T04:04:52.243119" level="INFO">xpath criteria: (//android.widget.GridView[@resource-id="de.danoeh.antennapod.debug:id/subscriptions_grid"]//android.widget.ImageView)[1]</msg>
<msg time="2025-06-07T04:04:52.243119" level="INFO">${desc} = The Best People with Nicolle Wallace</msg>
<var>${desc}</var>
<arg>xpath=(//android.widget.GridView[@resource-id="de.danoeh.antennapod.debug:id/subscriptions_grid"]//android.widget.ImageView)[${i}]</arg>
<arg>content-desc</arg>
<doc>Get element attribute using given attribute: name, value,...</doc>
<status status="PASS" start="2025-06-07T04:04:52.138119" elapsed="0.105000"/>
</kw>
<kw name="Append To List" owner="Collections">
<arg>${current_list}</arg>
<arg>${desc}</arg>
<doc>Adds ``values`` to the end of ``list``.</doc>
<status status="PASS" start="2025-06-07T04:04:52.243119" elapsed="0.000000"/>
</kw>
<var name="${i}">1</var>
<status status="PASS" start="2025-06-07T04:04:52.138119" elapsed="0.105000"/>
</iter>
<var>${i}</var>
<value>1</value>
<value>${element_count + 1}</value>
<status status="PASS" start="2025-06-07T04:04:52.137120" elapsed="0.105999"/>
</for>
<kw name="Lists Should Be Equal" owner="Collections">
<arg>${current_list}</arg>
<arg>${expected_list}</arg>
<doc>Fails if given lists are unequal.</doc>
<status status="PASS" start="2025-06-07T04:04:52.243119" elapsed="0.000000"/>
</kw>
<arg>${PODCAST_TITLE_1}</arg>
<status status="PASS" start="2025-06-07T04:04:51.443679" elapsed="0.799440"/>
</kw>
<kw name="Teardown And Clear App" owner="common" type="TEARDOWN">
<kw name="Run Process" owner="Process">
<msg time="2025-06-07T04:04:52.244121" level="INFO">Starting process:
adb shell pm clear de.danoeh.antennapod.debug</msg>
<msg time="2025-06-07T04:04:52.247120" level="INFO">Waiting for process to complete.</msg>
<msg time="2025-06-07T04:04:52.573632" level="INFO">Process completed.</msg>
<arg>adb</arg>
<arg>shell</arg>
<arg>pm</arg>
<arg>clear</arg>
<arg>${PACKAGE_NAME}</arg>
<doc>Runs a process and waits for it to complete.</doc>
<status status="PASS" start="2025-06-07T04:04:52.244121" elapsed="0.330510"/>
</kw>
<status status="PASS" start="2025-06-07T04:04:52.244121" elapsed="0.330510"/>
</kw>
<tag>TC-SM-05-02</tag>
<status status="PASS" start="2025-06-07T04:04:14.185796" elapsed="38.388835"/>
</test>
<status status="PASS" start="2025-06-07T04:00:10.111561" elapsed="282.464070"/>
</suite>
<statistics>
<total>
<stat pass="10" fail="0" skip="0">All Tests</stat>
</total>
<tag>
<stat pass="1" fail="0" skip="0">TC-SM-01</stat>
<stat pass="1" fail="0" skip="0">TC-SM-02-01</stat>
<stat pass="1" fail="0" skip="0">TC-SM-02-02</stat>
<stat pass="1" fail="0" skip="0">TC-SM-03-01</stat>
<stat pass="1" fail="0" skip="0">TC-SM-03-02</stat>
<stat pass="1" fail="0" skip="0">TC-SM-04-01</stat>
<stat pass="1" fail="0" skip="0">TC-SM-04-02</stat>
<stat pass="1" fail="0" skip="0">TC-SM-04-03</stat>
<stat pass="1" fail="0" skip="0">TC-SM-05-01</stat>
<stat pass="1" fail="0" skip="0">TC-SM-05-02</stat>
</tag>
<suite>
<stat name="UC-SM" id="s1" pass="10" fail="0" skip="0">UC-SM</stat>
</suite>
</statistics>
<errors>
</errors>
</robot>
