<?xml version="1.0" encoding="UTF-8"?>
<robot generator="Robot 7.2.2 (Python 3.12.2 on win32)" generated="2025-06-07T16:02:17.226764" rpa="false" schemaversion="5">
<suite id="s1" name="UC-QC" source="C:\Users\user\Desktop\Appium Testing\AntennaPod\test_script\UC-QC\UC-QC.robot">
<test id="s1-t1" name="Verify Single Podcast In Queue" line="10">
<kw name="Run Keywords" owner="BuiltIn" type="SETUP">
<kw name="Open AntennaPod" owner="Setup">
<kw name="Open Application" owner="AppiumLibrary">
<arg>${REMOTE_URL}</arg>
<arg>platformName=${PLATFORM_NAME}</arg>
<arg>automationName=${AUTOMATION_NAME}</arg>
<arg>deviceName=${DEVICE_NAME}</arg>
<arg>appPackage=${APP_PACKAGE}</arg>
<arg>appActivity=${APP_ACTIVITY}</arg>
<doc>Opens a new application to given Appium server.
Capabilities of appium server, Android and iOS,
Please check https://appium.io/docs/en/2.1/cli/args/
| *Option*            | *Man.* | *Description*     |
| remote_url          | Yes    | Appium server url |
| alias               | no     | alias             |
| strict_ssl          | No     | allows you to send commands to an invalid certificate host like a self-signed one. |</doc>
<status status="PASS" start="2025-06-07T16:02:17.403763" elapsed="7.264434"/>
</kw>
<status status="PASS" start="2025-06-07T16:02:17.403763" elapsed="7.264434"/>
</kw>
<kw name="Add Episode To Queue" owner="Setup">
<kw name="Wait Until Page Contains Element" owner="AppiumLibrary">
<msg time="2025-06-07T16:02:25.674087" level="INFO">criteria is de.danoeh.antennapod.debug:id/action_search</msg>
<arg>id=de.danoeh.antennapod.debug:id/action_search</arg>
<arg>timeout=10s</arg>
<doc>Waits until element specified with `locator` appears on current page.</doc>
<status status="PASS" start="2025-06-07T16:02:24.669198" elapsed="1.004889"/>
</kw>
<kw name="Click Element" owner="AppiumLibrary">
<msg time="2025-06-07T16:02:25.675085" level="INFO">Clicking element 'id=de.danoeh.antennapod.debug:id/action_search'.</msg>
<msg time="2025-06-07T16:02:25.800097" level="INFO">criteria is de.danoeh.antennapod.debug:id/action_search</msg>
<arg>id=de.danoeh.antennapod.debug:id/action_search</arg>
<doc>Click element identified by `locator`.</doc>
<status status="PASS" start="2025-06-07T16:02:25.674087" elapsed="0.126010"/>
</kw>
<kw name="Wait Until Element Is Visible" owner="AppiumLibrary">
<msg time="2025-06-07T16:02:26.636097" level="INFO">criteria is de.danoeh.antennapod.debug:id/search_src_text</msg>
<arg>id=de.danoeh.antennapod.debug:id/search_src_text</arg>
<arg>timeout=10s</arg>
<doc>Waits until element specified with `locator` is visible.</doc>
<status status="PASS" start="2025-06-07T16:02:25.801097" elapsed="0.835000"/>
</kw>
<kw name="Input Text" owner="AppiumLibrary">
<msg time="2025-06-07T16:02:26.637098" level="INFO">Typing text 'nba' into text field 'id=de.danoeh.antennapod.debug:id/search_src_text'</msg>
<msg time="2025-06-07T16:02:27.859694" level="INFO">criteria is de.danoeh.antennapod.debug:id/search_src_text</msg>
<arg>id=de.danoeh.antennapod.debug:id/search_src_text</arg>
<arg>nba</arg>
<doc>Types the given `text` into text field identified by `locator`.</doc>
<status status="PASS" start="2025-06-07T16:02:26.637098" elapsed="1.222596"/>
</kw>
<kw name="Wait Until Element Is Visible" owner="AppiumLibrary">
<msg time="2025-06-07T16:02:29.458647" level="INFO">criteria is de.danoeh.antennapod.debug:id/actionButton</msg>
<arg>id=de.danoeh.antennapod.debug:id/actionButton</arg>
<arg>timeout=10s</arg>
<doc>Waits until element specified with `locator` is visible.</doc>
<status status="PASS" start="2025-06-07T16:02:27.859694" elapsed="1.598953"/>
</kw>
<kw name="Click Element" owner="AppiumLibrary">
<msg time="2025-06-07T16:02:29.459649" level="INFO">Clicking element 'id=de.danoeh.antennapod.debug:id/actionButton'.</msg>
<msg time="2025-06-07T16:02:29.536649" level="INFO">criteria is de.danoeh.antennapod.debug:id/actionButton</msg>
<arg>id=de.danoeh.antennapod.debug:id/actionButton</arg>
<doc>Click element identified by `locator`.</doc>
<status status="PASS" start="2025-06-07T16:02:29.459649" elapsed="0.077000"/>
</kw>
<kw name="Wait Until Element Is Visible" owner="AppiumLibrary">
<msg time="2025-06-07T16:02:33.481643" level="INFO">xpath criteria: //android.widget.TextView[@resource-id="de.danoeh.antennapod.debug:id/txtvTitle" and @text="The Athletic NBA Daily"]
xpath criteria: //android.widget.TextView[@resource-id="de.danoeh.antennapod.debug:id/txtvTitle" and @text="The Athletic NBA Daily"]
xpath criteria: //android.widget.TextView[@resource-id="de.danoeh.antennapod.debug:id/txtvTitle" and @text="The Athletic NBA Daily"]
xpath criteria: //android.widget.TextView[@resource-id="de.danoeh.antennapod.debug:id/txtvTitle" and @text="The Athletic NBA Daily"]
xpath criteria: //android.widget.TextView[@resource-id="de.danoeh.antennapod.debug:id/txtvTitle" and @text="The Athletic NBA Daily"]
xpath criteria: //android.widget.TextView[@resource-id="de.danoeh.antennapod.debug:id/txtvTitle" and @text="The Athletic NBA Daily"]</msg>
<arg>xpath=//android.widget.TextView[@resource-id="de.danoeh.antennapod.debug:id/txtvTitle" and @text="The Athletic NBA Daily"]</arg>
<arg>timeout=20s</arg>
<doc>Waits until element specified with `locator` is visible.</doc>
<status status="PASS" start="2025-06-07T16:02:29.536649" elapsed="3.944994"/>
</kw>
<kw name="Click Element" owner="AppiumLibrary">
<msg time="2025-06-07T16:02:33.482647" level="INFO">Clicking element 'xpath=//android.widget.TextView[@resource-id="de.danoeh.antennapod.debug:id/txtvTitle" and @text="The Athletic NBA Daily"]'.</msg>
<msg time="2025-06-07T16:02:34.535522" level="INFO">xpath criteria: //android.widget.TextView[@resource-id="de.danoeh.antennapod.debug:id/txtvTitle" and @text="The Athletic NBA Daily"]</msg>
<arg>xpath=//android.widget.TextView[@resource-id="de.danoeh.antennapod.debug:id/txtvTitle" and @text="The Athletic NBA Daily"]</arg>
<doc>Click element identified by `locator`.</doc>
<status status="PASS" start="2025-06-07T16:02:33.481643" elapsed="1.053879"/>
</kw>
<for flavor="IN">
<iter>
<kw name="Wait Until Element Is Visible" owner="AppiumLibrary">
<msg time="2025-06-07T16:02:39.269952" level="INFO">xpath criteria: //android.widget.TextView[@resource-id="de.danoeh.antennapod.debug:id/txtvTitle" and @text="Haliburton &amp; Pacers shock Thunder in Game 1"]
xpath criteria: //android.widget.TextView[@resource-id="de.danoeh.antennapod.debug:id/txtvTitle" and @text="Haliburton &amp; Pacers shock Thunder in Game 1"]
xpath criteria: //android.widget.TextView[@resource-id="de.danoeh.antennapod.debug:id/txtvTitle" and @text="Haliburton &amp; Pacers shock Thunder in Game 1"]
xpath criteria: //android.widget.TextView[@resource-id="de.danoeh.antennapod.debug:id/txtvTitle" and @text="Haliburton &amp; Pacers shock Thunder in Game 1"]
xpath criteria: //android.widget.TextView[@resource-id="de.danoeh.antennapod.debug:id/txtvTitle" and @text="Haliburton &amp; Pacers shock Thunder in Game 1"]
xpath criteria: //android.widget.TextView[@resource-id="de.danoeh.antennapod.debug:id/txtvTitle" and @text="Haliburton &amp; Pacers shock Thunder in Game 1"]
xpath criteria: //android.widget.TextView[@resource-id="de.danoeh.antennapod.debug:id/txtvTitle" and @text="Haliburton &amp; Pacers shock Thunder in Game 1"]
xpath criteria: //android.widget.TextView[@resource-id="de.danoeh.antennapod.debug:id/txtvTitle" and @text="Haliburton &amp; Pacers shock Thunder in Game 1"]
xpath criteria: //android.widget.TextView[@resource-id="de.danoeh.antennapod.debug:id/txtvTitle" and @text="Haliburton &amp; Pacers shock Thunder in Game 1"]
xpath criteria: //android.widget.TextView[@resource-id="de.danoeh.antennapod.debug:id/txtvTitle" and @text="Haliburton &amp; Pacers shock Thunder in Game 1"]
xpath criteria: //android.widget.TextView[@resource-id="de.danoeh.antennapod.debug:id/txtvTitle" and @text="Haliburton &amp; Pacers shock Thunder in Game 1"]
xpath criteria: //android.widget.TextView[@resource-id="de.danoeh.antennapod.debug:id/txtvTitle" and @text="Haliburton &amp; Pacers shock Thunder in Game 1"]
xpath criteria: //android.widget.TextView[@resource-id="de.danoeh.antennapod.debug:id/txtvTitle" and @text="Haliburton &amp; Pacers shock Thunder in Game 1"]</msg>
<arg>xpath=//android.widget.TextView[@resource-id="de.danoeh.antennapod.debug:id/txtvTitle" and @text="${title}"]</arg>
<arg>timeout=10s</arg>
<doc>Waits until element specified with `locator` is visible.</doc>
<status status="PASS" start="2025-06-07T16:02:34.535522" elapsed="4.734430"/>
</kw>
<kw name="Click Element" owner="AppiumLibrary">
<msg time="2025-06-07T16:02:39.270950" level="INFO">Clicking element 'xpath=//android.widget.TextView[@resource-id="de.danoeh.antennapod.debug:id/txtvTitle" and @text="Haliburton &amp; Pacers shock Thunder in Game 1"]'.</msg>
<msg time="2025-06-07T16:02:39.424950" level="INFO">xpath criteria: //android.widget.TextView[@resource-id="de.danoeh.antennapod.debug:id/txtvTitle" and @text="Haliburton &amp; Pacers shock Thunder in Game 1"]</msg>
<arg>xpath=//android.widget.TextView[@resource-id="de.danoeh.antennapod.debug:id/txtvTitle" and @text="${title}"]</arg>
<doc>Click element identified by `locator`.</doc>
<status status="PASS" start="2025-06-07T16:02:39.269952" elapsed="0.154998"/>
</kw>
<kw name="Wait Until Element Is Visible" owner="AppiumLibrary">
<msg time="2025-06-07T16:02:41.433299" level="INFO">criteria is de.danoeh.antennapod.debug:id/butAction1Text</msg>
<arg>id=de.danoeh.antennapod.debug:id/butAction1Text</arg>
<arg>timeout=10s</arg>
<doc>Waits until element specified with `locator` is visible.</doc>
<status status="PASS" start="2025-06-07T16:02:39.425951" elapsed="2.007348"/>
</kw>
<kw name="Click Element" owner="AppiumLibrary">
<msg time="2025-06-07T16:02:41.434298" level="INFO">Clicking element 'id=de.danoeh.antennapod.debug:id/butAction1Text'.</msg>
<msg time="2025-06-07T16:02:41.534915" level="INFO">criteria is de.danoeh.antennapod.debug:id/butAction1Text</msg>
<arg>id=de.danoeh.antennapod.debug:id/butAction1Text</arg>
<doc>Click element identified by `locator`.</doc>
<status status="PASS" start="2025-06-07T16:02:41.433299" elapsed="0.102618"/>
</kw>
<kw name="Wait Until Element Is Visible" owner="AppiumLibrary">
<msg time="2025-06-07T16:02:43.453982" level="INFO">xpath criteria: //android.widget.ImageButton[@content-desc="Back"]</msg>
<arg>xpath=//android.widget.ImageButton[@content-desc="Back"]</arg>
<arg>timeout=10s</arg>
<doc>Waits until element specified with `locator` is visible.</doc>
<status status="PASS" start="2025-06-07T16:02:41.535917" elapsed="1.918065"/>
</kw>
<kw name="Click Element" owner="AppiumLibrary">
<msg time="2025-06-07T16:02:43.454978" level="INFO">Clicking element 'xpath=//android.widget.ImageButton[@content-desc="Back"]'.</msg>
<msg time="2025-06-07T16:02:43.551513" level="INFO">xpath criteria: //android.widget.ImageButton[@content-desc="Back"]</msg>
<arg>xpath=//android.widget.ImageButton[@content-desc="Back"]</arg>
<doc>Click element identified by `locator`.</doc>
<status status="PASS" start="2025-06-07T16:02:43.454978" elapsed="0.096535"/>
</kw>
<var name="${title}">Haliburton &amp; Pacers shock Thunder in Game 1</var>
<status status="PASS" start="2025-06-07T16:02:34.535522" elapsed="9.015991"/>
</iter>
<var>${title}</var>
<value>@{titles}</value>
<status status="PASS" start="2025-06-07T16:02:34.535522" elapsed="9.015991"/>
</for>
<kw name="Wait Until Element Is Visible" owner="AppiumLibrary">
<msg time="2025-06-07T16:02:44.868999" level="INFO">xpath criteria: //android.widget.ImageButton[@content-desc="Back"]</msg>
<arg>xpath=//android.widget.ImageButton[@content-desc="Back"]</arg>
<arg>timeout=10s</arg>
<doc>Waits until element specified with `locator` is visible.</doc>
<status status="PASS" start="2025-06-07T16:02:43.551513" elapsed="1.317486"/>
</kw>
<kw name="Click Element" owner="AppiumLibrary">
<msg time="2025-06-07T16:02:44.870003" level="INFO">Clicking element 'xpath=//android.widget.ImageButton[@content-desc="Back"]'.</msg>
<msg time="2025-06-07T16:02:44.999000" level="INFO">xpath criteria: //android.widget.ImageButton[@content-desc="Back"]</msg>
<arg>xpath=//android.widget.ImageButton[@content-desc="Back"]</arg>
<doc>Click element identified by `locator`.</doc>
<status status="PASS" start="2025-06-07T16:02:44.870003" elapsed="0.128997"/>
</kw>
<arg>${PODCAST_TITLE_1}</arg>
<status status="PASS" start="2025-06-07T16:02:24.668197" elapsed="20.330803"/>
</kw>
<arg>Open AntennaPod</arg>
<arg>AND</arg>
<arg>Add Episode To Queue</arg>
<arg>${PODCAST_TITLE_1}</arg>
<doc>Executes all the given keywords in a sequence.</doc>
<status status="PASS" start="2025-06-07T16:02:17.403763" elapsed="27.595237"/>
</kw>
<kw name="Go To Queue Page" owner="Setup">
<kw name="Wait Until Element Is Visible" owner="AppiumLibrary">
<msg time="2025-06-07T16:02:45.646001" level="INFO">xpath criteria: //android.widget.FrameLayout[@content-desc="Queue"]</msg>
<arg>xpath=//android.widget.FrameLayout[@content-desc="Queue"]</arg>
<arg>timeout=10s</arg>
<doc>Waits until element specified with `locator` is visible.</doc>
<status status="PASS" start="2025-06-07T16:02:45.000001" elapsed="0.646000"/>
</kw>
<kw name="Click Element" owner="AppiumLibrary">
<msg time="2025-06-07T16:02:45.647000" level="INFO">Clicking element 'xpath=//android.widget.FrameLayout[@content-desc="Queue"]'.</msg>
<msg time="2025-06-07T16:02:46.825000" level="INFO">xpath criteria: //android.widget.FrameLayout[@content-desc="Queue"]</msg>
<arg>xpath=//android.widget.FrameLayout[@content-desc="Queue"]</arg>
<doc>Click element identified by `locator`.</doc>
<status status="PASS" start="2025-06-07T16:02:45.646001" elapsed="1.178999"/>
</kw>
<status status="PASS" start="2025-06-07T16:02:45.000001" elapsed="1.824999"/>
</kw>
<kw name="Verify Podcast In Queue" owner="Setup">
<kw name="Wait Until Page Contains Element" owner="AppiumLibrary">
<msg time="2025-06-07T16:02:46.915999" level="INFO">xpath criteria: //android.widget.TextView[@resource-id="de.danoeh.antennapod.debug:id/txtvTitle" and @text="Haliburton &amp; Pacers shock Thunder in Game 1"]</msg>
<arg>xpath=//android.widget.TextView[@resource-id="de.danoeh.antennapod.debug:id/txtvTitle" and @text="${title}"]</arg>
<arg>timeout=10s</arg>
<doc>Waits until element specified with `locator` appears on current page.</doc>
<status status="PASS" start="2025-06-07T16:02:46.826003" elapsed="0.089996"/>
</kw>
<kw name="Page Should Contain Element" owner="AppiumLibrary">
<msg time="2025-06-07T16:02:47.919410" level="INFO">Current page contains element 'xpath=//android.widget.TextView[@resource-id="de.danoeh.antennapod.debug:id/txtvTitle" and @text="Haliburton &amp; Pacers shock Thunder in Game 1"]'.</msg>
<msg time="2025-06-07T16:02:47.919410" level="INFO">xpath criteria: //android.widget.TextView[@resource-id="de.danoeh.antennapod.debug:id/txtvTitle" and @text="Haliburton &amp; Pacers shock Thunder in Game 1"]</msg>
<arg>xpath=//android.widget.TextView[@resource-id="de.danoeh.antennapod.debug:id/txtvTitle" and @text="${title}"]</arg>
<doc>Verifies that current page contains `locator` element.</doc>
<status status="PASS" start="2025-06-07T16:02:46.917000" elapsed="1.002410"/>
</kw>
<arg>${PODCAST_TITLE_1}</arg>
<status status="PASS" start="2025-06-07T16:02:46.825000" elapsed="1.094410"/>
</kw>
<kw name="Teardown And Clear App" owner="Setup" type="TEARDOWN">
<kw name="Run Process" owner="Process">
<msg time="2025-06-07T16:02:47.920412" level="INFO">Starting process:
adb shell "pm clear de.danoeh.antennapod.debug"</msg>
<msg time="2025-06-07T16:02:47.923412" level="INFO">Waiting for process to complete.</msg>
<msg time="2025-06-07T16:02:48.441413" level="INFO">Process completed.</msg>
<arg>adb</arg>
<arg>shell</arg>
<arg>pm clear ${APP_PACKAGE}</arg>
<doc>Runs a process and waits for it to complete.</doc>
<status status="PASS" start="2025-06-07T16:02:47.920412" elapsed="0.521001"/>
</kw>
<kw name="Sleep" owner="BuiltIn">
<msg time="2025-06-07T16:02:49.442172" level="INFO">Slept 1 second.</msg>
<arg>1s</arg>
<doc>Pauses the test executed for the given time.</doc>
<status status="PASS" start="2025-06-07T16:02:48.441413" elapsed="1.000759"/>
</kw>
<kw name="Close Application" owner="AppiumLibrary">
<doc>Closes the current application and also close webdriver session.</doc>
<status status="PASS" start="2025-06-07T16:02:49.442172" elapsed="0.321314"/>
</kw>
<status status="PASS" start="2025-06-07T16:02:47.919410" elapsed="1.844076"/>
</kw>
<tag>TC-QC-01</tag>
<status status="PASS" start="2025-06-07T16:02:17.402763" elapsed="32.360723"/>
</test>
<test id="s1-t2" name="Verify Multiple Podcasts In Queue And Reorder" line="18">
<kw name="Run Keywords" owner="BuiltIn" type="SETUP">
<kw name="Open AntennaPod" owner="Setup">
<kw name="Open Application" owner="AppiumLibrary">
<arg>${REMOTE_URL}</arg>
<arg>platformName=${PLATFORM_NAME}</arg>
<arg>automationName=${AUTOMATION_NAME}</arg>
<arg>deviceName=${DEVICE_NAME}</arg>
<arg>appPackage=${APP_PACKAGE}</arg>
<arg>appActivity=${APP_ACTIVITY}</arg>
<doc>Opens a new application to given Appium server.
Capabilities of appium server, Android and iOS,
Please check https://appium.io/docs/en/2.1/cli/args/
| *Option*            | *Man.* | *Description*     |
| remote_url          | Yes    | Appium server url |
| alias               | no     | alias             |
| strict_ssl          | No     | allows you to send commands to an invalid certificate host like a self-signed one. |</doc>
<status status="PASS" start="2025-06-07T16:02:49.764489" elapsed="5.817812"/>
</kw>
<status status="PASS" start="2025-06-07T16:02:49.764489" elapsed="5.818813"/>
</kw>
<kw name="Add Episode To Queue" owner="Setup">
<kw name="Wait Until Page Contains Element" owner="AppiumLibrary">
<msg time="2025-06-07T16:02:56.608188" level="INFO">criteria is de.danoeh.antennapod.debug:id/action_search</msg>
<arg>id=de.danoeh.antennapod.debug:id/action_search</arg>
<arg>timeout=10s</arg>
<doc>Waits until element specified with `locator` appears on current page.</doc>
<status status="PASS" start="2025-06-07T16:02:55.583302" elapsed="1.024886"/>
</kw>
<kw name="Click Element" owner="AppiumLibrary">
<msg time="2025-06-07T16:02:56.609189" level="INFO">Clicking element 'id=de.danoeh.antennapod.debug:id/action_search'.</msg>
<msg time="2025-06-07T16:02:56.733203" level="INFO">criteria is de.danoeh.antennapod.debug:id/action_search</msg>
<arg>id=de.danoeh.antennapod.debug:id/action_search</arg>
<doc>Click element identified by `locator`.</doc>
<status status="PASS" start="2025-06-07T16:02:56.608188" elapsed="0.125015"/>
</kw>
<kw name="Wait Until Element Is Visible" owner="AppiumLibrary">
<msg time="2025-06-07T16:02:58.118059" level="INFO">criteria is de.danoeh.antennapod.debug:id/search_src_text</msg>
<arg>id=de.danoeh.antennapod.debug:id/search_src_text</arg>
<arg>timeout=10s</arg>
<doc>Waits until element specified with `locator` is visible.</doc>
<status status="PASS" start="2025-06-07T16:02:56.733203" elapsed="1.384856"/>
</kw>
<kw name="Input Text" owner="AppiumLibrary">
<msg time="2025-06-07T16:02:58.119058" level="INFO">Typing text 'nba' into text field 'id=de.danoeh.antennapod.debug:id/search_src_text'</msg>
<msg time="2025-06-07T16:02:58.815259" level="INFO">criteria is de.danoeh.antennapod.debug:id/search_src_text</msg>
<arg>id=de.danoeh.antennapod.debug:id/search_src_text</arg>
<arg>nba</arg>
<doc>Types the given `text` into text field identified by `locator`.</doc>
<status status="PASS" start="2025-06-07T16:02:58.119058" elapsed="0.696201"/>
</kw>
<kw name="Wait Until Element Is Visible" owner="AppiumLibrary">
<msg time="2025-06-07T16:03:00.727278" level="INFO">criteria is de.danoeh.antennapod.debug:id/actionButton
criteria is de.danoeh.antennapod.debug:id/actionButton
criteria is de.danoeh.antennapod.debug:id/actionButton</msg>
<arg>id=de.danoeh.antennapod.debug:id/actionButton</arg>
<arg>timeout=10s</arg>
<doc>Waits until element specified with `locator` is visible.</doc>
<status status="PASS" start="2025-06-07T16:02:58.815259" elapsed="1.912019"/>
</kw>
<kw name="Click Element" owner="AppiumLibrary">
<msg time="2025-06-07T16:03:00.728280" level="INFO">Clicking element 'id=de.danoeh.antennapod.debug:id/actionButton'.</msg>
<msg time="2025-06-07T16:03:00.816279" level="INFO">criteria is de.danoeh.antennapod.debug:id/actionButton</msg>
<arg>id=de.danoeh.antennapod.debug:id/actionButton</arg>
<doc>Click element identified by `locator`.</doc>
<status status="PASS" start="2025-06-07T16:03:00.727278" elapsed="0.089001"/>
</kw>
<kw name="Wait Until Element Is Visible" owner="AppiumLibrary">
<msg time="2025-06-07T16:03:04.054902" level="INFO">xpath criteria: //android.widget.TextView[@resource-id="de.danoeh.antennapod.debug:id/txtvTitle" and @text="The Athletic NBA Daily"]
xpath criteria: //android.widget.TextView[@resource-id="de.danoeh.antennapod.debug:id/txtvTitle" and @text="The Athletic NBA Daily"]
xpath criteria: //android.widget.TextView[@resource-id="de.danoeh.antennapod.debug:id/txtvTitle" and @text="The Athletic NBA Daily"]
xpath criteria: //android.widget.TextView[@resource-id="de.danoeh.antennapod.debug:id/txtvTitle" and @text="The Athletic NBA Daily"]</msg>
<arg>xpath=//android.widget.TextView[@resource-id="de.danoeh.antennapod.debug:id/txtvTitle" and @text="The Athletic NBA Daily"]</arg>
<arg>timeout=20s</arg>
<doc>Waits until element specified with `locator` is visible.</doc>
<status status="PASS" start="2025-06-07T16:03:00.816279" elapsed="3.238623"/>
</kw>
<kw name="Click Element" owner="AppiumLibrary">
<msg time="2025-06-07T16:03:04.055903" level="INFO">Clicking element 'xpath=//android.widget.TextView[@resource-id="de.danoeh.antennapod.debug:id/txtvTitle" and @text="The Athletic NBA Daily"]'.</msg>
<msg time="2025-06-07T16:03:05.116831" level="INFO">xpath criteria: //android.widget.TextView[@resource-id="de.danoeh.antennapod.debug:id/txtvTitle" and @text="The Athletic NBA Daily"]</msg>
<arg>xpath=//android.widget.TextView[@resource-id="de.danoeh.antennapod.debug:id/txtvTitle" and @text="The Athletic NBA Daily"]</arg>
<doc>Click element identified by `locator`.</doc>
<status status="PASS" start="2025-06-07T16:03:04.054902" elapsed="1.061929"/>
</kw>
<for flavor="IN">
<iter>
<kw name="Wait Until Element Is Visible" owner="AppiumLibrary">
<msg time="2025-06-07T16:03:09.934889" level="INFO">xpath criteria: //android.widget.TextView[@resource-id="de.danoeh.antennapod.debug:id/txtvTitle" and @text="Haliburton &amp; Pacers shock Thunder in Game 1"]
xpath criteria: //android.widget.TextView[@resource-id="de.danoeh.antennapod.debug:id/txtvTitle" and @text="Haliburton &amp; Pacers shock Thunder in Game 1"]
xpath criteria: //android.widget.TextView[@resource-id="de.danoeh.antennapod.debug:id/txtvTitle" and @text="Haliburton &amp; Pacers shock Thunder in Game 1"]
xpath criteria: //android.widget.TextView[@resource-id="de.danoeh.antennapod.debug:id/txtvTitle" and @text="Haliburton &amp; Pacers shock Thunder in Game 1"]
xpath criteria: //android.widget.TextView[@resource-id="de.danoeh.antennapod.debug:id/txtvTitle" and @text="Haliburton &amp; Pacers shock Thunder in Game 1"]
xpath criteria: //android.widget.TextView[@resource-id="de.danoeh.antennapod.debug:id/txtvTitle" and @text="Haliburton &amp; Pacers shock Thunder in Game 1"]
xpath criteria: //android.widget.TextView[@resource-id="de.danoeh.antennapod.debug:id/txtvTitle" and @text="Haliburton &amp; Pacers shock Thunder in Game 1"]
xpath criteria: //android.widget.TextView[@resource-id="de.danoeh.antennapod.debug:id/txtvTitle" and @text="Haliburton &amp; Pacers shock Thunder in Game 1"]
xpath criteria: //android.widget.TextView[@resource-id="de.danoeh.antennapod.debug:id/txtvTitle" and @text="Haliburton &amp; Pacers shock Thunder in Game 1"]
xpath criteria: //android.widget.TextView[@resource-id="de.danoeh.antennapod.debug:id/txtvTitle" and @text="Haliburton &amp; Pacers shock Thunder in Game 1"]
xpath criteria: //android.widget.TextView[@resource-id="de.danoeh.antennapod.debug:id/txtvTitle" and @text="Haliburton &amp; Pacers shock Thunder in Game 1"]
xpath criteria: //android.widget.TextView[@resource-id="de.danoeh.antennapod.debug:id/txtvTitle" and @text="Haliburton &amp; Pacers shock Thunder in Game 1"]
xpath criteria: //android.widget.TextView[@resource-id="de.danoeh.antennapod.debug:id/txtvTitle" and @text="Haliburton &amp; Pacers shock Thunder in Game 1"]
xpath criteria: //android.widget.TextView[@resource-id="de.danoeh.antennapod.debug:id/txtvTitle" and @text="Haliburton &amp; Pacers shock Thunder in Game 1"]</msg>
<arg>xpath=//android.widget.TextView[@resource-id="de.danoeh.antennapod.debug:id/txtvTitle" and @text="${title}"]</arg>
<arg>timeout=10s</arg>
<doc>Waits until element specified with `locator` is visible.</doc>
<status status="PASS" start="2025-06-07T16:03:05.116831" elapsed="4.818058"/>
</kw>
<kw name="Click Element" owner="AppiumLibrary">
<msg time="2025-06-07T16:03:09.935889" level="INFO">Clicking element 'xpath=//android.widget.TextView[@resource-id="de.danoeh.antennapod.debug:id/txtvTitle" and @text="Haliburton &amp; Pacers shock Thunder in Game 1"]'.</msg>
<msg time="2025-06-07T16:03:10.051255" level="INFO">xpath criteria: //android.widget.TextView[@resource-id="de.danoeh.antennapod.debug:id/txtvTitle" and @text="Haliburton &amp; Pacers shock Thunder in Game 1"]</msg>
<arg>xpath=//android.widget.TextView[@resource-id="de.danoeh.antennapod.debug:id/txtvTitle" and @text="${title}"]</arg>
<doc>Click element identified by `locator`.</doc>
<status status="PASS" start="2025-06-07T16:03:09.935889" elapsed="0.115366"/>
</kw>
<kw name="Wait Until Element Is Visible" owner="AppiumLibrary">
<msg time="2025-06-07T16:03:12.140389" level="INFO">criteria is de.danoeh.antennapod.debug:id/butAction1Text
criteria is de.danoeh.antennapod.debug:id/butAction1Text</msg>
<arg>id=de.danoeh.antennapod.debug:id/butAction1Text</arg>
<arg>timeout=10s</arg>
<doc>Waits until element specified with `locator` is visible.</doc>
<status status="PASS" start="2025-06-07T16:03:10.051255" elapsed="2.089134"/>
</kw>
<kw name="Click Element" owner="AppiumLibrary">
<msg time="2025-06-07T16:03:12.141387" level="INFO">Clicking element 'id=de.danoeh.antennapod.debug:id/butAction1Text'.</msg>
<msg time="2025-06-07T16:03:12.221945" level="INFO">criteria is de.danoeh.antennapod.debug:id/butAction1Text</msg>
<arg>id=de.danoeh.antennapod.debug:id/butAction1Text</arg>
<doc>Click element identified by `locator`.</doc>
<status status="PASS" start="2025-06-07T16:03:12.141387" elapsed="0.080558"/>
</kw>
<kw name="Wait Until Element Is Visible" owner="AppiumLibrary">
<msg time="2025-06-07T16:03:14.201404" level="INFO">xpath criteria: //android.widget.ImageButton[@content-desc="Back"]</msg>
<arg>xpath=//android.widget.ImageButton[@content-desc="Back"]</arg>
<arg>timeout=10s</arg>
<doc>Waits until element specified with `locator` is visible.</doc>
<status status="PASS" start="2025-06-07T16:03:12.222946" elapsed="1.978458"/>
</kw>
<kw name="Click Element" owner="AppiumLibrary">
<msg time="2025-06-07T16:03:14.202406" level="INFO">Clicking element 'xpath=//android.widget.ImageButton[@content-desc="Back"]'.</msg>
<msg time="2025-06-07T16:03:15.796504" level="INFO">xpath criteria: //android.widget.ImageButton[@content-desc="Back"]</msg>
<arg>xpath=//android.widget.ImageButton[@content-desc="Back"]</arg>
<doc>Click element identified by `locator`.</doc>
<status status="PASS" start="2025-06-07T16:03:14.201404" elapsed="1.595100"/>
</kw>
<var name="${title}">Haliburton &amp; Pacers shock Thunder in Game 1</var>
<status status="PASS" start="2025-06-07T16:03:05.116831" elapsed="10.679673"/>
</iter>
<iter>
<kw name="Wait Until Element Is Visible" owner="AppiumLibrary">
<msg time="2025-06-07T16:03:15.875504" level="INFO">xpath criteria: //android.widget.TextView[@resource-id="de.danoeh.antennapod.debug:id/txtvTitle" and @text="NBA Finals Mailbag: Morning Shoot Around"]</msg>
<arg>xpath=//android.widget.TextView[@resource-id="de.danoeh.antennapod.debug:id/txtvTitle" and @text="${title}"]</arg>
<arg>timeout=10s</arg>
<doc>Waits until element specified with `locator` is visible.</doc>
<status status="PASS" start="2025-06-07T16:03:15.796504" elapsed="0.079000"/>
</kw>
<kw name="Click Element" owner="AppiumLibrary">
<msg time="2025-06-07T16:03:15.876504" level="INFO">Clicking element 'xpath=//android.widget.TextView[@resource-id="de.danoeh.antennapod.debug:id/txtvTitle" and @text="NBA Finals Mailbag: Morning Shoot Around"]'.</msg>
<msg time="2025-06-07T16:03:16.583299" level="INFO">xpath criteria: //android.widget.TextView[@resource-id="de.danoeh.antennapod.debug:id/txtvTitle" and @text="NBA Finals Mailbag: Morning Shoot Around"]</msg>
<arg>xpath=//android.widget.TextView[@resource-id="de.danoeh.antennapod.debug:id/txtvTitle" and @text="${title}"]</arg>
<doc>Click element identified by `locator`.</doc>
<status status="PASS" start="2025-06-07T16:03:15.875504" elapsed="0.707795"/>
</kw>
<kw name="Wait Until Element Is Visible" owner="AppiumLibrary">
<msg time="2025-06-07T16:03:18.036386" level="INFO">criteria is de.danoeh.antennapod.debug:id/butAction1Text
criteria is de.danoeh.antennapod.debug:id/butAction1Text</msg>
<arg>id=de.danoeh.antennapod.debug:id/butAction1Text</arg>
<arg>timeout=10s</arg>
<doc>Waits until element specified with `locator` is visible.</doc>
<status status="PASS" start="2025-06-07T16:03:16.583299" elapsed="1.453087"/>
</kw>
<kw name="Click Element" owner="AppiumLibrary">
<msg time="2025-06-07T16:03:18.037387" level="INFO">Clicking element 'id=de.danoeh.antennapod.debug:id/butAction1Text'.</msg>
<msg time="2025-06-07T16:03:18.116387" level="INFO">criteria is de.danoeh.antennapod.debug:id/butAction1Text</msg>
<arg>id=de.danoeh.antennapod.debug:id/butAction1Text</arg>
<doc>Click element identified by `locator`.</doc>
<status status="PASS" start="2025-06-07T16:03:18.036386" elapsed="0.080001"/>
</kw>
<kw name="Wait Until Element Is Visible" owner="AppiumLibrary">
<msg time="2025-06-07T16:03:19.376842" level="INFO">xpath criteria: //android.widget.ImageButton[@content-desc="Back"]</msg>
<arg>xpath=//android.widget.ImageButton[@content-desc="Back"]</arg>
<arg>timeout=10s</arg>
<doc>Waits until element specified with `locator` is visible.</doc>
<status status="PASS" start="2025-06-07T16:03:18.117389" elapsed="1.259453"/>
</kw>
<kw name="Click Element" owner="AppiumLibrary">
<msg time="2025-06-07T16:03:19.377843" level="INFO">Clicking element 'xpath=//android.widget.ImageButton[@content-desc="Back"]'.</msg>
<msg time="2025-06-07T16:03:19.465952" level="INFO">xpath criteria: //android.widget.ImageButton[@content-desc="Back"]</msg>
<arg>xpath=//android.widget.ImageButton[@content-desc="Back"]</arg>
<doc>Click element identified by `locator`.</doc>
<status status="PASS" start="2025-06-07T16:03:19.376842" elapsed="0.089110"/>
</kw>
<var name="${title}">NBA Finals Mailbag: Morning Shoot Around</var>
<status status="PASS" start="2025-06-07T16:03:15.796504" elapsed="3.669448"/>
</iter>
<var>${title}</var>
<value>@{titles}</value>
<status status="PASS" start="2025-06-07T16:03:05.116831" elapsed="14.349121"/>
</for>
<kw name="Wait Until Element Is Visible" owner="AppiumLibrary">
<msg time="2025-06-07T16:03:20.309224" level="INFO">xpath criteria: //android.widget.ImageButton[@content-desc="Back"]
xpath criteria: //android.widget.ImageButton[@content-desc="Back"]</msg>
<arg>xpath=//android.widget.ImageButton[@content-desc="Back"]</arg>
<arg>timeout=10s</arg>
<doc>Waits until element specified with `locator` is visible.</doc>
<status status="PASS" start="2025-06-07T16:03:19.465952" elapsed="0.843272"/>
</kw>
<kw name="Click Element" owner="AppiumLibrary">
<msg time="2025-06-07T16:03:20.310226" level="INFO">Clicking element 'xpath=//android.widget.ImageButton[@content-desc="Back"]'.</msg>
<msg time="2025-06-07T16:03:20.971408" level="INFO">xpath criteria: //android.widget.ImageButton[@content-desc="Back"]</msg>
<arg>xpath=//android.widget.ImageButton[@content-desc="Back"]</arg>
<doc>Click element identified by `locator`.</doc>
<status status="PASS" start="2025-06-07T16:03:20.309224" elapsed="0.662184"/>
</kw>
<arg>${PODCAST_TITLE_1}</arg>
<arg>${PODCAST_TITLE_2}</arg>
<status status="PASS" start="2025-06-07T16:02:55.583302" elapsed="25.388106"/>
</kw>
<arg>Open AntennaPod</arg>
<arg>AND</arg>
<arg>Add Episode To Queue</arg>
<arg>${PODCAST_TITLE_1}</arg>
<arg>${PODCAST_TITLE_2}</arg>
<doc>Executes all the given keywords in a sequence.</doc>
<status status="PASS" start="2025-06-07T16:02:49.764489" elapsed="31.206919"/>
</kw>
<kw name="Go To Queue Page" owner="Setup">
<kw name="Wait Until Element Is Visible" owner="AppiumLibrary">
<msg time="2025-06-07T16:03:21.827195" level="INFO">xpath criteria: //android.widget.FrameLayout[@content-desc="Queue"]</msg>
<arg>xpath=//android.widget.FrameLayout[@content-desc="Queue"]</arg>
<arg>timeout=10s</arg>
<doc>Waits until element specified with `locator` is visible.</doc>
<status status="PASS" start="2025-06-07T16:03:20.972408" elapsed="0.854787"/>
</kw>
<kw name="Click Element" owner="AppiumLibrary">
<msg time="2025-06-07T16:03:21.828195" level="INFO">Clicking element 'xpath=//android.widget.FrameLayout[@content-desc="Queue"]'.</msg>
<msg time="2025-06-07T16:03:21.969194" level="INFO">xpath criteria: //android.widget.FrameLayout[@content-desc="Queue"]</msg>
<arg>xpath=//android.widget.FrameLayout[@content-desc="Queue"]</arg>
<doc>Click element identified by `locator`.</doc>
<status status="PASS" start="2025-06-07T16:03:21.827195" elapsed="0.141999"/>
</kw>
<status status="PASS" start="2025-06-07T16:03:20.972408" elapsed="0.996786"/>
</kw>
<kw name="Verify Podcasts In Queue" owner="Setup">
<for flavor="IN">
<iter>
<kw name="Verify Podcast In Queue" owner="Setup">
<kw name="Wait Until Page Contains Element" owner="AppiumLibrary">
<msg time="2025-06-07T16:03:23.960307" level="INFO">xpath criteria: //android.widget.TextView[@resource-id="de.danoeh.antennapod.debug:id/txtvTitle" and @text="Haliburton &amp; Pacers shock Thunder in Game 1"]
xpath criteria: //android.widget.TextView[@resource-id="de.danoeh.antennapod.debug:id/txtvTitle" and @text="Haliburton &amp; Pacers shock Thunder in Game 1"]</msg>
<arg>xpath=//android.widget.TextView[@resource-id="de.danoeh.antennapod.debug:id/txtvTitle" and @text="${title}"]</arg>
<arg>timeout=10s</arg>
<doc>Waits until element specified with `locator` appears on current page.</doc>
<status status="PASS" start="2025-06-07T16:03:21.970192" elapsed="1.990115"/>
</kw>
<kw name="Page Should Contain Element" owner="AppiumLibrary">
<msg time="2025-06-07T16:03:24.025308" level="INFO">Current page contains element 'xpath=//android.widget.TextView[@resource-id="de.danoeh.antennapod.debug:id/txtvTitle" and @text="Haliburton &amp; Pacers shock Thunder in Game 1"]'.</msg>
<msg time="2025-06-07T16:03:24.025308" level="INFO">xpath criteria: //android.widget.TextView[@resource-id="de.danoeh.antennapod.debug:id/txtvTitle" and @text="Haliburton &amp; Pacers shock Thunder in Game 1"]</msg>
<arg>xpath=//android.widget.TextView[@resource-id="de.danoeh.antennapod.debug:id/txtvTitle" and @text="${title}"]</arg>
<doc>Verifies that current page contains `locator` element.</doc>
<status status="PASS" start="2025-06-07T16:03:23.960307" elapsed="0.065001"/>
</kw>
<arg>${title}</arg>
<status status="PASS" start="2025-06-07T16:03:21.970192" elapsed="2.055116"/>
</kw>
<var name="${title}">Haliburton &amp; Pacers shock Thunder in Game 1</var>
<status status="PASS" start="2025-06-07T16:03:21.970192" elapsed="2.055116"/>
</iter>
<iter>
<kw name="Verify Podcast In Queue" owner="Setup">
<kw name="Wait Until Page Contains Element" owner="AppiumLibrary">
<msg time="2025-06-07T16:03:24.093306" level="INFO">xpath criteria: //android.widget.TextView[@resource-id="de.danoeh.antennapod.debug:id/txtvTitle" and @text="NBA Finals Mailbag: Morning Shoot Around"]</msg>
<arg>xpath=//android.widget.TextView[@resource-id="de.danoeh.antennapod.debug:id/txtvTitle" and @text="${title}"]</arg>
<arg>timeout=10s</arg>
<doc>Waits until element specified with `locator` appears on current page.</doc>
<status status="PASS" start="2025-06-07T16:03:24.025308" elapsed="0.067998"/>
</kw>
<kw name="Page Should Contain Element" owner="AppiumLibrary">
<msg time="2025-06-07T16:03:24.154924" level="INFO">Current page contains element 'xpath=//android.widget.TextView[@resource-id="de.danoeh.antennapod.debug:id/txtvTitle" and @text="NBA Finals Mailbag: Morning Shoot Around"]'.</msg>
<msg time="2025-06-07T16:03:24.155925" level="INFO">xpath criteria: //android.widget.TextView[@resource-id="de.danoeh.antennapod.debug:id/txtvTitle" and @text="NBA Finals Mailbag: Morning Shoot Around"]</msg>
<arg>xpath=//android.widget.TextView[@resource-id="de.danoeh.antennapod.debug:id/txtvTitle" and @text="${title}"]</arg>
<doc>Verifies that current page contains `locator` element.</doc>
<status status="PASS" start="2025-06-07T16:03:24.093306" elapsed="0.062619"/>
</kw>
<arg>${title}</arg>
<status status="PASS" start="2025-06-07T16:03:24.025308" elapsed="0.130617"/>
</kw>
<var name="${title}">NBA Finals Mailbag: Morning Shoot Around</var>
<status status="PASS" start="2025-06-07T16:03:24.025308" elapsed="0.130617"/>
</iter>
<var>${title}</var>
<value>@{titles}</value>
<status status="PASS" start="2025-06-07T16:03:21.970192" elapsed="2.185733"/>
</for>
<arg>${PODCAST_TITLE_1}</arg>
<arg>${PODCAST_TITLE_2}</arg>
<status status="PASS" start="2025-06-07T16:03:21.969194" elapsed="2.186731"/>
</kw>
<kw name="Drag Podcast From To" owner="Setup">
<kw name="Set Variable" owner="BuiltIn">
<msg time="2025-06-07T16:03:24.155925" level="INFO">${source} = xpath=(//android.widget.ImageView[@resource-id="de.danoeh.antennapod.debug:id/drag_handle"])[1]</msg>
<var>${source}</var>
<arg>xpath=(//android.widget.ImageView[@resource-id="de.danoeh.antennapod.debug:id/drag_handle"])[${source_index}]</arg>
<doc>Returns the given values which can then be assigned to a variables.</doc>
<status status="PASS" start="2025-06-07T16:03:24.155925" elapsed="0.000000"/>
</kw>
<kw name="Set Variable" owner="BuiltIn">
<msg time="2025-06-07T16:03:24.156925" level="INFO">${target} = xpath=(//android.widget.ImageView[@resource-id="de.danoeh.antennapod.debug:id/drag_handle"])[2]</msg>
<var>${target}</var>
<arg>xpath=(//android.widget.ImageView[@resource-id="de.danoeh.antennapod.debug:id/drag_handle"])[${target_index}]</arg>
<doc>Returns the given values which can then be assigned to a variables.</doc>
<status status="PASS" start="2025-06-07T16:03:24.155925" elapsed="0.001000"/>
</kw>
<kw name="Wait Until Element Is Visible" owner="AppiumLibrary">
<msg time="2025-06-07T16:03:24.223796" level="INFO">xpath criteria: (//android.widget.ImageView[@resource-id="de.danoeh.antennapod.debug:id/drag_handle"])[1]</msg>
<arg>${source}</arg>
<arg>timeout=10s</arg>
<doc>Waits until element specified with `locator` is visible.</doc>
<status status="PASS" start="2025-06-07T16:03:24.156925" elapsed="0.066871"/>
</kw>
<kw name="Wait Until Element Is Visible" owner="AppiumLibrary">
<msg time="2025-06-07T16:03:24.290799" level="INFO">xpath criteria: (//android.widget.ImageView[@resource-id="de.danoeh.antennapod.debug:id/drag_handle"])[2]</msg>
<arg>${target}</arg>
<arg>timeout=10s</arg>
<doc>Waits until element specified with `locator` is visible.</doc>
<status status="PASS" start="2025-06-07T16:03:24.223796" elapsed="0.067003"/>
</kw>
<kw name="Drag And Drop" owner="AppiumLibrary">
<msg time="2025-06-07T16:03:25.528228" level="INFO">xpath criteria: (//android.widget.ImageView[@resource-id="de.danoeh.antennapod.debug:id/drag_handle"])[1]
xpath criteria: (//android.widget.ImageView[@resource-id="de.danoeh.antennapod.debug:id/drag_handle"])[2]</msg>
<arg>${source}</arg>
<arg>${target}</arg>
<doc>Drags the element identified by ``locator`` into the ``target`` element.</doc>
<status status="PASS" start="2025-06-07T16:03:24.290799" elapsed="1.237429"/>
</kw>
<arg>1</arg>
<arg>2</arg>
<status status="PASS" start="2025-06-07T16:03:24.155925" elapsed="1.372303"/>
</kw>
<kw name="Verify Queue Order" owner="Setup">
<kw name="Wait Until Page Contains Element" owner="AppiumLibrary">
<msg time="2025-06-07T16:03:26.968611" level="INFO">xpath criteria: (//android.widget.TextView[@resource-id="de.danoeh.antennapod.debug:id/txtvTitle"])[1]</msg>
<arg>xpath=(//android.widget.TextView[@resource-id="de.danoeh.antennapod.debug:id/txtvTitle"])[1]</arg>
<arg>timeout=10s</arg>
<doc>Waits until element specified with `locator` appears on current page.</doc>
<status status="PASS" start="2025-06-07T16:03:25.528228" elapsed="1.440383"/>
</kw>
<kw name="Get Text" owner="AppiumLibrary">
<msg time="2025-06-07T16:03:27.034609" level="INFO">Element 'xpath=(//android.widget.TextView[@resource-id="de.danoeh.antennapod.debug:id/txtvTitle"])[1]' text is 'NBA Finals Mailbag: Morning Shoot Around' </msg>
<msg time="2025-06-07T16:03:27.034609" level="INFO">xpath criteria: (//android.widget.TextView[@resource-id="de.danoeh.antennapod.debug:id/txtvTitle"])[1]</msg>
<msg time="2025-06-07T16:03:27.034609" level="INFO">${new_title_1} = NBA Finals Mailbag: Morning Shoot Around</msg>
<var>${new_title_1}</var>
<arg>xpath=(//android.widget.TextView[@resource-id="de.danoeh.antennapod.debug:id/txtvTitle"])[1]</arg>
<doc>Get element text (for hybrid and mobile browser use `xpath` locator, others might cause problem)</doc>
<status status="PASS" start="2025-06-07T16:03:26.968611" elapsed="0.065998"/>
</kw>
<kw name="Get Text" owner="AppiumLibrary">
<msg time="2025-06-07T16:03:27.096165" level="INFO">Element 'xpath=(//android.widget.TextView[@resource-id="de.danoeh.antennapod.debug:id/txtvTitle"])[2]' text is 'Haliburton &amp; Pacers shock Thunder in Game 1' </msg>
<msg time="2025-06-07T16:03:27.096165" level="INFO">xpath criteria: (//android.widget.TextView[@resource-id="de.danoeh.antennapod.debug:id/txtvTitle"])[2]</msg>
<msg time="2025-06-07T16:03:27.096165" level="INFO">${new_title_2} = Haliburton &amp; Pacers shock Thunder in Game 1</msg>
<var>${new_title_2}</var>
<arg>xpath=(//android.widget.TextView[@resource-id="de.danoeh.antennapod.debug:id/txtvTitle"])[2]</arg>
<doc>Get element text (for hybrid and mobile browser use `xpath` locator, others might cause problem)</doc>
<status status="PASS" start="2025-06-07T16:03:27.034609" elapsed="0.061556"/>
</kw>
<kw name="Should Be Equal" owner="BuiltIn">
<arg>${new_title_1}</arg>
<arg>${title1}</arg>
<doc>Fails if the given objects are unequal.</doc>
<status status="PASS" start="2025-06-07T16:03:27.096165" elapsed="0.000000"/>
</kw>
<kw name="Should Be Equal" owner="BuiltIn">
<arg>${new_title_2}</arg>
<arg>${title2}</arg>
<doc>Fails if the given objects are unequal.</doc>
<status status="PASS" start="2025-06-07T16:03:27.096165" elapsed="0.000000"/>
</kw>
<arg>${PODCAST_TITLE_2}</arg>
<arg>${PODCAST_TITLE_1}</arg>
<status status="PASS" start="2025-06-07T16:03:25.528228" elapsed="1.567937"/>
</kw>
<kw name="Teardown And Clear App" owner="Setup" type="TEARDOWN">
<kw name="Run Process" owner="Process">
<msg time="2025-06-07T16:03:27.097164" level="INFO">Starting process:
adb shell "pm clear de.danoeh.antennapod.debug"</msg>
<msg time="2025-06-07T16:03:27.099162" level="INFO">Waiting for process to complete.</msg>
<msg time="2025-06-07T16:03:27.608170" level="INFO">Process completed.</msg>
<arg>adb</arg>
<arg>shell</arg>
<arg>pm clear ${APP_PACKAGE}</arg>
<doc>Runs a process and waits for it to complete.</doc>
<status status="PASS" start="2025-06-07T16:03:27.097164" elapsed="0.511006"/>
</kw>
<kw name="Sleep" owner="BuiltIn">
<msg time="2025-06-07T16:03:28.608547" level="INFO">Slept 1 second.</msg>
<arg>1s</arg>
<doc>Pauses the test executed for the given time.</doc>
<status status="PASS" start="2025-06-07T16:03:27.608170" elapsed="1.000377"/>
</kw>
<kw name="Close Application" owner="AppiumLibrary">
<doc>Closes the current application and also close webdriver session.</doc>
<status status="PASS" start="2025-06-07T16:03:28.608547" elapsed="0.300061"/>
</kw>
<status status="PASS" start="2025-06-07T16:03:27.097164" elapsed="1.811444"/>
</kw>
<tag>TC-QC-02-01</tag>
<status status="PASS" start="2025-06-07T16:02:49.763486" elapsed="39.145122"/>
</test>
<test id="s1-t3" name="Verify Empty Queue Message" line="28">
<kw name="Open AntennaPod" owner="Setup" type="SETUP">
<kw name="Open Application" owner="AppiumLibrary">
<arg>${REMOTE_URL}</arg>
<arg>platformName=${PLATFORM_NAME}</arg>
<arg>automationName=${AUTOMATION_NAME}</arg>
<arg>deviceName=${DEVICE_NAME}</arg>
<arg>appPackage=${APP_PACKAGE}</arg>
<arg>appActivity=${APP_ACTIVITY}</arg>
<doc>Opens a new application to given Appium server.
Capabilities of appium server, Android and iOS,
Please check https://appium.io/docs/en/2.1/cli/args/
| *Option*            | *Man.* | *Description*     |
| remote_url          | Yes    | Appium server url |
| alias               | no     | alias             |
| strict_ssl          | No     | allows you to send commands to an invalid certificate host like a self-signed one. |</doc>
<status status="PASS" start="2025-06-07T16:03:28.909607" elapsed="5.304351"/>
</kw>
<status status="PASS" start="2025-06-07T16:03:28.909607" elapsed="5.305349"/>
</kw>
<kw name="Go To Queue Page" owner="Setup">
<kw name="Wait Until Element Is Visible" owner="AppiumLibrary">
<msg time="2025-06-07T16:03:35.816144" level="INFO">xpath criteria: //android.widget.FrameLayout[@content-desc="Queue"]</msg>
<arg>xpath=//android.widget.FrameLayout[@content-desc="Queue"]</arg>
<arg>timeout=10s</arg>
<doc>Waits until element specified with `locator` is visible.</doc>
<status status="PASS" start="2025-06-07T16:03:34.214956" elapsed="1.601188"/>
</kw>
<kw name="Click Element" owner="AppiumLibrary">
<msg time="2025-06-07T16:03:35.817141" level="INFO">Clicking element 'xpath=//android.widget.FrameLayout[@content-desc="Queue"]'.</msg>
<msg time="2025-06-07T16:03:35.934151" level="INFO">xpath criteria: //android.widget.FrameLayout[@content-desc="Queue"]</msg>
<arg>xpath=//android.widget.FrameLayout[@content-desc="Queue"]</arg>
<doc>Click element identified by `locator`.</doc>
<status status="PASS" start="2025-06-07T16:03:35.817141" elapsed="0.117010"/>
</kw>
<status status="PASS" start="2025-06-07T16:03:34.214956" elapsed="1.719195"/>
</kw>
<kw name="Validate Empty Queue Message" owner="Setup">
<kw name="Wait Until Element Is Visible" owner="AppiumLibrary">
<msg time="2025-06-07T16:03:36.965926" level="INFO">criteria is de.danoeh.antennapod.debug:id/emptyViewTitle</msg>
<arg>id=de.danoeh.antennapod.debug:id/emptyViewTitle</arg>
<arg>timeout=10s</arg>
<doc>Waits until element specified with `locator` is visible.</doc>
<status status="PASS" start="2025-06-07T16:03:35.934151" elapsed="1.031775"/>
</kw>
<kw name="Element Text Should Be" owner="AppiumLibrary">
<msg time="2025-06-07T16:03:36.966925" level="INFO">Verifying element 'id=de.danoeh.antennapod.debug:id/emptyViewTitle' contains exactly text 'No queued episodes'.</msg>
<msg time="2025-06-07T16:03:37.018668" level="INFO">criteria is de.danoeh.antennapod.debug:id/emptyViewTitle</msg>
<arg>id=de.danoeh.antennapod.debug:id/emptyViewTitle</arg>
<arg>No queued episodes</arg>
<doc>Verifies element identified by ``locator`` exactly contains text ``expected``.</doc>
<status status="PASS" start="2025-06-07T16:03:36.966925" elapsed="0.051743"/>
</kw>
<status status="PASS" start="2025-06-07T16:03:35.934151" elapsed="1.084517"/>
</kw>
<kw name="Teardown And Clear App" owner="Setup" type="TEARDOWN">
<kw name="Run Process" owner="Process">
<msg time="2025-06-07T16:03:37.018668" level="INFO">Starting process:
adb shell "pm clear de.danoeh.antennapod.debug"</msg>
<msg time="2025-06-07T16:03:37.021667" level="INFO">Waiting for process to complete.</msg>
<msg time="2025-06-07T16:03:37.161670" level="INFO">Process completed.</msg>
<arg>adb</arg>
<arg>shell</arg>
<arg>pm clear ${APP_PACKAGE}</arg>
<doc>Runs a process and waits for it to complete.</doc>
<status status="PASS" start="2025-06-07T16:03:37.018668" elapsed="0.143002"/>
</kw>
<kw name="Sleep" owner="BuiltIn">
<msg time="2025-06-07T16:03:38.162814" level="INFO">Slept 1 second.</msg>
<arg>1s</arg>
<doc>Pauses the test executed for the given time.</doc>
<status status="PASS" start="2025-06-07T16:03:37.162669" elapsed="1.000145"/>
</kw>
<kw name="Close Application" owner="AppiumLibrary">
<doc>Closes the current application and also close webdriver session.</doc>
<status status="PASS" start="2025-06-07T16:03:38.162814" elapsed="0.255685"/>
</kw>
<status status="PASS" start="2025-06-07T16:03:37.018668" elapsed="1.399831"/>
</kw>
<tag>TC-QC-02-02</tag>
<status status="PASS" start="2025-06-07T16:03:28.908608" elapsed="9.509891"/>
</test>
<test id="s1-t4" name="Verify No Change On Same Position Drag" line="35">
<kw name="Run Keywords" owner="BuiltIn" type="SETUP">
<kw name="Open AntennaPod" owner="Setup">
<kw name="Open Application" owner="AppiumLibrary">
<arg>${REMOTE_URL}</arg>
<arg>platformName=${PLATFORM_NAME}</arg>
<arg>automationName=${AUTOMATION_NAME}</arg>
<arg>deviceName=${DEVICE_NAME}</arg>
<arg>appPackage=${APP_PACKAGE}</arg>
<arg>appActivity=${APP_ACTIVITY}</arg>
<doc>Opens a new application to given Appium server.
Capabilities of appium server, Android and iOS,
Please check https://appium.io/docs/en/2.1/cli/args/
| *Option*            | *Man.* | *Description*     |
| remote_url          | Yes    | Appium server url |
| alias               | no     | alias             |
| strict_ssl          | No     | allows you to send commands to an invalid certificate host like a self-signed one. |</doc>
<status status="PASS" start="2025-06-07T16:03:38.419502" elapsed="4.980717"/>
</kw>
<status status="PASS" start="2025-06-07T16:03:38.419502" elapsed="4.980717"/>
</kw>
<kw name="Add Episode To Queue" owner="Setup">
<kw name="Wait Until Page Contains Element" owner="AppiumLibrary">
<msg time="2025-06-07T16:03:44.382259" level="INFO">criteria is de.danoeh.antennapod.debug:id/action_search</msg>
<arg>id=de.danoeh.antennapod.debug:id/action_search</arg>
<arg>timeout=10s</arg>
<doc>Waits until element specified with `locator` appears on current page.</doc>
<status status="PASS" start="2025-06-07T16:03:43.400219" elapsed="0.982040"/>
</kw>
<kw name="Click Element" owner="AppiumLibrary">
<msg time="2025-06-07T16:03:44.383261" level="INFO">Clicking element 'id=de.danoeh.antennapod.debug:id/action_search'.</msg>
<msg time="2025-06-07T16:03:44.489273" level="INFO">criteria is de.danoeh.antennapod.debug:id/action_search</msg>
<arg>id=de.danoeh.antennapod.debug:id/action_search</arg>
<doc>Click element identified by `locator`.</doc>
<status status="PASS" start="2025-06-07T16:03:44.382259" elapsed="0.107014"/>
</kw>
<kw name="Wait Until Element Is Visible" owner="AppiumLibrary">
<msg time="2025-06-07T16:03:45.833205" level="INFO">criteria is de.danoeh.antennapod.debug:id/search_src_text</msg>
<arg>id=de.danoeh.antennapod.debug:id/search_src_text</arg>
<arg>timeout=10s</arg>
<doc>Waits until element specified with `locator` is visible.</doc>
<status status="PASS" start="2025-06-07T16:03:44.489273" elapsed="1.343932"/>
</kw>
<kw name="Input Text" owner="AppiumLibrary">
<msg time="2025-06-07T16:03:45.834205" level="INFO">Typing text 'nba' into text field 'id=de.danoeh.antennapod.debug:id/search_src_text'</msg>
<msg time="2025-06-07T16:03:46.530241" level="INFO">criteria is de.danoeh.antennapod.debug:id/search_src_text</msg>
<arg>id=de.danoeh.antennapod.debug:id/search_src_text</arg>
<arg>nba</arg>
<doc>Types the given `text` into text field identified by `locator`.</doc>
<status status="PASS" start="2025-06-07T16:03:45.833205" elapsed="0.697036"/>
</kw>
<kw name="Wait Until Element Is Visible" owner="AppiumLibrary">
<msg time="2025-06-07T16:03:47.926347" level="INFO">criteria is de.danoeh.antennapod.debug:id/actionButton
criteria is de.danoeh.antennapod.debug:id/actionButton
criteria is de.danoeh.antennapod.debug:id/actionButton</msg>
<arg>id=de.danoeh.antennapod.debug:id/actionButton</arg>
<arg>timeout=10s</arg>
<doc>Waits until element specified with `locator` is visible.</doc>
<status status="PASS" start="2025-06-07T16:03:46.530241" elapsed="1.396106"/>
</kw>
<kw name="Click Element" owner="AppiumLibrary">
<msg time="2025-06-07T16:03:47.927346" level="INFO">Clicking element 'id=de.danoeh.antennapod.debug:id/actionButton'.</msg>
<msg time="2025-06-07T16:03:48.015134" level="INFO">criteria is de.danoeh.antennapod.debug:id/actionButton</msg>
<arg>id=de.danoeh.antennapod.debug:id/actionButton</arg>
<doc>Click element identified by `locator`.</doc>
<status status="PASS" start="2025-06-07T16:03:47.927346" elapsed="0.087788"/>
</kw>
<kw name="Wait Until Element Is Visible" owner="AppiumLibrary">
<msg time="2025-06-07T16:03:51.578914" level="INFO">xpath criteria: //android.widget.TextView[@resource-id="de.danoeh.antennapod.debug:id/txtvTitle" and @text="The Athletic NBA Daily"]
xpath criteria: //android.widget.TextView[@resource-id="de.danoeh.antennapod.debug:id/txtvTitle" and @text="The Athletic NBA Daily"]</msg>
<arg>xpath=//android.widget.TextView[@resource-id="de.danoeh.antennapod.debug:id/txtvTitle" and @text="The Athletic NBA Daily"]</arg>
<arg>timeout=20s</arg>
<doc>Waits until element specified with `locator` is visible.</doc>
<status status="PASS" start="2025-06-07T16:03:48.016133" elapsed="3.562781"/>
</kw>
<kw name="Click Element" owner="AppiumLibrary">
<msg time="2025-06-07T16:03:51.579914" level="INFO">Clicking element 'xpath=//android.widget.TextView[@resource-id="de.danoeh.antennapod.debug:id/txtvTitle" and @text="The Athletic NBA Daily"]'.</msg>
<msg time="2025-06-07T16:03:52.673288" level="INFO">xpath criteria: //android.widget.TextView[@resource-id="de.danoeh.antennapod.debug:id/txtvTitle" and @text="The Athletic NBA Daily"]</msg>
<arg>xpath=//android.widget.TextView[@resource-id="de.danoeh.antennapod.debug:id/txtvTitle" and @text="The Athletic NBA Daily"]</arg>
<doc>Click element identified by `locator`.</doc>
<status status="PASS" start="2025-06-07T16:03:51.578914" elapsed="1.094374"/>
</kw>
<for flavor="IN">
<iter>
<kw name="Wait Until Element Is Visible" owner="AppiumLibrary">
<msg time="2025-06-07T16:03:57.139646" level="INFO">xpath criteria: //android.widget.TextView[@resource-id="de.danoeh.antennapod.debug:id/txtvTitle" and @text="Haliburton &amp; Pacers shock Thunder in Game 1"]
xpath criteria: //android.widget.TextView[@resource-id="de.danoeh.antennapod.debug:id/txtvTitle" and @text="Haliburton &amp; Pacers shock Thunder in Game 1"]
xpath criteria: //android.widget.TextView[@resource-id="de.danoeh.antennapod.debug:id/txtvTitle" and @text="Haliburton &amp; Pacers shock Thunder in Game 1"]
xpath criteria: //android.widget.TextView[@resource-id="de.danoeh.antennapod.debug:id/txtvTitle" and @text="Haliburton &amp; Pacers shock Thunder in Game 1"]
xpath criteria: //android.widget.TextView[@resource-id="de.danoeh.antennapod.debug:id/txtvTitle" and @text="Haliburton &amp; Pacers shock Thunder in Game 1"]
xpath criteria: //android.widget.TextView[@resource-id="de.danoeh.antennapod.debug:id/txtvTitle" and @text="Haliburton &amp; Pacers shock Thunder in Game 1"]
xpath criteria: //android.widget.TextView[@resource-id="de.danoeh.antennapod.debug:id/txtvTitle" and @text="Haliburton &amp; Pacers shock Thunder in Game 1"]
xpath criteria: //android.widget.TextView[@resource-id="de.danoeh.antennapod.debug:id/txtvTitle" and @text="Haliburton &amp; Pacers shock Thunder in Game 1"]
xpath criteria: //android.widget.TextView[@resource-id="de.danoeh.antennapod.debug:id/txtvTitle" and @text="Haliburton &amp; Pacers shock Thunder in Game 1"]
xpath criteria: //android.widget.TextView[@resource-id="de.danoeh.antennapod.debug:id/txtvTitle" and @text="Haliburton &amp; Pacers shock Thunder in Game 1"]
xpath criteria: //android.widget.TextView[@resource-id="de.danoeh.antennapod.debug:id/txtvTitle" and @text="Haliburton &amp; Pacers shock Thunder in Game 1"]
xpath criteria: //android.widget.TextView[@resource-id="de.danoeh.antennapod.debug:id/txtvTitle" and @text="Haliburton &amp; Pacers shock Thunder in Game 1"]
xpath criteria: //android.widget.TextView[@resource-id="de.danoeh.antennapod.debug:id/txtvTitle" and @text="Haliburton &amp; Pacers shock Thunder in Game 1"]
xpath criteria: //android.widget.TextView[@resource-id="de.danoeh.antennapod.debug:id/txtvTitle" and @text="Haliburton &amp; Pacers shock Thunder in Game 1"]
xpath criteria: //android.widget.TextView[@resource-id="de.danoeh.antennapod.debug:id/txtvTitle" and @text="Haliburton &amp; Pacers shock Thunder in Game 1"]</msg>
<arg>xpath=//android.widget.TextView[@resource-id="de.danoeh.antennapod.debug:id/txtvTitle" and @text="${title}"]</arg>
<arg>timeout=10s</arg>
<doc>Waits until element specified with `locator` is visible.</doc>
<status status="PASS" start="2025-06-07T16:03:52.674288" elapsed="4.465358"/>
</kw>
<kw name="Click Element" owner="AppiumLibrary">
<msg time="2025-06-07T16:03:57.140647" level="INFO">Clicking element 'xpath=//android.widget.TextView[@resource-id="de.danoeh.antennapod.debug:id/txtvTitle" and @text="Haliburton &amp; Pacers shock Thunder in Game 1"]'.</msg>
<msg time="2025-06-07T16:03:57.850998" level="INFO">xpath criteria: //android.widget.TextView[@resource-id="de.danoeh.antennapod.debug:id/txtvTitle" and @text="Haliburton &amp; Pacers shock Thunder in Game 1"]</msg>
<arg>xpath=//android.widget.TextView[@resource-id="de.danoeh.antennapod.debug:id/txtvTitle" and @text="${title}"]</arg>
<doc>Click element identified by `locator`.</doc>
<status status="PASS" start="2025-06-07T16:03:57.139646" elapsed="0.711352"/>
</kw>
<kw name="Wait Until Element Is Visible" owner="AppiumLibrary">
<msg time="2025-06-07T16:03:59.857490" level="INFO">criteria is de.danoeh.antennapod.debug:id/butAction1Text
criteria is de.danoeh.antennapod.debug:id/butAction1Text</msg>
<arg>id=de.danoeh.antennapod.debug:id/butAction1Text</arg>
<arg>timeout=10s</arg>
<doc>Waits until element specified with `locator` is visible.</doc>
<status status="PASS" start="2025-06-07T16:03:57.850998" elapsed="2.006492"/>
</kw>
<kw name="Click Element" owner="AppiumLibrary">
<msg time="2025-06-07T16:03:59.858490" level="INFO">Clicking element 'id=de.danoeh.antennapod.debug:id/butAction1Text'.</msg>
<msg time="2025-06-07T16:03:59.954740" level="INFO">criteria is de.danoeh.antennapod.debug:id/butAction1Text</msg>
<arg>id=de.danoeh.antennapod.debug:id/butAction1Text</arg>
<doc>Click element identified by `locator`.</doc>
<status status="PASS" start="2025-06-07T16:03:59.857490" elapsed="0.098250"/>
</kw>
<kw name="Wait Until Element Is Visible" owner="AppiumLibrary">
<msg time="2025-06-07T16:04:01.851616" level="INFO">xpath criteria: //android.widget.ImageButton[@content-desc="Back"]</msg>
<arg>xpath=//android.widget.ImageButton[@content-desc="Back"]</arg>
<arg>timeout=10s</arg>
<doc>Waits until element specified with `locator` is visible.</doc>
<status status="PASS" start="2025-06-07T16:03:59.955740" elapsed="1.895876"/>
</kw>
<kw name="Click Element" owner="AppiumLibrary">
<msg time="2025-06-07T16:04:01.852615" level="INFO">Clicking element 'xpath=//android.widget.ImageButton[@content-desc="Back"]'.</msg>
<msg time="2025-06-07T16:04:01.950318" level="INFO">xpath criteria: //android.widget.ImageButton[@content-desc="Back"]</msg>
<arg>xpath=//android.widget.ImageButton[@content-desc="Back"]</arg>
<doc>Click element identified by `locator`.</doc>
<status status="PASS" start="2025-06-07T16:04:01.851616" elapsed="0.098702"/>
</kw>
<var name="${title}">Haliburton &amp; Pacers shock Thunder in Game 1</var>
<status status="PASS" start="2025-06-07T16:03:52.674288" elapsed="9.276030"/>
</iter>
<var>${title}</var>
<value>@{titles}</value>
<status status="PASS" start="2025-06-07T16:03:52.673288" elapsed="9.277030"/>
</for>
<kw name="Wait Until Element Is Visible" owner="AppiumLibrary">
<msg time="2025-06-07T16:04:03.322429" level="INFO">xpath criteria: //android.widget.ImageButton[@content-desc="Back"]</msg>
<arg>xpath=//android.widget.ImageButton[@content-desc="Back"]</arg>
<arg>timeout=10s</arg>
<doc>Waits until element specified with `locator` is visible.</doc>
<status status="PASS" start="2025-06-07T16:04:01.950318" elapsed="1.372111"/>
</kw>
<kw name="Click Element" owner="AppiumLibrary">
<msg time="2025-06-07T16:04:03.323431" level="INFO">Clicking element 'xpath=//android.widget.ImageButton[@content-desc="Back"]'.</msg>
<msg time="2025-06-07T16:04:03.451539" level="INFO">xpath criteria: //android.widget.ImageButton[@content-desc="Back"]</msg>
<arg>xpath=//android.widget.ImageButton[@content-desc="Back"]</arg>
<doc>Click element identified by `locator`.</doc>
<status status="PASS" start="2025-06-07T16:04:03.323431" elapsed="0.128108"/>
</kw>
<arg>${PODCAST_TITLE_1}</arg>
<status status="PASS" start="2025-06-07T16:03:43.400219" elapsed="20.051320"/>
</kw>
<arg>Open AntennaPod</arg>
<arg>AND</arg>
<arg>Add Episode To Queue</arg>
<arg>${PODCAST_TITLE_1}</arg>
<doc>Executes all the given keywords in a sequence.</doc>
<status status="PASS" start="2025-06-07T16:03:38.419502" elapsed="25.032037"/>
</kw>
<kw name="Go To Queue Page" owner="Setup">
<kw name="Wait Until Element Is Visible" owner="AppiumLibrary">
<msg time="2025-06-07T16:04:04.628418" level="INFO">xpath criteria: //android.widget.FrameLayout[@content-desc="Queue"]
xpath criteria: //android.widget.FrameLayout[@content-desc="Queue"]</msg>
<arg>xpath=//android.widget.FrameLayout[@content-desc="Queue"]</arg>
<arg>timeout=10s</arg>
<doc>Waits until element specified with `locator` is visible.</doc>
<status status="PASS" start="2025-06-07T16:04:03.452542" elapsed="1.175876"/>
</kw>
<kw name="Click Element" owner="AppiumLibrary">
<msg time="2025-06-07T16:04:04.630417" level="INFO">Clicking element 'xpath=//android.widget.FrameLayout[@content-desc="Queue"]'.</msg>
<msg time="2025-06-07T16:04:05.651435" level="INFO">xpath criteria: //android.widget.FrameLayout[@content-desc="Queue"]</msg>
<arg>xpath=//android.widget.FrameLayout[@content-desc="Queue"]</arg>
<doc>Click element identified by `locator`.</doc>
<status status="PASS" start="2025-06-07T16:04:04.629420" elapsed="1.022015"/>
</kw>
<status status="PASS" start="2025-06-07T16:04:03.452542" elapsed="2.198893"/>
</kw>
<kw name="Drag Podcast From To" owner="Setup">
<kw name="Set Variable" owner="BuiltIn">
<msg time="2025-06-07T16:04:05.652436" level="INFO">${source} = xpath=(//android.widget.ImageView[@resource-id="de.danoeh.antennapod.debug:id/drag_handle"])[1]</msg>
<var>${source}</var>
<arg>xpath=(//android.widget.ImageView[@resource-id="de.danoeh.antennapod.debug:id/drag_handle"])[${source_index}]</arg>
<doc>Returns the given values which can then be assigned to a variables.</doc>
<status status="PASS" start="2025-06-07T16:04:05.651435" elapsed="0.001001"/>
</kw>
<kw name="Set Variable" owner="BuiltIn">
<msg time="2025-06-07T16:04:05.652436" level="INFO">${target} = xpath=(//android.widget.ImageView[@resource-id="de.danoeh.antennapod.debug:id/drag_handle"])[1]</msg>
<var>${target}</var>
<arg>xpath=(//android.widget.ImageView[@resource-id="de.danoeh.antennapod.debug:id/drag_handle"])[${target_index}]</arg>
<doc>Returns the given values which can then be assigned to a variables.</doc>
<status status="PASS" start="2025-06-07T16:04:05.652436" elapsed="0.000000"/>
</kw>
<kw name="Wait Until Element Is Visible" owner="AppiumLibrary">
<msg time="2025-06-07T16:04:07.323149" level="INFO">xpath criteria: (//android.widget.ImageView[@resource-id="de.danoeh.antennapod.debug:id/drag_handle"])[1]</msg>
<arg>${source}</arg>
<arg>timeout=10s</arg>
<doc>Waits until element specified with `locator` is visible.</doc>
<status status="PASS" start="2025-06-07T16:04:05.652436" elapsed="1.670713"/>
</kw>
<kw name="Wait Until Element Is Visible" owner="AppiumLibrary">
<msg time="2025-06-07T16:04:07.388185" level="INFO">xpath criteria: (//android.widget.ImageView[@resource-id="de.danoeh.antennapod.debug:id/drag_handle"])[1]</msg>
<arg>${target}</arg>
<arg>timeout=10s</arg>
<doc>Waits until element specified with `locator` is visible.</doc>
<status status="PASS" start="2025-06-07T16:04:07.323149" elapsed="0.065036"/>
</kw>
<kw name="Drag And Drop" owner="AppiumLibrary">
<msg time="2025-06-07T16:04:08.066475" level="INFO">xpath criteria: (//android.widget.ImageView[@resource-id="de.danoeh.antennapod.debug:id/drag_handle"])[1]
xpath criteria: (//android.widget.ImageView[@resource-id="de.danoeh.antennapod.debug:id/drag_handle"])[1]</msg>
<arg>${source}</arg>
<arg>${target}</arg>
<doc>Drags the element identified by ``locator`` into the ``target`` element.</doc>
<status status="PASS" start="2025-06-07T16:04:07.388185" elapsed="0.678290"/>
</kw>
<arg>1</arg>
<arg>1</arg>
<status status="PASS" start="2025-06-07T16:04:05.651435" elapsed="2.415040"/>
</kw>
<kw name="Verify Podcast In Queue" owner="Setup">
<kw name="Wait Until Page Contains Element" owner="AppiumLibrary">
<msg time="2025-06-07T16:04:08.407448" level="INFO">xpath criteria: //android.widget.TextView[@resource-id="de.danoeh.antennapod.debug:id/txtvTitle" and @text="Haliburton &amp; Pacers shock Thunder in Game 1"]</msg>
<arg>xpath=//android.widget.TextView[@resource-id="de.danoeh.antennapod.debug:id/txtvTitle" and @text="${title}"]</arg>
<arg>timeout=10s</arg>
<doc>Waits until element specified with `locator` appears on current page.</doc>
<status status="PASS" start="2025-06-07T16:04:08.067476" elapsed="0.339972"/>
</kw>
<kw name="Page Should Contain Element" owner="AppiumLibrary">
<msg time="2025-06-07T16:04:08.465446" level="INFO">Current page contains element 'xpath=//android.widget.TextView[@resource-id="de.danoeh.antennapod.debug:id/txtvTitle" and @text="Haliburton &amp; Pacers shock Thunder in Game 1"]'.</msg>
<msg time="2025-06-07T16:04:08.465446" level="INFO">xpath criteria: //android.widget.TextView[@resource-id="de.danoeh.antennapod.debug:id/txtvTitle" and @text="Haliburton &amp; Pacers shock Thunder in Game 1"]</msg>
<arg>xpath=//android.widget.TextView[@resource-id="de.danoeh.antennapod.debug:id/txtvTitle" and @text="${title}"]</arg>
<doc>Verifies that current page contains `locator` element.</doc>
<status status="PASS" start="2025-06-07T16:04:08.407448" elapsed="0.057998"/>
</kw>
<arg>${PODCAST_TITLE_1}</arg>
<status status="PASS" start="2025-06-07T16:04:08.067476" elapsed="0.397970"/>
</kw>
<kw name="Teardown And Clear App" owner="Setup" type="TEARDOWN">
<kw name="Run Process" owner="Process">
<msg time="2025-06-07T16:04:08.466445" level="INFO">Starting process:
adb shell "pm clear de.danoeh.antennapod.debug"</msg>
<msg time="2025-06-07T16:04:08.468449" level="INFO">Waiting for process to complete.</msg>
<msg time="2025-06-07T16:04:08.852167" level="INFO">Process completed.</msg>
<arg>adb</arg>
<arg>shell</arg>
<arg>pm clear ${APP_PACKAGE}</arg>
<doc>Runs a process and waits for it to complete.</doc>
<status status="PASS" start="2025-06-07T16:04:08.466445" elapsed="0.386723"/>
</kw>
<kw name="Sleep" owner="BuiltIn">
<msg time="2025-06-07T16:04:09.853615" level="INFO">Slept 1 second.</msg>
<arg>1s</arg>
<doc>Pauses the test executed for the given time.</doc>
<status status="PASS" start="2025-06-07T16:04:08.853168" elapsed="1.000447"/>
</kw>
<kw name="Close Application" owner="AppiumLibrary">
<doc>Closes the current application and also close webdriver session.</doc>
<status status="PASS" start="2025-06-07T16:04:09.853615" elapsed="0.584246"/>
</kw>
<status status="PASS" start="2025-06-07T16:04:08.465446" elapsed="1.972415"/>
</kw>
<tag>TC-QC-02-03</tag>
<status status="PASS" start="2025-06-07T16:03:38.418499" elapsed="32.020361"/>
</test>
<test id="s1-t5" name="Remove Podcast From Queue" line="44">
<kw name="Run Keywords" owner="BuiltIn" type="SETUP">
<kw name="Open AntennaPod" owner="Setup">
<kw name="Open Application" owner="AppiumLibrary">
<arg>${REMOTE_URL}</arg>
<arg>platformName=${PLATFORM_NAME}</arg>
<arg>automationName=${AUTOMATION_NAME}</arg>
<arg>deviceName=${DEVICE_NAME}</arg>
<arg>appPackage=${APP_PACKAGE}</arg>
<arg>appActivity=${APP_ACTIVITY}</arg>
<doc>Opens a new application to given Appium server.
Capabilities of appium server, Android and iOS,
Please check https://appium.io/docs/en/2.1/cli/args/
| *Option*            | *Man.* | *Description*     |
| remote_url          | Yes    | Appium server url |
| alias               | no     | alias             |
| strict_ssl          | No     | allows you to send commands to an invalid certificate host like a self-signed one. |</doc>
<status status="PASS" start="2025-06-07T16:04:10.439860" elapsed="5.546627"/>
</kw>
<status status="PASS" start="2025-06-07T16:04:10.439860" elapsed="5.546627"/>
</kw>
<kw name="Add Episode To Queue" owner="Setup">
<kw name="Wait Until Page Contains Element" owner="AppiumLibrary">
<msg time="2025-06-07T16:04:16.983714" level="INFO">criteria is de.danoeh.antennapod.debug:id/action_search</msg>
<arg>id=de.danoeh.antennapod.debug:id/action_search</arg>
<arg>timeout=10s</arg>
<doc>Waits until element specified with `locator` appears on current page.</doc>
<status status="PASS" start="2025-06-07T16:04:15.986487" elapsed="0.997227"/>
</kw>
<kw name="Click Element" owner="AppiumLibrary">
<msg time="2025-06-07T16:04:16.984714" level="INFO">Clicking element 'id=de.danoeh.antennapod.debug:id/action_search'.</msg>
<msg time="2025-06-07T16:04:17.100664" level="INFO">criteria is de.danoeh.antennapod.debug:id/action_search</msg>
<arg>id=de.danoeh.antennapod.debug:id/action_search</arg>
<doc>Click element identified by `locator`.</doc>
<status status="PASS" start="2025-06-07T16:04:16.984714" elapsed="0.115950"/>
</kw>
<kw name="Wait Until Element Is Visible" owner="AppiumLibrary">
<msg time="2025-06-07T16:04:18.553421" level="INFO">criteria is de.danoeh.antennapod.debug:id/search_src_text</msg>
<arg>id=de.danoeh.antennapod.debug:id/search_src_text</arg>
<arg>timeout=10s</arg>
<doc>Waits until element specified with `locator` is visible.</doc>
<status status="PASS" start="2025-06-07T16:04:17.100664" elapsed="1.452757"/>
</kw>
<kw name="Input Text" owner="AppiumLibrary">
<msg time="2025-06-07T16:04:18.554423" level="INFO">Typing text 'nba' into text field 'id=de.danoeh.antennapod.debug:id/search_src_text'</msg>
<msg time="2025-06-07T16:04:19.246454" level="INFO">criteria is de.danoeh.antennapod.debug:id/search_src_text</msg>
<arg>id=de.danoeh.antennapod.debug:id/search_src_text</arg>
<arg>nba</arg>
<doc>Types the given `text` into text field identified by `locator`.</doc>
<status status="PASS" start="2025-06-07T16:04:18.553421" elapsed="0.693033"/>
</kw>
<kw name="Wait Until Element Is Visible" owner="AppiumLibrary">
<msg time="2025-06-07T16:04:20.643728" level="INFO">criteria is de.danoeh.antennapod.debug:id/actionButton
criteria is de.danoeh.antennapod.debug:id/actionButton
criteria is de.danoeh.antennapod.debug:id/actionButton</msg>
<arg>id=de.danoeh.antennapod.debug:id/actionButton</arg>
<arg>timeout=10s</arg>
<doc>Waits until element specified with `locator` is visible.</doc>
<status status="PASS" start="2025-06-07T16:04:19.246454" elapsed="1.398273"/>
</kw>
<kw name="Click Element" owner="AppiumLibrary">
<msg time="2025-06-07T16:04:20.644727" level="INFO">Clicking element 'id=de.danoeh.antennapod.debug:id/actionButton'.</msg>
<msg time="2025-06-07T16:04:20.752555" level="INFO">criteria is de.danoeh.antennapod.debug:id/actionButton</msg>
<arg>id=de.danoeh.antennapod.debug:id/actionButton</arg>
<doc>Click element identified by `locator`.</doc>
<status status="PASS" start="2025-06-07T16:04:20.644727" elapsed="0.107828"/>
</kw>
<kw name="Wait Until Element Is Visible" owner="AppiumLibrary">
<msg time="2025-06-07T16:04:23.158822" level="INFO">xpath criteria: //android.widget.TextView[@resource-id="de.danoeh.antennapod.debug:id/txtvTitle" and @text="The Athletic NBA Daily"]
xpath criteria: //android.widget.TextView[@resource-id="de.danoeh.antennapod.debug:id/txtvTitle" and @text="The Athletic NBA Daily"]</msg>
<arg>xpath=//android.widget.TextView[@resource-id="de.danoeh.antennapod.debug:id/txtvTitle" and @text="The Athletic NBA Daily"]</arg>
<arg>timeout=20s</arg>
<doc>Waits until element specified with `locator` is visible.</doc>
<status status="PASS" start="2025-06-07T16:04:20.752555" elapsed="2.406267"/>
</kw>
<kw name="Click Element" owner="AppiumLibrary">
<msg time="2025-06-07T16:04:23.159820" level="INFO">Clicking element 'xpath=//android.widget.TextView[@resource-id="de.danoeh.antennapod.debug:id/txtvTitle" and @text="The Athletic NBA Daily"]'.</msg>
<msg time="2025-06-07T16:04:25.155926" level="INFO">xpath criteria: //android.widget.TextView[@resource-id="de.danoeh.antennapod.debug:id/txtvTitle" and @text="The Athletic NBA Daily"]</msg>
<arg>xpath=//android.widget.TextView[@resource-id="de.danoeh.antennapod.debug:id/txtvTitle" and @text="The Athletic NBA Daily"]</arg>
<doc>Click element identified by `locator`.</doc>
<status status="PASS" start="2025-06-07T16:04:23.158822" elapsed="1.997104"/>
</kw>
<for flavor="IN">
<iter>
<kw name="Wait Until Element Is Visible" owner="AppiumLibrary">
<msg time="2025-06-07T16:04:29.653383" level="INFO">xpath criteria: //android.widget.TextView[@resource-id="de.danoeh.antennapod.debug:id/txtvTitle" and @text="NBA Finals Mailbag: Morning Shoot Around"]
xpath criteria: //android.widget.TextView[@resource-id="de.danoeh.antennapod.debug:id/txtvTitle" and @text="NBA Finals Mailbag: Morning Shoot Around"]
xpath criteria: //android.widget.TextView[@resource-id="de.danoeh.antennapod.debug:id/txtvTitle" and @text="NBA Finals Mailbag: Morning Shoot Around"]
xpath criteria: //android.widget.TextView[@resource-id="de.danoeh.antennapod.debug:id/txtvTitle" and @text="NBA Finals Mailbag: Morning Shoot Around"]
xpath criteria: //android.widget.TextView[@resource-id="de.danoeh.antennapod.debug:id/txtvTitle" and @text="NBA Finals Mailbag: Morning Shoot Around"]
xpath criteria: //android.widget.TextView[@resource-id="de.danoeh.antennapod.debug:id/txtvTitle" and @text="NBA Finals Mailbag: Morning Shoot Around"]
xpath criteria: //android.widget.TextView[@resource-id="de.danoeh.antennapod.debug:id/txtvTitle" and @text="NBA Finals Mailbag: Morning Shoot Around"]
xpath criteria: //android.widget.TextView[@resource-id="de.danoeh.antennapod.debug:id/txtvTitle" and @text="NBA Finals Mailbag: Morning Shoot Around"]
xpath criteria: //android.widget.TextView[@resource-id="de.danoeh.antennapod.debug:id/txtvTitle" and @text="NBA Finals Mailbag: Morning Shoot Around"]
xpath criteria: //android.widget.TextView[@resource-id="de.danoeh.antennapod.debug:id/txtvTitle" and @text="NBA Finals Mailbag: Morning Shoot Around"]
xpath criteria: //android.widget.TextView[@resource-id="de.danoeh.antennapod.debug:id/txtvTitle" and @text="NBA Finals Mailbag: Morning Shoot Around"]
xpath criteria: //android.widget.TextView[@resource-id="de.danoeh.antennapod.debug:id/txtvTitle" and @text="NBA Finals Mailbag: Morning Shoot Around"]
xpath criteria: //android.widget.TextView[@resource-id="de.danoeh.antennapod.debug:id/txtvTitle" and @text="NBA Finals Mailbag: Morning Shoot Around"]
xpath criteria: //android.widget.TextView[@resource-id="de.danoeh.antennapod.debug:id/txtvTitle" and @text="NBA Finals Mailbag: Morning Shoot Around"]</msg>
<arg>xpath=//android.widget.TextView[@resource-id="de.danoeh.antennapod.debug:id/txtvTitle" and @text="${title}"]</arg>
<arg>timeout=10s</arg>
<doc>Waits until element specified with `locator` is visible.</doc>
<status status="PASS" start="2025-06-07T16:04:25.155926" elapsed="4.497457"/>
</kw>
<kw name="Click Element" owner="AppiumLibrary">
<msg time="2025-06-07T16:04:29.654383" level="INFO">Clicking element 'xpath=//android.widget.TextView[@resource-id="de.danoeh.antennapod.debug:id/txtvTitle" and @text="NBA Finals Mailbag: Morning Shoot Around"]'.</msg>
<msg time="2025-06-07T16:04:30.385387" level="INFO">xpath criteria: //android.widget.TextView[@resource-id="de.danoeh.antennapod.debug:id/txtvTitle" and @text="NBA Finals Mailbag: Morning Shoot Around"]</msg>
<arg>xpath=//android.widget.TextView[@resource-id="de.danoeh.antennapod.debug:id/txtvTitle" and @text="${title}"]</arg>
<doc>Click element identified by `locator`.</doc>
<status status="PASS" start="2025-06-07T16:04:29.653383" elapsed="0.732004"/>
</kw>
<kw name="Wait Until Element Is Visible" owner="AppiumLibrary">
<msg time="2025-06-07T16:04:32.421437" level="INFO">criteria is de.danoeh.antennapod.debug:id/butAction1Text</msg>
<arg>id=de.danoeh.antennapod.debug:id/butAction1Text</arg>
<arg>timeout=10s</arg>
<doc>Waits until element specified with `locator` is visible.</doc>
<status status="PASS" start="2025-06-07T16:04:30.385387" elapsed="2.036050"/>
</kw>
<kw name="Click Element" owner="AppiumLibrary">
<msg time="2025-06-07T16:04:32.422434" level="INFO">Clicking element 'id=de.danoeh.antennapod.debug:id/butAction1Text'.</msg>
<msg time="2025-06-07T16:04:32.506435" level="INFO">criteria is de.danoeh.antennapod.debug:id/butAction1Text</msg>
<arg>id=de.danoeh.antennapod.debug:id/butAction1Text</arg>
<doc>Click element identified by `locator`.</doc>
<status status="PASS" start="2025-06-07T16:04:32.421437" elapsed="0.085997"/>
</kw>
<kw name="Wait Until Element Is Visible" owner="AppiumLibrary">
<msg time="2025-06-07T16:04:34.370508" level="INFO">xpath criteria: //android.widget.ImageButton[@content-desc="Back"]</msg>
<arg>xpath=//android.widget.ImageButton[@content-desc="Back"]</arg>
<arg>timeout=10s</arg>
<doc>Waits until element specified with `locator` is visible.</doc>
<status status="PASS" start="2025-06-07T16:04:32.507434" elapsed="1.863074"/>
</kw>
<kw name="Click Element" owner="AppiumLibrary">
<msg time="2025-06-07T16:04:34.371513" level="INFO">Clicking element 'xpath=//android.widget.ImageButton[@content-desc="Back"]'.</msg>
<msg time="2025-06-07T16:04:34.483537" level="INFO">xpath criteria: //android.widget.ImageButton[@content-desc="Back"]</msg>
<arg>xpath=//android.widget.ImageButton[@content-desc="Back"]</arg>
<doc>Click element identified by `locator`.</doc>
<status status="PASS" start="2025-06-07T16:04:34.370508" elapsed="0.113029"/>
</kw>
<var name="${title}">NBA Finals Mailbag: Morning Shoot Around</var>
<status status="PASS" start="2025-06-07T16:04:25.155926" elapsed="9.327611"/>
</iter>
<var>${title}</var>
<value>@{titles}</value>
<status status="PASS" start="2025-06-07T16:04:25.155926" elapsed="9.327611"/>
</for>
<kw name="Wait Until Element Is Visible" owner="AppiumLibrary">
<msg time="2025-06-07T16:04:35.815507" level="INFO">xpath criteria: //android.widget.ImageButton[@content-desc="Back"]</msg>
<arg>xpath=//android.widget.ImageButton[@content-desc="Back"]</arg>
<arg>timeout=10s</arg>
<doc>Waits until element specified with `locator` is visible.</doc>
<status status="PASS" start="2025-06-07T16:04:34.483537" elapsed="1.331970"/>
</kw>
<kw name="Click Element" owner="AppiumLibrary">
<msg time="2025-06-07T16:04:35.816509" level="INFO">Clicking element 'xpath=//android.widget.ImageButton[@content-desc="Back"]'.</msg>
<msg time="2025-06-07T16:04:35.957509" level="INFO">xpath criteria: //android.widget.ImageButton[@content-desc="Back"]</msg>
<arg>xpath=//android.widget.ImageButton[@content-desc="Back"]</arg>
<doc>Click element identified by `locator`.</doc>
<status status="PASS" start="2025-06-07T16:04:35.815507" elapsed="0.142002"/>
</kw>
<arg>${PODCAST_TITLE_2}</arg>
<status status="PASS" start="2025-06-07T16:04:15.986487" elapsed="19.971022"/>
</kw>
<arg>Open AntennaPod</arg>
<arg>AND</arg>
<arg>Add Episode To Queue</arg>
<arg>${PODCAST_TITLE_2}</arg>
<doc>Executes all the given keywords in a sequence.</doc>
<status status="PASS" start="2025-06-07T16:04:10.438860" elapsed="25.518649"/>
</kw>
<kw name="Go To Queue Page" owner="Setup">
<kw name="Wait Until Element Is Visible" owner="AppiumLibrary">
<msg time="2025-06-07T16:04:36.709136" level="INFO">xpath criteria: //android.widget.FrameLayout[@content-desc="Queue"]
[...]
| strict_ssl          | No     | allows you to send commands to an invalid certificate host like a self-signed one. |</doc>
<status status="PASS" start="2025-06-07T16:07:47.290018" elapsed="5.302398"/>
</kw>
<status status="PASS" start="2025-06-07T16:07:47.289019" elapsed="5.304396"/>
</kw>
<kw name="Add Episode To Queue" owner="Setup">
<kw name="Wait Until Page Contains Element" owner="AppiumLibrary">
<msg time="2025-06-07T16:07:53.556600" level="INFO">criteria is de.danoeh.antennapod.debug:id/action_search</msg>
<arg>id=de.danoeh.antennapod.debug:id/action_search</arg>
<arg>timeout=10s</arg>
<doc>Waits until element specified with `locator` appears on current page.</doc>
<status status="PASS" start="2025-06-07T16:07:52.593415" elapsed="0.963185"/>
</kw>
<kw name="Click Element" owner="AppiumLibrary">
<msg time="2025-06-07T16:07:53.558202" level="INFO">Clicking element 'id=de.danoeh.antennapod.debug:id/action_search'.</msg>
<msg time="2025-06-07T16:07:53.684209" level="INFO">criteria is de.danoeh.antennapod.debug:id/action_search</msg>
<arg>id=de.danoeh.antennapod.debug:id/action_search</arg>
<doc>Click element identified by `locator`.</doc>
<status status="PASS" start="2025-06-07T16:07:53.556600" elapsed="0.127609"/>
</kw>
<kw name="Wait Until Element Is Visible" owner="AppiumLibrary">
<msg time="2025-06-07T16:07:55.051950" level="INFO">criteria is de.danoeh.antennapod.debug:id/search_src_text</msg>
<arg>id=de.danoeh.antennapod.debug:id/search_src_text</arg>
<arg>timeout=10s</arg>
<doc>Waits until element specified with `locator` is visible.</doc>
<status status="PASS" start="2025-06-07T16:07:53.684209" elapsed="1.367741"/>
</kw>
<kw name="Input Text" owner="AppiumLibrary">
<msg time="2025-06-07T16:07:55.052951" level="INFO">Typing text 'nba' into text field 'id=de.danoeh.antennapod.debug:id/search_src_text'</msg>
<msg time="2025-06-07T16:07:55.749325" level="INFO">criteria is de.danoeh.antennapod.debug:id/search_src_text</msg>
<arg>id=de.danoeh.antennapod.debug:id/search_src_text</arg>
<arg>nba</arg>
<doc>Types the given `text` into text field identified by `locator`.</doc>
<status status="PASS" start="2025-06-07T16:07:55.051950" elapsed="0.697375"/>
</kw>
<kw name="Wait Until Element Is Visible" owner="AppiumLibrary">
<msg time="2025-06-07T16:07:57.140705" level="INFO">criteria is de.danoeh.antennapod.debug:id/actionButton
criteria is de.danoeh.antennapod.debug:id/actionButton
criteria is de.danoeh.antennapod.debug:id/actionButton</msg>
<arg>id=de.danoeh.antennapod.debug:id/actionButton</arg>
<arg>timeout=10s</arg>
<doc>Waits until element specified with `locator` is visible.</doc>
<status status="PASS" start="2025-06-07T16:07:55.749325" elapsed="1.391380"/>
</kw>
<kw name="Click Element" owner="AppiumLibrary">
<msg time="2025-06-07T16:07:57.141707" level="INFO">Clicking element 'id=de.danoeh.antennapod.debug:id/actionButton'.</msg>
<msg time="2025-06-07T16:07:57.239055" level="INFO">criteria is de.danoeh.antennapod.debug:id/actionButton</msg>
<arg>id=de.danoeh.antennapod.debug:id/actionButton</arg>
<doc>Click element identified by `locator`.</doc>
<status status="PASS" start="2025-06-07T16:07:57.140705" elapsed="0.098350"/>
</kw>
<kw name="Wait Until Element Is Visible" owner="AppiumLibrary">
<msg time="2025-06-07T16:08:00.832702" level="INFO">xpath criteria: //android.widget.TextView[@resource-id="de.danoeh.antennapod.debug:id/txtvTitle" and @text="The Athletic NBA Daily"]
xpath criteria: //android.widget.TextView[@resource-id="de.danoeh.antennapod.debug:id/txtvTitle" and @text="The Athletic NBA Daily"]
xpath criteria: //android.widget.TextView[@resource-id="de.danoeh.antennapod.debug:id/txtvTitle" and @text="The Athletic NBA Daily"]
xpath criteria: //android.widget.TextView[@resource-id="de.danoeh.antennapod.debug:id/txtvTitle" and @text="The Athletic NBA Daily"]
xpath criteria: //android.widget.TextView[@resource-id="de.danoeh.antennapod.debug:id/txtvTitle" and @text="The Athletic NBA Daily"]</msg>
<arg>xpath=//android.widget.TextView[@resource-id="de.danoeh.antennapod.debug:id/txtvTitle" and @text="The Athletic NBA Daily"]</arg>
<arg>timeout=20s</arg>
<doc>Waits until element specified with `locator` is visible.</doc>
<status status="PASS" start="2025-06-07T16:07:57.239055" elapsed="3.593647"/>
</kw>
<kw name="Click Element" owner="AppiumLibrary">
<msg time="2025-06-07T16:08:00.833706" level="INFO">Clicking element 'xpath=//android.widget.TextView[@resource-id="de.danoeh.antennapod.debug:id/txtvTitle" and @text="The Athletic NBA Daily"]'.</msg>
<msg time="2025-06-07T16:08:01.884694" level="INFO">xpath criteria: //android.widget.TextView[@resource-id="de.danoeh.antennapod.debug:id/txtvTitle" and @text="The Athletic NBA Daily"]</msg>
<arg>xpath=//android.widget.TextView[@resource-id="de.danoeh.antennapod.debug:id/txtvTitle" and @text="The Athletic NBA Daily"]</arg>
<doc>Click element identified by `locator`.</doc>
<status status="PASS" start="2025-06-07T16:08:00.833706" elapsed="1.050988"/>
</kw>
<for flavor="IN">
<iter>
<kw name="Wait Until Element Is Visible" owner="AppiumLibrary">
<msg time="2025-06-07T16:08:07.607981" level="INFO">xpath criteria: //android.widget.TextView[@resource-id="de.danoeh.antennapod.debug:id/txtvTitle" and @text="Haliburton &amp; Pacers shock Thunder in Game 1"]
xpath criteria: //android.widget.TextView[@resource-id="de.danoeh.antennapod.debug:id/txtvTitle" and @text="Haliburton &amp; Pacers shock Thunder in Game 1"]
xpath criteria: //android.widget.TextView[@resource-id="de.danoeh.antennapod.debug:id/txtvTitle" and @text="Haliburton &amp; Pacers shock Thunder in Game 1"]
xpath criteria: //android.widget.TextView[@resource-id="de.danoeh.antennapod.debug:id/txtvTitle" and @text="Haliburton &amp; Pacers shock Thunder in Game 1"]
xpath criteria: //android.widget.TextView[@resource-id="de.danoeh.antennapod.debug:id/txtvTitle" and @text="Haliburton &amp; Pacers shock Thunder in Game 1"]
xpath criteria: //android.widget.TextView[@resource-id="de.danoeh.antennapod.debug:id/txtvTitle" and @text="Haliburton &amp; Pacers shock Thunder in Game 1"]
xpath criteria: //android.widget.TextView[@resource-id="de.danoeh.antennapod.debug:id/txtvTitle" and @text="Haliburton &amp; Pacers shock Thunder in Game 1"]
xpath criteria: //android.widget.TextView[@resource-id="de.danoeh.antennapod.debug:id/txtvTitle" and @text="Haliburton &amp; Pacers shock Thunder in Game 1"]
xpath criteria: //android.widget.TextView[@resource-id="de.danoeh.antennapod.debug:id/txtvTitle" and @text="Haliburton &amp; Pacers shock Thunder in Game 1"]
xpath criteria: //android.widget.TextView[@resource-id="de.danoeh.antennapod.debug:id/txtvTitle" and @text="Haliburton &amp; Pacers shock Thunder in Game 1"]
xpath criteria: //android.widget.TextView[@resource-id="de.danoeh.antennapod.debug:id/txtvTitle" and @text="Haliburton &amp; Pacers shock Thunder in Game 1"]
xpath criteria: //android.widget.TextView[@resource-id="de.danoeh.antennapod.debug:id/txtvTitle" and @text="Haliburton &amp; Pacers shock Thunder in Game 1"]
xpath criteria: //android.widget.TextView[@resource-id="de.danoeh.antennapod.debug:id/txtvTitle" and @text="Haliburton &amp; Pacers shock Thunder in Game 1"]
xpath criteria: //android.widget.TextView[@resource-id="de.danoeh.antennapod.debug:id/txtvTitle" and @text="Haliburton &amp; Pacers shock Thunder in Game 1"]
xpath criteria: //android.widget.TextView[@resource-id="de.danoeh.antennapod.debug:id/txtvTitle" and @text="Haliburton &amp; Pacers shock Thunder in Game 1"]
xpath criteria: //android.widget.TextView[@resource-id="de.danoeh.antennapod.debug:id/txtvTitle" and @text="Haliburton &amp; Pacers shock Thunder in Game 1"]
xpath criteria: //android.widget.TextView[@resource-id="de.danoeh.antennapod.debug:id/txtvTitle" and @text="Haliburton &amp; Pacers shock Thunder in Game 1"]
xpath criteria: //android.widget.TextView[@resource-id="de.danoeh.antennapod.debug:id/txtvTitle" and @text="Haliburton &amp; Pacers shock Thunder in Game 1"]</msg>
<arg>xpath=//android.widget.TextView[@resource-id="de.danoeh.antennapod.debug:id/txtvTitle" and @text="${title}"]</arg>
<arg>timeout=10s</arg>
<doc>Waits until element specified with `locator` is visible.</doc>
<status status="PASS" start="2025-06-07T16:08:01.884694" elapsed="5.723287"/>
</kw>
<kw name="Click Element" owner="AppiumLibrary">
<msg time="2025-06-07T16:08:07.608944" level="INFO">Clicking element 'xpath=//android.widget.TextView[@resource-id="de.danoeh.antennapod.debug:id/txtvTitle" and @text="Haliburton &amp; Pacers shock Thunder in Game 1"]'.</msg>
<msg time="2025-06-07T16:08:07.752644" level="INFO">xpath criteria: //android.widget.TextView[@resource-id="de.danoeh.antennapod.debug:id/txtvTitle" and @text="Haliburton &amp; Pacers shock Thunder in Game 1"]</msg>
<arg>xpath=//android.widget.TextView[@resource-id="de.danoeh.antennapod.debug:id/txtvTitle" and @text="${title}"]</arg>
<doc>Click element identified by `locator`.</doc>
<status status="PASS" start="2025-06-07T16:08:07.608944" elapsed="0.143700"/>
</kw>
<kw name="Wait Until Element Is Visible" owner="AppiumLibrary">
<msg time="2025-06-07T16:08:09.145660" level="INFO">criteria is de.danoeh.antennapod.debug:id/butAction1Text
criteria is de.danoeh.antennapod.debug:id/butAction1Text</msg>
<arg>id=de.danoeh.antennapod.debug:id/butAction1Text</arg>
<arg>timeout=10s</arg>
<doc>Waits until element specified with `locator` is visible.</doc>
<status status="PASS" start="2025-06-07T16:08:07.752644" elapsed="1.393016"/>
</kw>
<kw name="Click Element" owner="AppiumLibrary">
<msg time="2025-06-07T16:08:09.146659" level="INFO">Clicking element 'id=de.danoeh.antennapod.debug:id/butAction1Text'.</msg>
<msg time="2025-06-07T16:08:09.254363" level="INFO">criteria is de.danoeh.antennapod.debug:id/butAction1Text</msg>
<arg>id=de.danoeh.antennapod.debug:id/butAction1Text</arg>
<doc>Click element identified by `locator`.</doc>
<status status="PASS" start="2025-06-07T16:08:09.145660" elapsed="0.108703"/>
</kw>
<kw name="Wait Until Element Is Visible" owner="AppiumLibrary">
<msg time="2025-06-07T16:08:11.022174" level="INFO">xpath criteria: //android.widget.ImageButton[@content-desc="Back"]</msg>
<arg>xpath=//android.widget.ImageButton[@content-desc="Back"]</arg>
<arg>timeout=10s</arg>
<doc>Waits until element specified with `locator` is visible.</doc>
<status status="PASS" start="2025-06-07T16:08:09.254363" elapsed="1.767811"/>
</kw>
<kw name="Click Element" owner="AppiumLibrary">
<msg time="2025-06-07T16:08:11.024174" level="INFO">Clicking element 'xpath=//android.widget.ImageButton[@content-desc="Back"]'.</msg>
<msg time="2025-06-07T16:08:11.136173" level="INFO">xpath criteria: //android.widget.ImageButton[@content-desc="Back"]</msg>
<arg>xpath=//android.widget.ImageButton[@content-desc="Back"]</arg>
<doc>Click element identified by `locator`.</doc>
<status status="PASS" start="2025-06-07T16:08:11.023176" elapsed="0.112997"/>
</kw>
<var name="${title}">Haliburton &amp; Pacers shock Thunder in Game 1</var>
<status status="PASS" start="2025-06-07T16:08:01.884694" elapsed="9.251479"/>
</iter>
<var>${title}</var>
<value>@{titles}</value>
<status status="PASS" start="2025-06-07T16:08:01.884694" elapsed="9.251479"/>
</for>
<kw name="Wait Until Element Is Visible" owner="AppiumLibrary">
<msg time="2025-06-07T16:08:12.456432" level="INFO">xpath criteria: //android.widget.ImageButton[@content-desc="Back"]</msg>
<arg>xpath=//android.widget.ImageButton[@content-desc="Back"]</arg>
<arg>timeout=10s</arg>
<doc>Waits until element specified with `locator` is visible.</doc>
<status status="PASS" start="2025-06-07T16:08:11.136173" elapsed="1.320259"/>
</kw>
<kw name="Click Element" owner="AppiumLibrary">
<msg time="2025-06-07T16:08:12.457433" level="INFO">Clicking element 'xpath=//android.widget.ImageButton[@content-desc="Back"]'.</msg>
<msg time="2025-06-07T16:08:12.604432" level="INFO">xpath criteria: //android.widget.ImageButton[@content-desc="Back"]</msg>
<arg>xpath=//android.widget.ImageButton[@content-desc="Back"]</arg>
<doc>Click element identified by `locator`.</doc>
<status status="PASS" start="2025-06-07T16:08:12.456432" elapsed="0.149001"/>
</kw>
<arg>${PODCAST_TITLE_1}</arg>
<status status="PASS" start="2025-06-07T16:07:52.593415" elapsed="20.012018"/>
</kw>
<arg>Open AntennaPod</arg>
<arg>AND</arg>
<arg>Add Episode To Queue</arg>
<arg>${PODCAST_TITLE_1}</arg>
<doc>Executes all the given keywords in a sequence.</doc>
<status status="PASS" start="2025-06-07T16:07:47.289019" elapsed="25.316414"/>
</kw>
<kw name="Go To Queue Page" owner="Setup">
<kw name="Wait Until Element Is Visible" owner="AppiumLibrary">
<msg time="2025-06-07T16:08:13.762410" level="INFO">xpath criteria: //android.widget.FrameLayout[@content-desc="Queue"]
xpath criteria: //android.widget.FrameLayout[@content-desc="Queue"]</msg>
<arg>xpath=//android.widget.FrameLayout[@content-desc="Queue"]</arg>
<arg>timeout=10s</arg>
<doc>Waits until element specified with `locator` is visible.</doc>
<status status="PASS" start="2025-06-07T16:08:12.605433" elapsed="1.156977"/>
</kw>
<kw name="Click Element" owner="AppiumLibrary">
<msg time="2025-06-07T16:08:13.763412" level="INFO">Clicking element 'xpath=//android.widget.FrameLayout[@content-desc="Queue"]'.</msg>
<msg time="2025-06-07T16:08:15.800243" level="INFO">xpath criteria: //android.widget.FrameLayout[@content-desc="Queue"]</msg>
<arg>xpath=//android.widget.FrameLayout[@content-desc="Queue"]</arg>
<doc>Click element identified by `locator`.</doc>
<status status="PASS" start="2025-06-07T16:08:13.762410" elapsed="2.037833"/>
</kw>
<status status="PASS" start="2025-06-07T16:08:12.605433" elapsed="3.194810"/>
</kw>
<kw name="Lock Queue" owner="Setup">
<kw name="Wait Until Element Is Visible" owner="AppiumLibrary">
<msg time="2025-06-07T16:08:16.432240" level="INFO">xpath criteria: //android.widget.ImageView[@content-desc="More options"]</msg>
<arg>xpath=//android.widget.ImageView[@content-desc="More options"]</arg>
<arg>timeout=10s</arg>
<doc>Waits until element specified with `locator` is visible.</doc>
<status status="PASS" start="2025-06-07T16:08:15.800243" elapsed="0.631997"/>
</kw>
<kw name="Click Element" owner="AppiumLibrary">
<msg time="2025-06-07T16:08:16.433240" level="INFO">Clicking element 'xpath=//android.widget.ImageView[@content-desc="More options"]'.</msg>
<msg time="2025-06-07T16:08:16.572962" level="INFO">xpath criteria: //android.widget.ImageView[@content-desc="More options"]</msg>
<arg>xpath=//android.widget.ImageView[@content-desc="More options"]</arg>
<doc>Click element identified by `locator`.</doc>
<status status="PASS" start="2025-06-07T16:08:16.432240" elapsed="0.140722"/>
</kw>
<kw name="Wait Until Element Is Visible" owner="AppiumLibrary">
<msg time="2025-06-07T16:08:17.912943" level="INFO">xpath criteria: //android.widget.TextView[@resource-id="de.danoeh.antennapod.debug:id/title" and @text="Lock queue"]
xpath criteria: //android.widget.TextView[@resource-id="de.danoeh.antennapod.debug:id/title" and @text="Lock queue"]</msg>
<arg>xpath=//android.widget.TextView[@resource-id="de.danoeh.antennapod.debug:id/title" and @text="Lock queue"]</arg>
<arg>timeout=10s</arg>
<doc>Waits until element specified with `locator` is visible.</doc>
<status status="PASS" start="2025-06-07T16:08:16.572962" elapsed="1.340979"/>
</kw>
<kw name="Click Element" owner="AppiumLibrary">
<msg time="2025-06-07T16:08:17.913941" level="INFO">Clicking element 'xpath=//android.widget.TextView[@resource-id="de.danoeh.antennapod.debug:id/title" and @text="Lock queue"]'.</msg>
<msg time="2025-06-07T16:08:19.652939" level="INFO">xpath criteria: //android.widget.TextView[@resource-id="de.danoeh.antennapod.debug:id/title" and @text="Lock queue"]</msg>
<arg>xpath=//android.widget.TextView[@resource-id="de.danoeh.antennapod.debug:id/title" and @text="Lock queue"]</arg>
<doc>Click element identified by `locator`.</doc>
<status status="PASS" start="2025-06-07T16:08:17.913941" elapsed="1.738998"/>
</kw>
<kw name="Wait Until Element Is Visible" owner="AppiumLibrary">
<msg time="2025-06-07T16:08:19.691894" level="INFO">xpath criteria: //android.widget.Button[@resource-id="android:id/button1"]</msg>
<arg>xpath=//android.widget.Button[@resource-id="android:id/button1"]</arg>
<arg>timeout=10s</arg>
<doc>Waits until element specified with `locator` is visible.</doc>
<status status="PASS" start="2025-06-07T16:08:19.652939" elapsed="0.038955"/>
</kw>
<kw name="Click Element" owner="AppiumLibrary">
<msg time="2025-06-07T16:08:19.692891" level="INFO">Clicking element 'xpath=//android.widget.Button[@resource-id="android:id/button1"]'.</msg>
<msg time="2025-06-07T16:08:19.785547" level="INFO">xpath criteria: //android.widget.Button[@resource-id="android:id/button1"]</msg>
<arg>xpath=//android.widget.Button[@resource-id="android:id/button1"]</arg>
<doc>Click element identified by `locator`.</doc>
<status status="PASS" start="2025-06-07T16:08:19.691894" elapsed="0.093653"/>
</kw>
<status status="PASS" start="2025-06-07T16:08:15.800243" elapsed="3.985304"/>
</kw>
<kw name="Verify Queue Is Locked" owner="Setup">
<kw name="Page Should Not Contain Element" owner="AppiumLibrary">
<msg time="2025-06-07T16:08:20.100857" level="INFO">Current page not contains element 'id=de.danoeh.antennapod.debug:id/drag_handle'.</msg>
<msg time="2025-06-07T16:08:20.100857" level="INFO">criteria is de.danoeh.antennapod.debug:id/drag_handle</msg>
<arg>id=de.danoeh.antennapod.debug:id/drag_handle</arg>
<doc>Verifies that current page not contains `locator` element.</doc>
<status status="PASS" start="2025-06-07T16:08:19.785547" elapsed="0.316307"/>
</kw>
<status status="PASS" start="2025-06-07T16:08:19.785547" elapsed="0.316307"/>
</kw>
<kw name="Teardown And Clear App" owner="Setup" type="TEARDOWN">
<kw name="Run Process" owner="Process">
<msg time="2025-06-07T16:08:20.101854" level="INFO">Starting process:
adb shell "pm clear de.danoeh.antennapod.debug"</msg>
<msg time="2025-06-07T16:08:20.104856" level="INFO">Waiting for process to complete.</msg>
<msg time="2025-06-07T16:08:20.601459" level="INFO">Process completed.</msg>
<arg>adb</arg>
<arg>shell</arg>
<arg>pm clear ${APP_PACKAGE}</arg>
<doc>Runs a process and waits for it to complete.</doc>
<status status="PASS" start="2025-06-07T16:08:20.101854" elapsed="0.499605"/>
</kw>
<kw name="Sleep" owner="BuiltIn">
<msg time="2025-06-07T16:08:21.602619" level="INFO">Slept 1 second.</msg>
<arg>1s</arg>
<doc>Pauses the test executed for the given time.</doc>
<status status="PASS" start="2025-06-07T16:08:20.601459" elapsed="1.001160"/>
</kw>
<kw name="Close Application" owner="AppiumLibrary">
<doc>Closes the current application and also close webdriver session.</doc>
<status status="PASS" start="2025-06-07T16:08:21.602619" elapsed="0.279167"/>
</kw>
<status status="PASS" start="2025-06-07T16:08:20.101854" elapsed="1.779932"/>
</kw>
<tag>TC-QC-07-01</tag>
<status status="PASS" start="2025-06-07T16:07:47.289019" elapsed="34.592767"/>
</test>
<status status="PASS" start="2025-06-07T16:02:17.227762" elapsed="364.655023"/>
</suite>
<statistics>
<total>
<stat pass="13" fail="0" skip="0">All Tests</stat>
</total>
<tag>
<stat pass="1" fail="0" skip="0">TC-QC-01</stat>
<stat pass="1" fail="0" skip="0">TC-QC-02-01</stat>
<stat pass="1" fail="0" skip="0">TC-QC-02-02</stat>
<stat pass="1" fail="0" skip="0">TC-QC-02-03</stat>
<stat pass="1" fail="0" skip="0">TC-QC-03</stat>
<stat pass="1" fail="0" skip="0">TC-QC-04</stat>
<stat pass="1" fail="0" skip="0">TC-QC-05-01</stat>
<stat pass="1" fail="0" skip="0">TC-QC-05-02</stat>
<stat pass="1" fail="0" skip="0">TC-QC-05-03</stat>
<stat pass="1" fail="0" skip="0">TC-QC-06-01</stat>
<stat pass="1" fail="0" skip="0">TC-QC-06-02</stat>
<stat pass="1" fail="0" skip="0">TC-QC-07-01</stat>
<stat pass="1" fail="0" skip="0">TC-QC-07-02</stat>
</tag>
<suite>
<stat name="UC-QC" id="s1" pass="13" fail="0" skip="0">UC-QC</stat>
</suite>
</statistics>
<errors>
</errors>
</robot>
